2023-11-28 04:43:35: Client = testtest (ID: 200000), DeviceModel = Editor, DeviceGeneration = Editor
2023-11-28 08:27:56: Client = HoaKim (ID: 200003), DeviceModel = iPhone12,1, DeviceGeneration = iPhone11
2023-11-28 09:22:12: Client = testtest (ID: 200000), DeviceModel = Editor, DeviceGeneration = Editor
2023-11-28 09:39:31: Client = testtest (ID: 200000), DeviceModel = Editor, DeviceGeneration = Editor
2023-11-28 10:42:53: Client = testtest (ID: 200000), DeviceModel = Editor, DeviceGeneration = Editor
2023-11-28 10:46:33: Client = testtest (ID: 200000), DeviceModel = Editor, DeviceGeneration = Editor
2023-11-28 14:24:40: Client = testtest (ID: 200000), DeviceModel = Editor, DeviceGeneration = Editor
2023-11-28 15:25:37: Client = testtest (ID: 200000), DeviceModel = Editor, DeviceGeneration = Editor
2023-11-28 15:32:00: Client = testtest (ID: 200000), DeviceModel = Editor, DeviceGeneration = Editor
2023-11-28 15:36:18: Client = testtest (ID: 200000), DeviceModel = Editor, DeviceGeneration = Editor
2023-11-28 16:23:54: Client = testtest (ID: 200000), DeviceModel = Editor, DeviceGeneration = Editor
2023-11-28 16:28:52: Client = testtest (ID: 200000), DeviceModel = Editor, DeviceGeneration = Editor
2023-11-28 16:32:08: Client = testtest (ID: 200000), DeviceModel = Editor, DeviceGeneration = Editor
2023-11-28 16:35:27: Client = sususu (ID: 200001), DeviceModel = Editor, DeviceGeneration = Editor
2023-11-28 16:47:02: Client = sususu (ID: 200001), DeviceModel = Editor, DeviceGeneration = Editor
2023-11-28 19:53:23: Client = <color=#0486dc>[GM]</color> hqngreo (ID: 200004), DeviceModel = iPhone16,2, DeviceGeneration = iPhoneUnknown
2023-11-28 20:38:08: Client = sususu (ID: 200001), DeviceModel = Editor, DeviceGeneration = Editor
2023-11-28 20:46:29: Client = HoaKim (ID: 200003), DeviceModel = iPhone12,1, DeviceGeneration = iPhone11
2023-11-28 20:51:51: Client = HoaKim (ID: 200003), DeviceModel = iPhone12,1, DeviceGeneration = iPhone11
2023-11-28 20:52:37: Client = HoaKim (ID: 200003), DeviceModel = iPhone12,1, DeviceGeneration = iPhone11
2023-11-28 20:53:18: Client = HoaKim (ID: 200003), DeviceModel = iPhone12,1, DeviceGeneration = iPhone11
2023-11-28 20:55:42: Client = HoaKim (ID: 200003), DeviceModel = iPhone12,1, DeviceGeneration = iPhone11
2023-11-28 20:56:23: Client = Newgamee (ID: 200005), DeviceModel = iPhone12,1, DeviceGeneration = iPhone11
2023-11-28 20:58:27: Client = <color=#0486dc>[GM]</color> Xbxjxsjxj (ID: 200006), DeviceModel = iPhone12,1, DeviceGeneration = iPhone11
2023-11-28 21:31:13: Client = testtest (ID: 200000), DeviceModel = Editor, DeviceGeneration = Editor
2023-11-28 21:32:06: Client = sususu (ID: 200001), DeviceModel = Editor, DeviceGeneration = Editor
2023-11-28 21:37:10: Client = sususu (ID: 200001), DeviceModel = Editor, DeviceGeneration = Editor
2023-11-28 21:42:31: Client = sususu (ID: 200001), DeviceModel = Editor, DeviceGeneration = Editor
2023-11-28 21:43:07: Client = sususu (ID: 200001), DeviceModel = Editor, DeviceGeneration = Editor
2023-11-28 21:45:05: Client = sususu (ID: 200001), DeviceModel = Editor, DeviceGeneration = Editor
2023-11-28 21:47:35: Client = sususu (ID: 200001), DeviceModel = Editor, DeviceGeneration = Editor
2023-11-28 21:49:44: Client = sususu (ID: 200001), DeviceModel = Editor, DeviceGeneration = Editor
2023-11-28 21:51:53: Client = questquest (ID: 200007), DeviceModel = Editor, DeviceGeneration = Editor
2023-11-28 22:10:27: Client = questquest (ID: 200007), DeviceModel = Editor, DeviceGeneration = Editor
2023-11-28 22:54:54: Client = questquest (ID: 200007), DeviceModel = Editor, DeviceGeneration = Editor
2023-11-28 23:01:44: Client = questquest (ID: 200007), DeviceModel = Editor, DeviceGeneration = Editor
2023-11-28 23:25:13: Client = testtest (ID: 200000), DeviceModel = Editor, DeviceGeneration = Editor
2023-11-28 23:45:42: Client = HoaKim (ID: 200003), DeviceModel = SM-X806B, DeviceGeneration = SM-X806B
