2023-10-29 01:59:41: ##exception##
System.Net.Sockets.SocketException (0x80004005): No connection could be made because the target machine actively refused it 127.0.0.1:4000

Server stack trace: 
   at System.Net.Sockets.Socket.DoConnect(EndPoint endPointSnapshot, SocketAddress socketAddress)
   at System.Net.Sockets.Socket.Connect(EndPoint remoteEP)
   at System.Runtime.Remoting.Channels.RemoteConnection.CreateNewSocket(EndPoint ipEndPoint)
   at System.Runtime.Remoting.Channels.SocketCache.GetSocket(String machinePortAndSid, Boolean openNew)
   at System.Runtime.Remoting.Channels.Tcp.TcpClientTransportSink.SendRequestWithRetry(IMessage msg, ITransportHeaders requestHeaders, Stream requestStream)
   at System.Runtime.Remoting.Channels.Tcp.TcpClientTransportSink.ProcessMessage(IMessage msg, ITransportHeaders requestHeaders, Stream requestStream, ITransportHeaders& responseHeaders, Stream& responseStream)
   at System.Runtime.Remoting.Channels.BinaryClientFormatterSink.SyncProcessMessage(IMessage msg)

Exception rethrown at [0]: 
   at System.Runtime.Remoting.Proxies.RealProxy.HandleReturnMessage(IMessage reqMsg, IMessage retMsg)
   at System.Runtime.Remoting.Proxies.RealProxy.PrivateInvoke(MessageData& msgData, Int32 type)
   at KF.Contract.Interface.IKuaFuCopyService.InitializeClient(IKuaFuClient callback, KuaFuClientContext clientInfo)
   at KF.Client.KFCopyRpcClient.GetKuaFuService(Boolean noWait) in C:\Users\Administrator\Downloads\Gs_HaoKiemTkim_Open\GameServer\KTGameServer\GameServer\KiemThe\Core\CrossService\KuaFu\KFCopyRpcClient.cs:line 386   at KF.Client.KFCopyRpcClient.TimerProc(Object sender, EventArgs e) in C:\Users\Administrator\Downloads\Gs_HaoKiemTkim_Open\GameServer\KTGameServer\GameServer\KiemThe\Core\CrossService\KuaFu\KFCopyRpcClient.cs:line 296
   at GameServer.Core.Executor.NormalScheduleTask.run() in C:\Users\Administrator\Downloads\Gs_HaoKiemTkim_Open\GameServer\KTGameServer\GameServer\Core\Executor\ScheduleExecutor2.cs:line 37
   at GameServer.Core.Executor.ScheduleExecutor2.OnTimedEvent(Object source) in C:\Users\Administrator\Downloads\Gs_HaoKiemTkim_Open\GameServer\KTGameServer\GameServer\Core\Executor\ScheduleExecutor2.cs:line 131
   at System.Threading.ExecutionContext.RunInternal(ExecutionContext executionContext, ContextCallback callback, Object state, Boolean preserveSyncCtx)
   at System.Threading.ExecutionContext.Run(ExecutionContext executionContext, ContextCallback callback, Object state, Boolean preserveSyncCtx)
   at System.Threading.TimerQueueTimer.CallCallback()
   at System.Threading.TimerQueueTimer.Fire()
   at System.Threading.TimerQueue.FireNextTimers()

2023-10-29 01:59:41: ##exception##
System.Net.Sockets.SocketException (0x80004005): No connection could be made because the target machine actively refused it 127.0.0.1:4000

Server stack trace: 
   at System.Net.Sockets.Socket.DoConnect(EndPoint endPointSnapshot, SocketAddress socketAddress)
   at System.Net.Sockets.Socket.Connect(EndPoint remoteEP)
   at System.Runtime.Remoting.Channels.RemoteConnection.CreateNewSocket(EndPoint ipEndPoint)
   at System.Runtime.Remoting.Channels.SocketCache.GetSocket(String machinePortAndSid, Boolean openNew)
   at System.Runtime.Remoting.Channels.Tcp.TcpClientTransportSink.SendRequestWithRetry(IMessage msg, ITransportHeaders requestHeaders, Stream requestStream)
   at System.Runtime.Remoting.Channels.Tcp.TcpClientTransportSink.ProcessMessage(IMessage msg, ITransportHeaders requestHeaders, Stream requestStream, ITransportHeaders& responseHeaders, Stream& responseStream)
   at System.Runtime.Remoting.Channels.BinaryClientFormatterSink.SyncProcessMessage(IMessage msg)

Exception rethrown at [0]: 
   at System.Runtime.Remoting.Proxies.RealProxy.HandleReturnMessage(IMessage reqMsg, IMessage retMsg)
   at System.Runtime.Remoting.Proxies.RealProxy.PrivateInvoke(MessageData& msgData, Int32 type)
   at KF.Contract.Interface.IYongZheZhanChangService.InitializeClient(IKuaFuClient callback, KuaFuClientContext clientInfo)
   at KF.Client.YongZheZhanChangClient.GetKuaFuService(Boolean noWait) in C:\Users\Administrator\Downloads\Gs_HaoKiemTkim_Open\GameServer\KTGameServer\GameServer\KiemThe\Core\CrossService\YongZheZhanChang\YongZheZhanChangClient.cs:line 318   at KF.Client.YongZheZhanChangClient.TimerProc(Object sender, EventArgs e) in C:\Users\Administrator\Downloads\Gs_HaoKiemTkim_Open\GameServer\KTGameServer\GameServer\KiemThe\Core\CrossService\YongZheZhanChang\YongZheZhanChangClient.cs:line 228
   at GameServer.Core.Executor.NormalScheduleTask.run() in C:\Users\Administrator\Downloads\Gs_HaoKiemTkim_Open\GameServer\KTGameServer\GameServer\Core\Executor\ScheduleExecutor2.cs:line 37
   at GameServer.Core.Executor.ScheduleExecutor2.OnTimedEvent(Object source) in C:\Users\Administrator\Downloads\Gs_HaoKiemTkim_Open\GameServer\KTGameServer\GameServer\Core\Executor\ScheduleExecutor2.cs:line 131
   at System.Threading.ExecutionContext.RunInternal(ExecutionContext executionContext, ContextCallback callback, Object state, Boolean preserveSyncCtx)
   at System.Threading.ExecutionContext.Run(ExecutionContext executionContext, ContextCallback callback, Object state, Boolean preserveSyncCtx)
   at System.Threading.TimerQueueTimer.CallCallback()
   at System.Threading.TimerQueueTimer.Fire()
   at System.Threading.TimerQueue.FireNextTimers()

2023-10-29 02:00:01: ##exception##
System.Net.Sockets.SocketException (0x80004005): No connection could be made because the target machine actively refused it 127.0.0.1:4000

Server stack trace: 
   at System.Net.Sockets.Socket.DoConnect(EndPoint endPointSnapshot, SocketAddress socketAddress)
   at System.Net.Sockets.Socket.Connect(EndPoint remoteEP)
   at System.Runtime.Remoting.Channels.RemoteConnection.CreateNewSocket(EndPoint ipEndPoint)
   at System.Runtime.Remoting.Channels.SocketCache.GetSocket(String machinePortAndSid, Boolean openNew)
   at System.Runtime.Remoting.Channels.Tcp.TcpClientTransportSink.SendRequestWithRetry(IMessage msg, ITransportHeaders requestHeaders, Stream requestStream)
   at System.Runtime.Remoting.Channels.Tcp.TcpClientTransportSink.ProcessMessage(IMessage msg, ITransportHeaders requestHeaders, Stream requestStream, ITransportHeaders& responseHeaders, Stream& responseStream)
   at System.Runtime.Remoting.Channels.BinaryClientFormatterSink.SyncProcessMessage(IMessage msg)

Exception rethrown at [0]: 
   at System.Runtime.Remoting.Proxies.RealProxy.HandleReturnMessage(IMessage reqMsg, IMessage retMsg)
   at System.Runtime.Remoting.Proxies.RealProxy.PrivateInvoke(MessageData& msgData, Int32 type)
   at KF.Contract.Interface.IYongZheZhanChangService.InitializeClient(IKuaFuClient callback, KuaFuClientContext clientInfo)
   at KF.Client.YongZheZhanChangClient.GetKuaFuService(Boolean noWait) in C:\Users\Administrator\Downloads\Gs_HaoKiemTkim_Open\GameServer\KTGameServer\GameServer\KiemThe\Core\CrossService\YongZheZhanChang\YongZheZhanChangClient.cs:line 318   at KF.Client.YongZheZhanChangClient.TimerProc(Object sender, EventArgs e) in C:\Users\Administrator\Downloads\Gs_HaoKiemTkim_Open\GameServer\KTGameServer\GameServer\KiemThe\Core\CrossService\YongZheZhanChang\YongZheZhanChangClient.cs:line 228
   at GameServer.Core.Executor.NormalScheduleTask.run() in C:\Users\Administrator\Downloads\Gs_HaoKiemTkim_Open\GameServer\KTGameServer\GameServer\Core\Executor\ScheduleExecutor2.cs:line 37
   at GameServer.Core.Executor.ScheduleExecutor2.OnTimedEvent(Object source) in C:\Users\Administrator\Downloads\Gs_HaoKiemTkim_Open\GameServer\KTGameServer\GameServer\Core\Executor\ScheduleExecutor2.cs:line 131
   at System.Threading.ExecutionContext.RunInternal(ExecutionContext executionContext, ContextCallback callback, Object state, Boolean preserveSyncCtx)
   at System.Threading.ExecutionContext.Run(ExecutionContext executionContext, ContextCallback callback, Object state, Boolean preserveSyncCtx)
   at System.Threading.TimerQueueTimer.CallCallback()
   at System.Threading.TimerQueueTimer.Fire()
   at System.Threading.TimerQueue.FireNextTimers()

2023-10-29 02:00:02: ##exception##
System.Net.Sockets.SocketException (0x80004005): No connection could be made because the target machine actively refused it 127.0.0.1:4000

Server stack trace: 
   at System.Net.Sockets.Socket.DoConnect(EndPoint endPointSnapshot, SocketAddress socketAddress)
   at System.Net.Sockets.Socket.Connect(EndPoint remoteEP)
   at System.Runtime.Remoting.Channels.RemoteConnection.CreateNewSocket(EndPoint ipEndPoint)
   at System.Runtime.Remoting.Channels.SocketCache.GetSocket(String machinePortAndSid, Boolean openNew)
   at System.Runtime.Remoting.Channels.Tcp.TcpClientTransportSink.SendRequestWithRetry(IMessage msg, ITransportHeaders requestHeaders, Stream requestStream)
   at System.Runtime.Remoting.Channels.Tcp.TcpClientTransportSink.ProcessMessage(IMessage msg, ITransportHeaders requestHeaders, Stream requestStream, ITransportHeaders& responseHeaders, Stream& responseStream)
   at System.Runtime.Remoting.Channels.BinaryClientFormatterSink.SyncProcessMessage(IMessage msg)

Exception rethrown at [0]: 
   at System.Runtime.Remoting.Proxies.RealProxy.HandleReturnMessage(IMessage reqMsg, IMessage retMsg)
   at System.Runtime.Remoting.Proxies.RealProxy.PrivateInvoke(MessageData& msgData, Int32 type)
   at KF.Contract.Interface.IKuaFuCopyService.InitializeClient(IKuaFuClient callback, KuaFuClientContext clientInfo)
   at KF.Client.KFCopyRpcClient.GetKuaFuService(Boolean noWait) in C:\Users\Administrator\Downloads\Gs_HaoKiemTkim_Open\GameServer\KTGameServer\GameServer\KiemThe\Core\CrossService\KuaFu\KFCopyRpcClient.cs:line 386   at KF.Client.KFCopyRpcClient.TimerProc(Object sender, EventArgs e) in C:\Users\Administrator\Downloads\Gs_HaoKiemTkim_Open\GameServer\KTGameServer\GameServer\KiemThe\Core\CrossService\KuaFu\KFCopyRpcClient.cs:line 296
   at GameServer.Core.Executor.NormalScheduleTask.run() in C:\Users\Administrator\Downloads\Gs_HaoKiemTkim_Open\GameServer\KTGameServer\GameServer\Core\Executor\ScheduleExecutor2.cs:line 37
   at GameServer.Core.Executor.ScheduleExecutor2.OnTimedEvent(Object source) in C:\Users\Administrator\Downloads\Gs_HaoKiemTkim_Open\GameServer\KTGameServer\GameServer\Core\Executor\ScheduleExecutor2.cs:line 131
   at System.Threading.ExecutionContext.RunInternal(ExecutionContext executionContext, ContextCallback callback, Object state, Boolean preserveSyncCtx)
   at System.Threading.ExecutionContext.Run(ExecutionContext executionContext, ContextCallback callback, Object state, Boolean preserveSyncCtx)
   at System.Threading.TimerQueueTimer.CallCallback()
   at System.Threading.TimerQueueTimer.Fire()
   at System.Threading.TimerQueue.FireNextTimers()

