2023-11-23 16:17:43: ##exception##
System.Net.Sockets.SocketException (0x80004005): No connection could be made because the target machine actively refused it 127.0.0.1:4000

Server stack trace: 
   at System.Net.Sockets.Socket.DoConnect(EndPoint endPointSnapshot, SocketAddress socketAddress)
   at System.Net.Sockets.Socket.Connect(EndPoint remoteEP)
   at System.Runtime.Remoting.Channels.RemoteConnection.CreateNewSocket(EndPoint ipEndPoint)
   at System.Runtime.Remoting.Channels.SocketCache.GetSocket(String machinePortAndSid, Boolean openNew)
   at System.Runtime.Remoting.Channels.Tcp.TcpClientTransportSink.SendRequestWithRetry(IMessage msg, ITransportHeaders requestHeaders, Stream requestStream)
   at System.Runtime.Remoting.Channels.Tcp.TcpClientTransportSink.ProcessMessage(IMessage msg, ITransportHeaders requestHeaders, Stream requestStream, ITransportHeaders& responseHeaders, Stream& responseStream)
   at System.Runtime.Remoting.Channels.BinaryClientFormatterSink.SyncProcessMessage(IMessage msg)

Exception rethrown at [0]: 
   at System.Runtime.Remoting.Proxies.RealProxy.HandleReturnMessage(IMessage reqMsg, IMessage retMsg)
   at System.Runtime.Remoting.Proxies.RealProxy.PrivateInvoke(MessageData& msgData, Int32 type)
   at KF.Contract.Interface.IKuaFuCopyService.InitializeClient(IKuaFuClient callback, KuaFuClientContext clientInfo)
   at KF.Client.KFCopyRpcClient.GetKuaFuService(Boolean noWait) in C:\Users\Administrator\Downloads\settup\Gs_KT2009Tkim_Open\Gs_KT2009Tkim_Open\GameServer\KTGameServer\GameServer\KiemThe\Core\CrossService\KuaFu\KFCopyRpcClient.cs:line 386   at KF.Client.KFCopyRpcClient.TimerProc(Object sender, EventArgs e) in C:\Users\Administrator\Downloads\settup\Gs_KT2009Tkim_Open\Gs_KT2009Tkim_Open\GameServer\KTGameServer\GameServer\KiemThe\Core\CrossService\KuaFu\KFCopyRpcClient.cs:line 296
   at GameServer.Core.Executor.NormalScheduleTask.run() in C:\Users\Administrator\Downloads\settup\Gs_KT2009Tkim_Open\Gs_KT2009Tkim_Open\GameServer\KTGameServer\GameServer\Core\Executor\ScheduleExecutor2.cs:line 37
   at GameServer.Core.Executor.ScheduleExecutor2.OnTimedEvent(Object source) in C:\Users\Administrator\Downloads\settup\Gs_KT2009Tkim_Open\Gs_KT2009Tkim_Open\GameServer\KTGameServer\GameServer\Core\Executor\ScheduleExecutor2.cs:line 131
   at System.Threading.ExecutionContext.RunInternal(ExecutionContext executionContext, ContextCallback callback, Object state, Boolean preserveSyncCtx)
   at System.Threading.ExecutionContext.Run(ExecutionContext executionContext, ContextCallback callback, Object state, Boolean preserveSyncCtx)
   at System.Threading.TimerQueueTimer.CallCallback()
   at System.Threading.TimerQueueTimer.Fire()
   at System.Threading.TimerQueue.FireNextTimers()

2023-11-23 16:17:44: ##exception##
System.Net.Sockets.SocketException (0x80004005): No connection could be made because the target machine actively refused it 127.0.0.1:4000

Server stack trace: 
   at System.Net.Sockets.Socket.DoConnect(EndPoint endPointSnapshot, SocketAddress socketAddress)
   at System.Net.Sockets.Socket.Connect(EndPoint remoteEP)
   at System.Runtime.Remoting.Channels.RemoteConnection.CreateNewSocket(EndPoint ipEndPoint)
   at System.Runtime.Remoting.Channels.SocketCache.GetSocket(String machinePortAndSid, Boolean openNew)
   at System.Runtime.Remoting.Channels.Tcp.TcpClientTransportSink.SendRequestWithRetry(IMessage msg, ITransportHeaders requestHeaders, Stream requestStream)
   at System.Runtime.Remoting.Channels.Tcp.TcpClientTransportSink.ProcessMessage(IMessage msg, ITransportHeaders requestHeaders, Stream requestStream, ITransportHeaders& responseHeaders, Stream& responseStream)
   at System.Runtime.Remoting.Channels.BinaryClientFormatterSink.SyncProcessMessage(IMessage msg)

Exception rethrown at [0]: 
   at System.Runtime.Remoting.Proxies.RealProxy.HandleReturnMessage(IMessage reqMsg, IMessage retMsg)
   at System.Runtime.Remoting.Proxies.RealProxy.PrivateInvoke(MessageData& msgData, Int32 type)
   at KF.Contract.Interface.IYongZheZhanChangService.InitializeClient(IKuaFuClient callback, KuaFuClientContext clientInfo)
   at KF.Client.YongZheZhanChangClient.GetKuaFuService(Boolean noWait) in C:\Users\Administrator\Downloads\settup\Gs_KT2009Tkim_Open\Gs_KT2009Tkim_Open\GameServer\KTGameServer\GameServer\KiemThe\Core\CrossService\YongZheZhanChang\YongZheZhanChangClient.cs:line 318   at KF.Client.YongZheZhanChangClient.TimerProc(Object sender, EventArgs e) in C:\Users\Administrator\Downloads\settup\Gs_KT2009Tkim_Open\Gs_KT2009Tkim_Open\GameServer\KTGameServer\GameServer\KiemThe\Core\CrossService\YongZheZhanChang\YongZheZhanChangClient.cs:line 228
   at GameServer.Core.Executor.NormalScheduleTask.run() in C:\Users\Administrator\Downloads\settup\Gs_KT2009Tkim_Open\Gs_KT2009Tkim_Open\GameServer\KTGameServer\GameServer\Core\Executor\ScheduleExecutor2.cs:line 37
   at GameServer.Core.Executor.ScheduleExecutor2.OnTimedEvent(Object source) in C:\Users\Administrator\Downloads\settup\Gs_KT2009Tkim_Open\Gs_KT2009Tkim_Open\GameServer\KTGameServer\GameServer\Core\Executor\ScheduleExecutor2.cs:line 131
   at System.Threading.ExecutionContext.RunInternal(ExecutionContext executionContext, ContextCallback callback, Object state, Boolean preserveSyncCtx)
   at System.Threading.ExecutionContext.Run(ExecutionContext executionContext, ContextCallback callback, Object state, Boolean preserveSyncCtx)
   at System.Threading.TimerQueueTimer.CallCallback()
   at System.Threading.TimerQueueTimer.Fire()
   at System.Threading.TimerQueue.FireNextTimers()

2023-11-23 16:31:19: ##exception##
System.Net.Sockets.SocketException (0x80004005): No connection could be made because the target machine actively refused it 127.0.0.1:4000

Server stack trace: 
   at System.Net.Sockets.Socket.DoConnect(EndPoint endPointSnapshot, SocketAddress socketAddress)
   at System.Net.Sockets.Socket.Connect(EndPoint remoteEP)
   at System.Runtime.Remoting.Channels.RemoteConnection.CreateNewSocket(EndPoint ipEndPoint)
   at System.Runtime.Remoting.Channels.SocketCache.GetSocket(String machinePortAndSid, Boolean openNew)
   at System.Runtime.Remoting.Channels.Tcp.TcpClientTransportSink.SendRequestWithRetry(IMessage msg, ITransportHeaders requestHeaders, Stream requestStream)
   at System.Runtime.Remoting.Channels.Tcp.TcpClientTransportSink.ProcessMessage(IMessage msg, ITransportHeaders requestHeaders, Stream requestStream, ITransportHeaders& responseHeaders, Stream& responseStream)
   at System.Runtime.Remoting.Channels.BinaryClientFormatterSink.SyncProcessMessage(IMessage msg)

Exception rethrown at [0]: 
   at System.Runtime.Remoting.Proxies.RealProxy.HandleReturnMessage(IMessage reqMsg, IMessage retMsg)
   at System.Runtime.Remoting.Proxies.RealProxy.PrivateInvoke(MessageData& msgData, Int32 type)
   at KF.Contract.Interface.IYongZheZhanChangService.InitializeClient(IKuaFuClient callback, KuaFuClientContext clientInfo)
   at KF.Client.YongZheZhanChangClient.GetKuaFuService(Boolean noWait) in C:\Users\Administrator\Downloads\settup\Gs_KT2009Tkim_Open\Gs_KT2009Tkim_Open\GameServer\KTGameServer\GameServer\KiemThe\Core\CrossService\YongZheZhanChang\YongZheZhanChangClient.cs:line 318   at KF.Client.YongZheZhanChangClient.TimerProc(Object sender, EventArgs e) in C:\Users\Administrator\Downloads\settup\Gs_KT2009Tkim_Open\Gs_KT2009Tkim_Open\GameServer\KTGameServer\GameServer\KiemThe\Core\CrossService\YongZheZhanChang\YongZheZhanChangClient.cs:line 228
   at GameServer.Core.Executor.NormalScheduleTask.run() in C:\Users\Administrator\Downloads\settup\Gs_KT2009Tkim_Open\Gs_KT2009Tkim_Open\GameServer\KTGameServer\GameServer\Core\Executor\ScheduleExecutor2.cs:line 37
   at GameServer.Core.Executor.ScheduleExecutor2.OnTimedEvent(Object source) in C:\Users\Administrator\Downloads\settup\Gs_KT2009Tkim_Open\Gs_KT2009Tkim_Open\GameServer\KTGameServer\GameServer\Core\Executor\ScheduleExecutor2.cs:line 131
   at System.Threading.ExecutionContext.RunInternal(ExecutionContext executionContext, ContextCallback callback, Object state, Boolean preserveSyncCtx)
   at System.Threading.ExecutionContext.Run(ExecutionContext executionContext, ContextCallback callback, Object state, Boolean preserveSyncCtx)
   at System.Threading.TimerQueueTimer.CallCallback()
   at System.Threading.TimerQueueTimer.Fire()
   at System.Threading.TimerQueue.FireNextTimers()

2023-11-23 16:31:20: ##exception##
System.Net.Sockets.SocketException (0x80004005): No connection could be made because the target machine actively refused it 127.0.0.1:4000

Server stack trace: 
   at System.Net.Sockets.Socket.DoConnect(EndPoint endPointSnapshot, SocketAddress socketAddress)
   at System.Net.Sockets.Socket.Connect(EndPoint remoteEP)
   at System.Runtime.Remoting.Channels.RemoteConnection.CreateNewSocket(EndPoint ipEndPoint)
   at System.Runtime.Remoting.Channels.SocketCache.GetSocket(String machinePortAndSid, Boolean openNew)
   at System.Runtime.Remoting.Channels.Tcp.TcpClientTransportSink.SendRequestWithRetry(IMessage msg, ITransportHeaders requestHeaders, Stream requestStream)
   at System.Runtime.Remoting.Channels.Tcp.TcpClientTransportSink.ProcessMessage(IMessage msg, ITransportHeaders requestHeaders, Stream requestStream, ITransportHeaders& responseHeaders, Stream& responseStream)
   at System.Runtime.Remoting.Channels.BinaryClientFormatterSink.SyncProcessMessage(IMessage msg)

Exception rethrown at [0]: 
   at System.Runtime.Remoting.Proxies.RealProxy.HandleReturnMessage(IMessage reqMsg, IMessage retMsg)
   at System.Runtime.Remoting.Proxies.RealProxy.PrivateInvoke(MessageData& msgData, Int32 type)
   at KF.Contract.Interface.IKuaFuCopyService.InitializeClient(IKuaFuClient callback, KuaFuClientContext clientInfo)
   at KF.Client.KFCopyRpcClient.GetKuaFuService(Boolean noWait) in C:\Users\Administrator\Downloads\settup\Gs_KT2009Tkim_Open\Gs_KT2009Tkim_Open\GameServer\KTGameServer\GameServer\KiemThe\Core\CrossService\KuaFu\KFCopyRpcClient.cs:line 386   at KF.Client.KFCopyRpcClient.TimerProc(Object sender, EventArgs e) in C:\Users\Administrator\Downloads\settup\Gs_KT2009Tkim_Open\Gs_KT2009Tkim_Open\GameServer\KTGameServer\GameServer\KiemThe\Core\CrossService\KuaFu\KFCopyRpcClient.cs:line 296
   at GameServer.Core.Executor.NormalScheduleTask.run() in C:\Users\Administrator\Downloads\settup\Gs_KT2009Tkim_Open\Gs_KT2009Tkim_Open\GameServer\KTGameServer\GameServer\Core\Executor\ScheduleExecutor2.cs:line 37
   at GameServer.Core.Executor.ScheduleExecutor2.OnTimedEvent(Object source) in C:\Users\Administrator\Downloads\settup\Gs_KT2009Tkim_Open\Gs_KT2009Tkim_Open\GameServer\KTGameServer\GameServer\Core\Executor\ScheduleExecutor2.cs:line 131
   at System.Threading.ExecutionContext.RunInternal(ExecutionContext executionContext, ContextCallback callback, Object state, Boolean preserveSyncCtx)
   at System.Threading.ExecutionContext.Run(ExecutionContext executionContext, ContextCallback callback, Object state, Boolean preserveSyncCtx)
   at System.Threading.TimerQueueTimer.CallCallback()
   at System.Threading.TimerQueueTimer.Fire()
   at System.Threading.TimerQueue.FireNextTimers()

2023-11-23 17:00:02: ##exception##
System.Net.Sockets.SocketException (0x80004005): No connection could be made because the target machine actively refused it 127.0.0.1:4000

Server stack trace: 
   at System.Net.Sockets.Socket.DoConnect(EndPoint endPointSnapshot, SocketAddress socketAddress)
   at System.Net.Sockets.Socket.Connect(EndPoint remoteEP)
   at System.Runtime.Remoting.Channels.RemoteConnection.CreateNewSocket(EndPoint ipEndPoint)
   at System.Runtime.Remoting.Channels.SocketCache.GetSocket(String machinePortAndSid, Boolean openNew)
   at System.Runtime.Remoting.Channels.Tcp.TcpClientTransportSink.SendRequestWithRetry(IMessage msg, ITransportHeaders requestHeaders, Stream requestStream)
   at System.Runtime.Remoting.Channels.Tcp.TcpClientTransportSink.ProcessMessage(IMessage msg, ITransportHeaders requestHeaders, Stream requestStream, ITransportHeaders& responseHeaders, Stream& responseStream)
   at System.Runtime.Remoting.Channels.BinaryClientFormatterSink.SyncProcessMessage(IMessage msg)

Exception rethrown at [0]: 
   at System.Runtime.Remoting.Proxies.RealProxy.HandleReturnMessage(IMessage reqMsg, IMessage retMsg)
   at System.Runtime.Remoting.Proxies.RealProxy.PrivateInvoke(MessageData& msgData, Int32 type)
   at KF.Contract.Interface.IKuaFuCopyService.InitializeClient(IKuaFuClient callback, KuaFuClientContext clientInfo)
   at KF.Client.KFCopyRpcClient.GetKuaFuService(Boolean noWait) in C:\Users\Administrator\Downloads\settup\Gs_KT2009Tkim_Open\Gs_KT2009Tkim_Open\GameServer\KTGameServer\GameServer\KiemThe\Core\CrossService\KuaFu\KFCopyRpcClient.cs:line 386   at KF.Client.KFCopyRpcClient.TimerProc(Object sender, EventArgs e) in C:\Users\Administrator\Downloads\settup\Gs_KT2009Tkim_Open\Gs_KT2009Tkim_Open\GameServer\KTGameServer\GameServer\KiemThe\Core\CrossService\KuaFu\KFCopyRpcClient.cs:line 296
   at GameServer.Core.Executor.NormalScheduleTask.run() in C:\Users\Administrator\Downloads\settup\Gs_KT2009Tkim_Open\Gs_KT2009Tkim_Open\GameServer\KTGameServer\GameServer\Core\Executor\ScheduleExecutor2.cs:line 37
   at GameServer.Core.Executor.ScheduleExecutor2.OnTimedEvent(Object source) in C:\Users\Administrator\Downloads\settup\Gs_KT2009Tkim_Open\Gs_KT2009Tkim_Open\GameServer\KTGameServer\GameServer\Core\Executor\ScheduleExecutor2.cs:line 131
   at System.Threading.ExecutionContext.RunInternal(ExecutionContext executionContext, ContextCallback callback, Object state, Boolean preserveSyncCtx)
   at System.Threading.ExecutionContext.Run(ExecutionContext executionContext, ContextCallback callback, Object state, Boolean preserveSyncCtx)
   at System.Threading.TimerQueueTimer.CallCallback()
   at System.Threading.TimerQueueTimer.Fire()
   at System.Threading.TimerQueue.FireNextTimers()

2023-11-23 17:00:04: ##exception##
System.Net.Sockets.SocketException (0x80004005): No connection could be made because the target machine actively refused it 127.0.0.1:4000

Server stack trace: 
   at System.Net.Sockets.Socket.DoConnect(EndPoint endPointSnapshot, SocketAddress socketAddress)
   at System.Net.Sockets.Socket.Connect(EndPoint remoteEP)
   at System.Runtime.Remoting.Channels.RemoteConnection.CreateNewSocket(EndPoint ipEndPoint)
   at System.Runtime.Remoting.Channels.SocketCache.GetSocket(String machinePortAndSid, Boolean openNew)
   at System.Runtime.Remoting.Channels.Tcp.TcpClientTransportSink.SendRequestWithRetry(IMessage msg, ITransportHeaders requestHeaders, Stream requestStream)
   at System.Runtime.Remoting.Channels.Tcp.TcpClientTransportSink.ProcessMessage(IMessage msg, ITransportHeaders requestHeaders, Stream requestStream, ITransportHeaders& responseHeaders, Stream& responseStream)
   at System.Runtime.Remoting.Channels.BinaryClientFormatterSink.SyncProcessMessage(IMessage msg)

Exception rethrown at [0]: 
   at System.Runtime.Remoting.Proxies.RealProxy.HandleReturnMessage(IMessage reqMsg, IMessage retMsg)
   at System.Runtime.Remoting.Proxies.RealProxy.PrivateInvoke(MessageData& msgData, Int32 type)
   at KF.Contract.Interface.IYongZheZhanChangService.InitializeClient(IKuaFuClient callback, KuaFuClientContext clientInfo)
   at KF.Client.YongZheZhanChangClient.GetKuaFuService(Boolean noWait) in C:\Users\Administrator\Downloads\settup\Gs_KT2009Tkim_Open\Gs_KT2009Tkim_Open\GameServer\KTGameServer\GameServer\KiemThe\Core\CrossService\YongZheZhanChang\YongZheZhanChangClient.cs:line 318   at KF.Client.YongZheZhanChangClient.TimerProc(Object sender, EventArgs e) in C:\Users\Administrator\Downloads\settup\Gs_KT2009Tkim_Open\Gs_KT2009Tkim_Open\GameServer\KTGameServer\GameServer\KiemThe\Core\CrossService\YongZheZhanChang\YongZheZhanChangClient.cs:line 228
   at GameServer.Core.Executor.NormalScheduleTask.run() in C:\Users\Administrator\Downloads\settup\Gs_KT2009Tkim_Open\Gs_KT2009Tkim_Open\GameServer\KTGameServer\GameServer\Core\Executor\ScheduleExecutor2.cs:line 37
   at GameServer.Core.Executor.ScheduleExecutor2.OnTimedEvent(Object source) in C:\Users\Administrator\Downloads\settup\Gs_KT2009Tkim_Open\Gs_KT2009Tkim_Open\GameServer\KTGameServer\GameServer\Core\Executor\ScheduleExecutor2.cs:line 131
   at System.Threading.ExecutionContext.RunInternal(ExecutionContext executionContext, ContextCallback callback, Object state, Boolean preserveSyncCtx)
   at System.Threading.ExecutionContext.Run(ExecutionContext executionContext, ContextCallback callback, Object state, Boolean preserveSyncCtx)
   at System.Threading.TimerQueueTimer.CallCallback()
   at System.Threading.TimerQueueTimer.Fire()
   at System.Threading.TimerQueue.FireNextTimers()

2023-11-23 18:00:00: ##exception##
System.Net.Sockets.SocketException (0x80004005): No connection could be made because the target machine actively refused it 127.0.0.1:4000

Server stack trace: 
   at System.Net.Sockets.Socket.DoConnect(EndPoint endPointSnapshot, SocketAddress socketAddress)
   at System.Net.Sockets.Socket.Connect(EndPoint remoteEP)
   at System.Runtime.Remoting.Channels.RemoteConnection.CreateNewSocket(EndPoint ipEndPoint)
   at System.Runtime.Remoting.Channels.SocketCache.GetSocket(String machinePortAndSid, Boolean openNew)
   at System.Runtime.Remoting.Channels.Tcp.TcpClientTransportSink.SendRequestWithRetry(IMessage msg, ITransportHeaders requestHeaders, Stream requestStream)
   at System.Runtime.Remoting.Channels.Tcp.TcpClientTransportSink.ProcessMessage(IMessage msg, ITransportHeaders requestHeaders, Stream requestStream, ITransportHeaders& responseHeaders, Stream& responseStream)
   at System.Runtime.Remoting.Channels.BinaryClientFormatterSink.SyncProcessMessage(IMessage msg)

Exception rethrown at [0]: 
   at System.Runtime.Remoting.Proxies.RealProxy.HandleReturnMessage(IMessage reqMsg, IMessage retMsg)
   at System.Runtime.Remoting.Proxies.RealProxy.PrivateInvoke(MessageData& msgData, Int32 type)
   at KF.Contract.Interface.IKuaFuCopyService.InitializeClient(IKuaFuClient callback, KuaFuClientContext clientInfo)
   at KF.Client.KFCopyRpcClient.GetKuaFuService(Boolean noWait) in C:\Users\Administrator\Downloads\settup\Gs_KT2009Tkim_Open\Gs_KT2009Tkim_Open\GameServer\KTGameServer\GameServer\KiemThe\Core\CrossService\KuaFu\KFCopyRpcClient.cs:line 386   at KF.Client.KFCopyRpcClient.TimerProc(Object sender, EventArgs e) in C:\Users\Administrator\Downloads\settup\Gs_KT2009Tkim_Open\Gs_KT2009Tkim_Open\GameServer\KTGameServer\GameServer\KiemThe\Core\CrossService\KuaFu\KFCopyRpcClient.cs:line 296
   at GameServer.Core.Executor.NormalScheduleTask.run() in C:\Users\Administrator\Downloads\settup\Gs_KT2009Tkim_Open\Gs_KT2009Tkim_Open\GameServer\KTGameServer\GameServer\Core\Executor\ScheduleExecutor2.cs:line 37
   at GameServer.Core.Executor.ScheduleExecutor2.OnTimedEvent(Object source) in C:\Users\Administrator\Downloads\settup\Gs_KT2009Tkim_Open\Gs_KT2009Tkim_Open\GameServer\KTGameServer\GameServer\Core\Executor\ScheduleExecutor2.cs:line 131
   at System.Threading.ExecutionContext.RunInternal(ExecutionContext executionContext, ContextCallback callback, Object state, Boolean preserveSyncCtx)
   at System.Threading.ExecutionContext.Run(ExecutionContext executionContext, ContextCallback callback, Object state, Boolean preserveSyncCtx)
   at System.Threading.TimerQueueTimer.CallCallback()
   at System.Threading.TimerQueueTimer.Fire()
   at System.Threading.TimerQueue.FireNextTimers()

2023-11-23 18:00:03: ##exception##
System.Net.Sockets.SocketException (0x80004005): No connection could be made because the target machine actively refused it 127.0.0.1:4000

Server stack trace: 
   at System.Net.Sockets.Socket.DoConnect(EndPoint endPointSnapshot, SocketAddress socketAddress)
   at System.Net.Sockets.Socket.Connect(EndPoint remoteEP)
   at System.Runtime.Remoting.Channels.RemoteConnection.CreateNewSocket(EndPoint ipEndPoint)
   at System.Runtime.Remoting.Channels.SocketCache.GetSocket(String machinePortAndSid, Boolean openNew)
   at System.Runtime.Remoting.Channels.Tcp.TcpClientTransportSink.SendRequestWithRetry(IMessage msg, ITransportHeaders requestHeaders, Stream requestStream)
   at System.Runtime.Remoting.Channels.Tcp.TcpClientTransportSink.ProcessMessage(IMessage msg, ITransportHeaders requestHeaders, Stream requestStream, ITransportHeaders& responseHeaders, Stream& responseStream)
   at System.Runtime.Remoting.Channels.BinaryClientFormatterSink.SyncProcessMessage(IMessage msg)

Exception rethrown at [0]: 
   at System.Runtime.Remoting.Proxies.RealProxy.HandleReturnMessage(IMessage reqMsg, IMessage retMsg)
   at System.Runtime.Remoting.Proxies.RealProxy.PrivateInvoke(MessageData& msgData, Int32 type)
   at KF.Contract.Interface.IYongZheZhanChangService.InitializeClient(IKuaFuClient callback, KuaFuClientContext clientInfo)
   at KF.Client.YongZheZhanChangClient.GetKuaFuService(Boolean noWait) in C:\Users\Administrator\Downloads\settup\Gs_KT2009Tkim_Open\Gs_KT2009Tkim_Open\GameServer\KTGameServer\GameServer\KiemThe\Core\CrossService\YongZheZhanChang\YongZheZhanChangClient.cs:line 318   at KF.Client.YongZheZhanChangClient.TimerProc(Object sender, EventArgs e) in C:\Users\Administrator\Downloads\settup\Gs_KT2009Tkim_Open\Gs_KT2009Tkim_Open\GameServer\KTGameServer\GameServer\KiemThe\Core\CrossService\YongZheZhanChang\YongZheZhanChangClient.cs:line 228
   at GameServer.Core.Executor.NormalScheduleTask.run() in C:\Users\Administrator\Downloads\settup\Gs_KT2009Tkim_Open\Gs_KT2009Tkim_Open\GameServer\KTGameServer\GameServer\Core\Executor\ScheduleExecutor2.cs:line 37
   at GameServer.Core.Executor.ScheduleExecutor2.OnTimedEvent(Object source) in C:\Users\Administrator\Downloads\settup\Gs_KT2009Tkim_Open\Gs_KT2009Tkim_Open\GameServer\KTGameServer\GameServer\Core\Executor\ScheduleExecutor2.cs:line 131
   at System.Threading.ExecutionContext.RunInternal(ExecutionContext executionContext, ContextCallback callback, Object state, Boolean preserveSyncCtx)
   at System.Threading.ExecutionContext.Run(ExecutionContext executionContext, ContextCallback callback, Object state, Boolean preserveSyncCtx)
   at System.Threading.TimerQueueTimer.CallCallback()
   at System.Threading.TimerQueueTimer.Fire()
   at System.Threading.TimerQueue.FireNextTimers()

2023-11-23 18:12:44: ##exception##
System.Net.Sockets.SocketException (0x80004005): No connection could be made because the target machine actively refused it 127.0.0.1:4000

Server stack trace: 
   at System.Net.Sockets.Socket.DoConnect(EndPoint endPointSnapshot, SocketAddress socketAddress)
   at System.Net.Sockets.Socket.Connect(EndPoint remoteEP)
   at System.Runtime.Remoting.Channels.RemoteConnection.CreateNewSocket(EndPoint ipEndPoint)
   at System.Runtime.Remoting.Channels.SocketCache.GetSocket(String machinePortAndSid, Boolean openNew)
   at System.Runtime.Remoting.Channels.Tcp.TcpClientTransportSink.SendRequestWithRetry(IMessage msg, ITransportHeaders requestHeaders, Stream requestStream)
   at System.Runtime.Remoting.Channels.Tcp.TcpClientTransportSink.ProcessMessage(IMessage msg, ITransportHeaders requestHeaders, Stream requestStream, ITransportHeaders& responseHeaders, Stream& responseStream)
   at System.Runtime.Remoting.Channels.BinaryClientFormatterSink.SyncProcessMessage(IMessage msg)

Exception rethrown at [0]: 
   at System.Runtime.Remoting.Proxies.RealProxy.HandleReturnMessage(IMessage reqMsg, IMessage retMsg)
   at System.Runtime.Remoting.Proxies.RealProxy.PrivateInvoke(MessageData& msgData, Int32 type)
   at KF.Contract.Interface.IKuaFuCopyService.InitializeClient(IKuaFuClient callback, KuaFuClientContext clientInfo)
   at KF.Client.KFCopyRpcClient.GetKuaFuService(Boolean noWait) in C:\Users\Administrator\Downloads\settup\Gs_KT2009Tkim_Open\Gs_KT2009Tkim_Open\GameServer\KTGameServer\GameServer\KiemThe\Core\CrossService\KuaFu\KFCopyRpcClient.cs:line 386   at KF.Client.KFCopyRpcClient.TimerProc(Object sender, EventArgs e) in C:\Users\Administrator\Downloads\settup\Gs_KT2009Tkim_Open\Gs_KT2009Tkim_Open\GameServer\KTGameServer\GameServer\KiemThe\Core\CrossService\KuaFu\KFCopyRpcClient.cs:line 296
   at GameServer.Core.Executor.NormalScheduleTask.run() in C:\Users\Administrator\Downloads\settup\Gs_KT2009Tkim_Open\Gs_KT2009Tkim_Open\GameServer\KTGameServer\GameServer\Core\Executor\ScheduleExecutor2.cs:line 37
   at GameServer.Core.Executor.ScheduleExecutor2.OnTimedEvent(Object source) in C:\Users\Administrator\Downloads\settup\Gs_KT2009Tkim_Open\Gs_KT2009Tkim_Open\GameServer\KTGameServer\GameServer\Core\Executor\ScheduleExecutor2.cs:line 131
   at System.Threading.ExecutionContext.RunInternal(ExecutionContext executionContext, ContextCallback callback, Object state, Boolean preserveSyncCtx)
   at System.Threading.ExecutionContext.Run(ExecutionContext executionContext, ContextCallback callback, Object state, Boolean preserveSyncCtx)
   at System.Threading.TimerQueueTimer.CallCallback()
   at System.Threading.TimerQueueTimer.Fire()
   at System.Threading.QueueUserWorkItemCallback.System.Threading.IThreadPoolWorkItem.ExecuteWorkItem()
   at System.Threading.ThreadPoolWorkQueue.Dispatch()

2023-11-23 18:12:45: ##exception##
System.Net.Sockets.SocketException (0x80004005): No connection could be made because the target machine actively refused it 127.0.0.1:4000

Server stack trace: 
   at System.Net.Sockets.Socket.DoConnect(EndPoint endPointSnapshot, SocketAddress socketAddress)
   at System.Net.Sockets.Socket.Connect(EndPoint remoteEP)
   at System.Runtime.Remoting.Channels.RemoteConnection.CreateNewSocket(EndPoint ipEndPoint)
   at System.Runtime.Remoting.Channels.SocketCache.GetSocket(String machinePortAndSid, Boolean openNew)
   at System.Runtime.Remoting.Channels.Tcp.TcpClientTransportSink.SendRequestWithRetry(IMessage msg, ITransportHeaders requestHeaders, Stream requestStream)
   at System.Runtime.Remoting.Channels.Tcp.TcpClientTransportSink.ProcessMessage(IMessage msg, ITransportHeaders requestHeaders, Stream requestStream, ITransportHeaders& responseHeaders, Stream& responseStream)
   at System.Runtime.Remoting.Channels.BinaryClientFormatterSink.SyncProcessMessage(IMessage msg)

Exception rethrown at [0]: 
   at System.Runtime.Remoting.Proxies.RealProxy.HandleReturnMessage(IMessage reqMsg, IMessage retMsg)
   at System.Runtime.Remoting.Proxies.RealProxy.PrivateInvoke(MessageData& msgData, Int32 type)
   at KF.Contract.Interface.IYongZheZhanChangService.InitializeClient(IKuaFuClient callback, KuaFuClientContext clientInfo)
   at KF.Client.YongZheZhanChangClient.GetKuaFuService(Boolean noWait) in C:\Users\Administrator\Downloads\settup\Gs_KT2009Tkim_Open\Gs_KT2009Tkim_Open\GameServer\KTGameServer\GameServer\KiemThe\Core\CrossService\YongZheZhanChang\YongZheZhanChangClient.cs:line 318   at KF.Client.YongZheZhanChangClient.TimerProc(Object sender, EventArgs e) in C:\Users\Administrator\Downloads\settup\Gs_KT2009Tkim_Open\Gs_KT2009Tkim_Open\GameServer\KTGameServer\GameServer\KiemThe\Core\CrossService\YongZheZhanChang\YongZheZhanChangClient.cs:line 228
   at GameServer.Core.Executor.NormalScheduleTask.run() in C:\Users\Administrator\Downloads\settup\Gs_KT2009Tkim_Open\Gs_KT2009Tkim_Open\GameServer\KTGameServer\GameServer\Core\Executor\ScheduleExecutor2.cs:line 37
   at GameServer.Core.Executor.ScheduleExecutor2.OnTimedEvent(Object source) in C:\Users\Administrator\Downloads\settup\Gs_KT2009Tkim_Open\Gs_KT2009Tkim_Open\GameServer\KTGameServer\GameServer\Core\Executor\ScheduleExecutor2.cs:line 131
   at System.Threading.ExecutionContext.RunInternal(ExecutionContext executionContext, ContextCallback callback, Object state, Boolean preserveSyncCtx)
   at System.Threading.ExecutionContext.Run(ExecutionContext executionContext, ContextCallback callback, Object state, Boolean preserveSyncCtx)
   at System.Threading.TimerQueueTimer.CallCallback()
   at System.Threading.TimerQueueTimer.Fire()
   at System.Threading.QueueUserWorkItemCallback.System.Threading.IThreadPoolWorkItem.ExecuteWorkItem()
   at System.Threading.ThreadPoolWorkQueue.Dispatch()

2023-11-23 18:24:27: ##exception##
System.Net.Sockets.SocketException (0x80004005): No connection could be made because the target machine actively refused it 127.0.0.1:4000

Server stack trace: 
   at System.Net.Sockets.Socket.DoConnect(EndPoint endPointSnapshot, SocketAddress socketAddress)
   at System.Net.Sockets.Socket.Connect(EndPoint remoteEP)
   at System.Runtime.Remoting.Channels.RemoteConnection.CreateNewSocket(EndPoint ipEndPoint)
   at System.Runtime.Remoting.Channels.SocketCache.GetSocket(String machinePortAndSid, Boolean openNew)
   at System.Runtime.Remoting.Channels.Tcp.TcpClientTransportSink.SendRequestWithRetry(IMessage msg, ITransportHeaders requestHeaders, Stream requestStream)
   at System.Runtime.Remoting.Channels.Tcp.TcpClientTransportSink.ProcessMessage(IMessage msg, ITransportHeaders requestHeaders, Stream requestStream, ITransportHeaders& responseHeaders, Stream& responseStream)
   at System.Runtime.Remoting.Channels.BinaryClientFormatterSink.SyncProcessMessage(IMessage msg)

Exception rethrown at [0]: 
   at System.Runtime.Remoting.Proxies.RealProxy.HandleReturnMessage(IMessage reqMsg, IMessage retMsg)
   at System.Runtime.Remoting.Proxies.RealProxy.PrivateInvoke(MessageData& msgData, Int32 type)
   at KF.Contract.Interface.IYongZheZhanChangService.InitializeClient(IKuaFuClient callback, KuaFuClientContext clientInfo)
   at KF.Client.YongZheZhanChangClient.GetKuaFuService(Boolean noWait) in C:\Users\Administrator\Downloads\settup\Gs_KT2009Tkim_Open\Gs_KT2009Tkim_Open\GameServer\KTGameServer\GameServer\KiemThe\Core\CrossService\YongZheZhanChang\YongZheZhanChangClient.cs:line 318   at KF.Client.YongZheZhanChangClient.TimerProc(Object sender, EventArgs e) in C:\Users\Administrator\Downloads\settup\Gs_KT2009Tkim_Open\Gs_KT2009Tkim_Open\GameServer\KTGameServer\GameServer\KiemThe\Core\CrossService\YongZheZhanChang\YongZheZhanChangClient.cs:line 228
   at GameServer.Core.Executor.NormalScheduleTask.run() in C:\Users\Administrator\Downloads\settup\Gs_KT2009Tkim_Open\Gs_KT2009Tkim_Open\GameServer\KTGameServer\GameServer\Core\Executor\ScheduleExecutor2.cs:line 37
   at GameServer.Core.Executor.ScheduleExecutor2.OnTimedEvent(Object source) in C:\Users\Administrator\Downloads\settup\Gs_KT2009Tkim_Open\Gs_KT2009Tkim_Open\GameServer\KTGameServer\GameServer\Core\Executor\ScheduleExecutor2.cs:line 131
   at System.Threading.ExecutionContext.RunInternal(ExecutionContext executionContext, ContextCallback callback, Object state, Boolean preserveSyncCtx)
   at System.Threading.ExecutionContext.Run(ExecutionContext executionContext, ContextCallback callback, Object state, Boolean preserveSyncCtx)
   at System.Threading.TimerQueueTimer.CallCallback()
   at System.Threading.TimerQueueTimer.Fire()
   at System.Threading.TimerQueue.FireNextTimers()

2023-11-23 18:24:28: ##exception##
System.Net.Sockets.SocketException (0x80004005): No connection could be made because the target machine actively refused it 127.0.0.1:4000

Server stack trace: 
   at System.Net.Sockets.Socket.DoConnect(EndPoint endPointSnapshot, SocketAddress socketAddress)
   at System.Net.Sockets.Socket.Connect(EndPoint remoteEP)
   at System.Runtime.Remoting.Channels.RemoteConnection.CreateNewSocket(EndPoint ipEndPoint)
   at System.Runtime.Remoting.Channels.SocketCache.GetSocket(String machinePortAndSid, Boolean openNew)
   at System.Runtime.Remoting.Channels.Tcp.TcpClientTransportSink.SendRequestWithRetry(IMessage msg, ITransportHeaders requestHeaders, Stream requestStream)
   at System.Runtime.Remoting.Channels.Tcp.TcpClientTransportSink.ProcessMessage(IMessage msg, ITransportHeaders requestHeaders, Stream requestStream, ITransportHeaders& responseHeaders, Stream& responseStream)
   at System.Runtime.Remoting.Channels.BinaryClientFormatterSink.SyncProcessMessage(IMessage msg)

Exception rethrown at [0]: 
   at System.Runtime.Remoting.Proxies.RealProxy.HandleReturnMessage(IMessage reqMsg, IMessage retMsg)
   at System.Runtime.Remoting.Proxies.RealProxy.PrivateInvoke(MessageData& msgData, Int32 type)
   at KF.Contract.Interface.IKuaFuCopyService.InitializeClient(IKuaFuClient callback, KuaFuClientContext clientInfo)
   at KF.Client.KFCopyRpcClient.GetKuaFuService(Boolean noWait) in C:\Users\Administrator\Downloads\settup\Gs_KT2009Tkim_Open\Gs_KT2009Tkim_Open\GameServer\KTGameServer\GameServer\KiemThe\Core\CrossService\KuaFu\KFCopyRpcClient.cs:line 386   at KF.Client.KFCopyRpcClient.TimerProc(Object sender, EventArgs e) in C:\Users\Administrator\Downloads\settup\Gs_KT2009Tkim_Open\Gs_KT2009Tkim_Open\GameServer\KTGameServer\GameServer\KiemThe\Core\CrossService\KuaFu\KFCopyRpcClient.cs:line 296
   at GameServer.Core.Executor.NormalScheduleTask.run() in C:\Users\Administrator\Downloads\settup\Gs_KT2009Tkim_Open\Gs_KT2009Tkim_Open\GameServer\KTGameServer\GameServer\Core\Executor\ScheduleExecutor2.cs:line 37
   at GameServer.Core.Executor.ScheduleExecutor2.OnTimedEvent(Object source) in C:\Users\Administrator\Downloads\settup\Gs_KT2009Tkim_Open\Gs_KT2009Tkim_Open\GameServer\KTGameServer\GameServer\Core\Executor\ScheduleExecutor2.cs:line 131
   at System.Threading.ExecutionContext.RunInternal(ExecutionContext executionContext, ContextCallback callback, Object state, Boolean preserveSyncCtx)
   at System.Threading.ExecutionContext.Run(ExecutionContext executionContext, ContextCallback callback, Object state, Boolean preserveSyncCtx)
   at System.Threading.TimerQueueTimer.CallCallback()
   at System.Threading.TimerQueueTimer.Fire()
   at System.Threading.TimerQueue.FireNextTimers()

2023-11-23 18:51:59: ##exception##
System.Net.Sockets.SocketException (0x80004005): No connection could be made because the target machine actively refused it 127.0.0.1:4000

Server stack trace: 
   at System.Net.Sockets.Socket.DoConnect(EndPoint endPointSnapshot, SocketAddress socketAddress)
   at System.Net.Sockets.Socket.Connect(EndPoint remoteEP)
   at System.Runtime.Remoting.Channels.RemoteConnection.CreateNewSocket(EndPoint ipEndPoint)
   at System.Runtime.Remoting.Channels.SocketCache.GetSocket(String machinePortAndSid, Boolean openNew)
   at System.Runtime.Remoting.Channels.Tcp.TcpClientTransportSink.SendRequestWithRetry(IMessage msg, ITransportHeaders requestHeaders, Stream requestStream)
   at System.Runtime.Remoting.Channels.Tcp.TcpClientTransportSink.ProcessMessage(IMessage msg, ITransportHeaders requestHeaders, Stream requestStream, ITransportHeaders& responseHeaders, Stream& responseStream)
   at System.Runtime.Remoting.Channels.BinaryClientFormatterSink.SyncProcessMessage(IMessage msg)

Exception rethrown at [0]: 
   at System.Runtime.Remoting.Proxies.RealProxy.HandleReturnMessage(IMessage reqMsg, IMessage retMsg)
   at System.Runtime.Remoting.Proxies.RealProxy.PrivateInvoke(MessageData& msgData, Int32 type)
   at KF.Contract.Interface.IKuaFuCopyService.InitializeClient(IKuaFuClient callback, KuaFuClientContext clientInfo)
   at KF.Client.KFCopyRpcClient.GetKuaFuService(Boolean noWait) in C:\Users\Administrator\Downloads\settup\Gs_KT2009Tkim_Open\Gs_KT2009Tkim_Open\GameServer\KTGameServer\GameServer\KiemThe\Core\CrossService\KuaFu\KFCopyRpcClient.cs:line 386   at KF.Client.KFCopyRpcClient.TimerProc(Object sender, EventArgs e) in C:\Users\Administrator\Downloads\settup\Gs_KT2009Tkim_Open\Gs_KT2009Tkim_Open\GameServer\KTGameServer\GameServer\KiemThe\Core\CrossService\KuaFu\KFCopyRpcClient.cs:line 296
   at GameServer.Core.Executor.NormalScheduleTask.run() in C:\Users\Administrator\Downloads\settup\Gs_KT2009Tkim_Open\Gs_KT2009Tkim_Open\GameServer\KTGameServer\GameServer\Core\Executor\ScheduleExecutor2.cs:line 37
   at GameServer.Core.Executor.ScheduleExecutor2.OnTimedEvent(Object source) in C:\Users\Administrator\Downloads\settup\Gs_KT2009Tkim_Open\Gs_KT2009Tkim_Open\GameServer\KTGameServer\GameServer\Core\Executor\ScheduleExecutor2.cs:line 131
   at System.Threading.ExecutionContext.RunInternal(ExecutionContext executionContext, ContextCallback callback, Object state, Boolean preserveSyncCtx)
   at System.Threading.ExecutionContext.Run(ExecutionContext executionContext, ContextCallback callback, Object state, Boolean preserveSyncCtx)
   at System.Threading.TimerQueueTimer.CallCallback()
   at System.Threading.TimerQueueTimer.Fire()
   at System.Threading.TimerQueue.FireNextTimers()

2023-11-23 18:52:00: ##exception##
System.Net.Sockets.SocketException (0x80004005): No connection could be made because the target machine actively refused it 127.0.0.1:4000

Server stack trace: 
   at System.Net.Sockets.Socket.DoConnect(EndPoint endPointSnapshot, SocketAddress socketAddress)
   at System.Net.Sockets.Socket.Connect(EndPoint remoteEP)
   at System.Runtime.Remoting.Channels.RemoteConnection.CreateNewSocket(EndPoint ipEndPoint)
   at System.Runtime.Remoting.Channels.SocketCache.GetSocket(String machinePortAndSid, Boolean openNew)
   at System.Runtime.Remoting.Channels.Tcp.TcpClientTransportSink.SendRequestWithRetry(IMessage msg, ITransportHeaders requestHeaders, Stream requestStream)
   at System.Runtime.Remoting.Channels.Tcp.TcpClientTransportSink.ProcessMessage(IMessage msg, ITransportHeaders requestHeaders, Stream requestStream, ITransportHeaders& responseHeaders, Stream& responseStream)
   at System.Runtime.Remoting.Channels.BinaryClientFormatterSink.SyncProcessMessage(IMessage msg)

Exception rethrown at [0]: 
   at System.Runtime.Remoting.Proxies.RealProxy.HandleReturnMessage(IMessage reqMsg, IMessage retMsg)
   at System.Runtime.Remoting.Proxies.RealProxy.PrivateInvoke(MessageData& msgData, Int32 type)
   at KF.Contract.Interface.IYongZheZhanChangService.InitializeClient(IKuaFuClient callback, KuaFuClientContext clientInfo)
   at KF.Client.YongZheZhanChangClient.GetKuaFuService(Boolean noWait) in C:\Users\Administrator\Downloads\settup\Gs_KT2009Tkim_Open\Gs_KT2009Tkim_Open\GameServer\KTGameServer\GameServer\KiemThe\Core\CrossService\YongZheZhanChang\YongZheZhanChangClient.cs:line 318   at KF.Client.YongZheZhanChangClient.TimerProc(Object sender, EventArgs e) in C:\Users\Administrator\Downloads\settup\Gs_KT2009Tkim_Open\Gs_KT2009Tkim_Open\GameServer\KTGameServer\GameServer\KiemThe\Core\CrossService\YongZheZhanChang\YongZheZhanChangClient.cs:line 228
   at GameServer.Core.Executor.NormalScheduleTask.run() in C:\Users\Administrator\Downloads\settup\Gs_KT2009Tkim_Open\Gs_KT2009Tkim_Open\GameServer\KTGameServer\GameServer\Core\Executor\ScheduleExecutor2.cs:line 37
   at GameServer.Core.Executor.ScheduleExecutor2.OnTimedEvent(Object source) in C:\Users\Administrator\Downloads\settup\Gs_KT2009Tkim_Open\Gs_KT2009Tkim_Open\GameServer\KTGameServer\GameServer\Core\Executor\ScheduleExecutor2.cs:line 131
   at System.Threading.ExecutionContext.RunInternal(ExecutionContext executionContext, ContextCallback callback, Object state, Boolean preserveSyncCtx)
   at System.Threading.ExecutionContext.Run(ExecutionContext executionContext, ContextCallback callback, Object state, Boolean preserveSyncCtx)
   at System.Threading.TimerQueueTimer.CallCallback()
   at System.Threading.TimerQueueTimer.Fire()
   at System.Threading.TimerQueue.FireNextTimers()

2023-11-23 19:00:00: ##exception##
System.Net.Sockets.SocketException (0x80004005): No connection could be made because the target machine actively refused it 127.0.0.1:4000

Server stack trace: 
   at System.Net.Sockets.Socket.DoConnect(EndPoint endPointSnapshot, SocketAddress socketAddress)
   at System.Net.Sockets.Socket.Connect(EndPoint remoteEP)
   at System.Runtime.Remoting.Channels.RemoteConnection.CreateNewSocket(EndPoint ipEndPoint)
   at System.Runtime.Remoting.Channels.SocketCache.GetSocket(String machinePortAndSid, Boolean openNew)
   at System.Runtime.Remoting.Channels.Tcp.TcpClientTransportSink.SendRequestWithRetry(IMessage msg, ITransportHeaders requestHeaders, Stream requestStream)
   at System.Runtime.Remoting.Channels.Tcp.TcpClientTransportSink.ProcessMessage(IMessage msg, ITransportHeaders requestHeaders, Stream requestStream, ITransportHeaders& responseHeaders, Stream& responseStream)
   at System.Runtime.Remoting.Channels.BinaryClientFormatterSink.SyncProcessMessage(IMessage msg)

Exception rethrown at [0]: 
   at System.Runtime.Remoting.Proxies.RealProxy.HandleReturnMessage(IMessage reqMsg, IMessage retMsg)
   at System.Runtime.Remoting.Proxies.RealProxy.PrivateInvoke(MessageData& msgData, Int32 type)
   at KF.Contract.Interface.IKuaFuCopyService.InitializeClient(IKuaFuClient callback, KuaFuClientContext clientInfo)
   at KF.Client.KFCopyRpcClient.GetKuaFuService(Boolean noWait) in C:\Users\Administrator\Downloads\settup\Gs_KT2009Tkim_Open\Gs_KT2009Tkim_Open\GameServer\KTGameServer\GameServer\KiemThe\Core\CrossService\KuaFu\KFCopyRpcClient.cs:line 386   at KF.Client.KFCopyRpcClient.TimerProc(Object sender, EventArgs e) in C:\Users\Administrator\Downloads\settup\Gs_KT2009Tkim_Open\Gs_KT2009Tkim_Open\GameServer\KTGameServer\GameServer\KiemThe\Core\CrossService\KuaFu\KFCopyRpcClient.cs:line 296
   at GameServer.Core.Executor.NormalScheduleTask.run() in C:\Users\Administrator\Downloads\settup\Gs_KT2009Tkim_Open\Gs_KT2009Tkim_Open\GameServer\KTGameServer\GameServer\Core\Executor\ScheduleExecutor2.cs:line 37
   at GameServer.Core.Executor.ScheduleExecutor2.OnTimedEvent(Object source) in C:\Users\Administrator\Downloads\settup\Gs_KT2009Tkim_Open\Gs_KT2009Tkim_Open\GameServer\KTGameServer\GameServer\Core\Executor\ScheduleExecutor2.cs:line 131
   at System.Threading.ExecutionContext.RunInternal(ExecutionContext executionContext, ContextCallback callback, Object state, Boolean preserveSyncCtx)
   at System.Threading.ExecutionContext.Run(ExecutionContext executionContext, ContextCallback callback, Object state, Boolean preserveSyncCtx)
   at System.Threading.TimerQueueTimer.CallCallback()
   at System.Threading.TimerQueueTimer.Fire()
   at System.Threading.TimerQueue.FireNextTimers()

2023-11-23 19:00:02: ##exception##
System.Net.Sockets.SocketException (0x80004005): No connection could be made because the target machine actively refused it 127.0.0.1:4000

Server stack trace: 
   at System.Net.Sockets.Socket.DoConnect(EndPoint endPointSnapshot, SocketAddress socketAddress)
   at System.Net.Sockets.Socket.Connect(EndPoint remoteEP)
   at System.Runtime.Remoting.Channels.RemoteConnection.CreateNewSocket(EndPoint ipEndPoint)
   at System.Runtime.Remoting.Channels.SocketCache.GetSocket(String machinePortAndSid, Boolean openNew)
   at System.Runtime.Remoting.Channels.Tcp.TcpClientTransportSink.SendRequestWithRetry(IMessage msg, ITransportHeaders requestHeaders, Stream requestStream)
   at System.Runtime.Remoting.Channels.Tcp.TcpClientTransportSink.ProcessMessage(IMessage msg, ITransportHeaders requestHeaders, Stream requestStream, ITransportHeaders& responseHeaders, Stream& responseStream)
   at System.Runtime.Remoting.Channels.BinaryClientFormatterSink.SyncProcessMessage(IMessage msg)

Exception rethrown at [0]: 
   at System.Runtime.Remoting.Proxies.RealProxy.HandleReturnMessage(IMessage reqMsg, IMessage retMsg)
   at System.Runtime.Remoting.Proxies.RealProxy.PrivateInvoke(MessageData& msgData, Int32 type)
   at KF.Contract.Interface.IYongZheZhanChangService.InitializeClient(IKuaFuClient callback, KuaFuClientContext clientInfo)
   at KF.Client.YongZheZhanChangClient.GetKuaFuService(Boolean noWait) in C:\Users\Administrator\Downloads\settup\Gs_KT2009Tkim_Open\Gs_KT2009Tkim_Open\GameServer\KTGameServer\GameServer\KiemThe\Core\CrossService\YongZheZhanChang\YongZheZhanChangClient.cs:line 318   at KF.Client.YongZheZhanChangClient.TimerProc(Object sender, EventArgs e) in C:\Users\Administrator\Downloads\settup\Gs_KT2009Tkim_Open\Gs_KT2009Tkim_Open\GameServer\KTGameServer\GameServer\KiemThe\Core\CrossService\YongZheZhanChang\YongZheZhanChangClient.cs:line 228
   at GameServer.Core.Executor.NormalScheduleTask.run() in C:\Users\Administrator\Downloads\settup\Gs_KT2009Tkim_Open\Gs_KT2009Tkim_Open\GameServer\KTGameServer\GameServer\Core\Executor\ScheduleExecutor2.cs:line 37
   at GameServer.Core.Executor.ScheduleExecutor2.OnTimedEvent(Object source) in C:\Users\Administrator\Downloads\settup\Gs_KT2009Tkim_Open\Gs_KT2009Tkim_Open\GameServer\KTGameServer\GameServer\Core\Executor\ScheduleExecutor2.cs:line 131
   at System.Threading.ExecutionContext.RunInternal(ExecutionContext executionContext, ContextCallback callback, Object state, Boolean preserveSyncCtx)
   at System.Threading.ExecutionContext.Run(ExecutionContext executionContext, ContextCallback callback, Object state, Boolean preserveSyncCtx)
   at System.Threading.TimerQueueTimer.CallCallback()
   at System.Threading.TimerQueueTimer.Fire()
   at System.Threading.TimerQueue.FireNextTimers()

2023-11-23 19:56:10: ##exception##
System.Net.Sockets.SocketException (0x80004005): No connection could be made because the target machine actively refused it 127.0.0.1:4000

Server stack trace: 
   at System.Net.Sockets.Socket.DoConnect(EndPoint endPointSnapshot, SocketAddress socketAddress)
   at System.Net.Sockets.Socket.Connect(EndPoint remoteEP)
   at System.Runtime.Remoting.Channels.RemoteConnection.CreateNewSocket(EndPoint ipEndPoint)
   at System.Runtime.Remoting.Channels.SocketCache.GetSocket(String machinePortAndSid, Boolean openNew)
   at System.Runtime.Remoting.Channels.Tcp.TcpClientTransportSink.SendRequestWithRetry(IMessage msg, ITransportHeaders requestHeaders, Stream requestStream)
   at System.Runtime.Remoting.Channels.Tcp.TcpClientTransportSink.ProcessMessage(IMessage msg, ITransportHeaders requestHeaders, Stream requestStream, ITransportHeaders& responseHeaders, Stream& responseStream)
   at System.Runtime.Remoting.Channels.BinaryClientFormatterSink.SyncProcessMessage(IMessage msg)

Exception rethrown at [0]: 
   at System.Runtime.Remoting.Proxies.RealProxy.HandleReturnMessage(IMessage reqMsg, IMessage retMsg)
   at System.Runtime.Remoting.Proxies.RealProxy.PrivateInvoke(MessageData& msgData, Int32 type)
   at KF.Contract.Interface.IYongZheZhanChangService.InitializeClient(IKuaFuClient callback, KuaFuClientContext clientInfo)
   at KF.Client.YongZheZhanChangClient.GetKuaFuService(Boolean noWait) in C:\Users\Administrator\Downloads\settup\Gs_KT2009Tkim_Open\Gs_KT2009Tkim_Open\GameServer\KTGameServer\GameServer\KiemThe\Core\CrossService\YongZheZhanChang\YongZheZhanChangClient.cs:line 318   at KF.Client.YongZheZhanChangClient.TimerProc(Object sender, EventArgs e) in C:\Users\Administrator\Downloads\settup\Gs_KT2009Tkim_Open\Gs_KT2009Tkim_Open\GameServer\KTGameServer\GameServer\KiemThe\Core\CrossService\YongZheZhanChang\YongZheZhanChangClient.cs:line 228
   at GameServer.Core.Executor.NormalScheduleTask.run() in C:\Users\Administrator\Downloads\settup\Gs_KT2009Tkim_Open\Gs_KT2009Tkim_Open\GameServer\KTGameServer\GameServer\Core\Executor\ScheduleExecutor2.cs:line 37
   at GameServer.Core.Executor.ScheduleExecutor2.OnTimedEvent(Object source) in C:\Users\Administrator\Downloads\settup\Gs_KT2009Tkim_Open\Gs_KT2009Tkim_Open\GameServer\KTGameServer\GameServer\Core\Executor\ScheduleExecutor2.cs:line 131
   at System.Threading.ExecutionContext.RunInternal(ExecutionContext executionContext, ContextCallback callback, Object state, Boolean preserveSyncCtx)
   at System.Threading.ExecutionContext.Run(ExecutionContext executionContext, ContextCallback callback, Object state, Boolean preserveSyncCtx)
   at System.Threading.TimerQueueTimer.CallCallback()
   at System.Threading.TimerQueueTimer.Fire()
   at System.Threading.TimerQueue.FireNextTimers()

2023-11-23 19:56:10: ##exception##
System.Net.Sockets.SocketException (0x80004005): No connection could be made because the target machine actively refused it 127.0.0.1:4000

Server stack trace: 
   at System.Net.Sockets.Socket.DoConnect(EndPoint endPointSnapshot, SocketAddress socketAddress)
   at System.Net.Sockets.Socket.Connect(EndPoint remoteEP)
   at System.Runtime.Remoting.Channels.RemoteConnection.CreateNewSocket(EndPoint ipEndPoint)
   at System.Runtime.Remoting.Channels.SocketCache.GetSocket(String machinePortAndSid, Boolean openNew)
   at System.Runtime.Remoting.Channels.Tcp.TcpClientTransportSink.SendRequestWithRetry(IMessage msg, ITransportHeaders requestHeaders, Stream requestStream)
   at System.Runtime.Remoting.Channels.Tcp.TcpClientTransportSink.ProcessMessage(IMessage msg, ITransportHeaders requestHeaders, Stream requestStream, ITransportHeaders& responseHeaders, Stream& responseStream)
   at System.Runtime.Remoting.Channels.BinaryClientFormatterSink.SyncProcessMessage(IMessage msg)

Exception rethrown at [0]: 
   at System.Runtime.Remoting.Proxies.RealProxy.HandleReturnMessage(IMessage reqMsg, IMessage retMsg)
   at System.Runtime.Remoting.Proxies.RealProxy.PrivateInvoke(MessageData& msgData, Int32 type)
   at KF.Contract.Interface.IKuaFuCopyService.InitializeClient(IKuaFuClient callback, KuaFuClientContext clientInfo)
   at KF.Client.KFCopyRpcClient.GetKuaFuService(Boolean noWait) in C:\Users\Administrator\Downloads\settup\Gs_KT2009Tkim_Open\Gs_KT2009Tkim_Open\GameServer\KTGameServer\GameServer\KiemThe\Core\CrossService\KuaFu\KFCopyRpcClient.cs:line 386   at KF.Client.KFCopyRpcClient.TimerProc(Object sender, EventArgs e) in C:\Users\Administrator\Downloads\settup\Gs_KT2009Tkim_Open\Gs_KT2009Tkim_Open\GameServer\KTGameServer\GameServer\KiemThe\Core\CrossService\KuaFu\KFCopyRpcClient.cs:line 296
   at GameServer.Core.Executor.NormalScheduleTask.run() in C:\Users\Administrator\Downloads\settup\Gs_KT2009Tkim_Open\Gs_KT2009Tkim_Open\GameServer\KTGameServer\GameServer\Core\Executor\ScheduleExecutor2.cs:line 37
   at GameServer.Core.Executor.ScheduleExecutor2.OnTimedEvent(Object source) in C:\Users\Administrator\Downloads\settup\Gs_KT2009Tkim_Open\Gs_KT2009Tkim_Open\GameServer\KTGameServer\GameServer\Core\Executor\ScheduleExecutor2.cs:line 131
   at System.Threading.ExecutionContext.RunInternal(ExecutionContext executionContext, ContextCallback callback, Object state, Boolean preserveSyncCtx)
   at System.Threading.ExecutionContext.Run(ExecutionContext executionContext, ContextCallback callback, Object state, Boolean preserveSyncCtx)
   at System.Threading.TimerQueueTimer.CallCallback()
   at System.Threading.TimerQueueTimer.Fire()
   at System.Threading.TimerQueue.FireNextTimers()

2023-11-23 20:00:52: ##exception##
System.Net.Sockets.SocketException (0x80004005): No connection could be made because the target machine actively refused it 127.0.0.1:4000

Server stack trace: 
   at System.Net.Sockets.Socket.DoConnect(EndPoint endPointSnapshot, SocketAddress socketAddress)
   at System.Net.Sockets.Socket.Connect(EndPoint remoteEP)
   at System.Runtime.Remoting.Channels.RemoteConnection.CreateNewSocket(EndPoint ipEndPoint)
   at System.Runtime.Remoting.Channels.SocketCache.GetSocket(String machinePortAndSid, Boolean openNew)
   at System.Runtime.Remoting.Channels.Tcp.TcpClientTransportSink.SendRequestWithRetry(IMessage msg, ITransportHeaders requestHeaders, Stream requestStream)
   at System.Runtime.Remoting.Channels.Tcp.TcpClientTransportSink.ProcessMessage(IMessage msg, ITransportHeaders requestHeaders, Stream requestStream, ITransportHeaders& responseHeaders, Stream& responseStream)
   at System.Runtime.Remoting.Channels.BinaryClientFormatterSink.SyncProcessMessage(IMessage msg)

Exception rethrown at [0]: 
   at System.Runtime.Remoting.Proxies.RealProxy.HandleReturnMessage(IMessage reqMsg, IMessage retMsg)
   at System.Runtime.Remoting.Proxies.RealProxy.PrivateInvoke(MessageData& msgData, Int32 type)
   at KF.Contract.Interface.IYongZheZhanChangService.InitializeClient(IKuaFuClient callback, KuaFuClientContext clientInfo)
   at KF.Client.YongZheZhanChangClient.GetKuaFuService(Boolean noWait) in C:\Users\Administrator\Downloads\settup\Gs_KT2009Tkim_Open\Gs_KT2009Tkim_Open\GameServer\KTGameServer\GameServer\KiemThe\Core\CrossService\YongZheZhanChang\YongZheZhanChangClient.cs:line 318   at KF.Client.YongZheZhanChangClient.TimerProc(Object sender, EventArgs e) in C:\Users\Administrator\Downloads\settup\Gs_KT2009Tkim_Open\Gs_KT2009Tkim_Open\GameServer\KTGameServer\GameServer\KiemThe\Core\CrossService\YongZheZhanChang\YongZheZhanChangClient.cs:line 228
   at GameServer.Core.Executor.NormalScheduleTask.run() in C:\Users\Administrator\Downloads\settup\Gs_KT2009Tkim_Open\Gs_KT2009Tkim_Open\GameServer\KTGameServer\GameServer\Core\Executor\ScheduleExecutor2.cs:line 37
   at GameServer.Core.Executor.ScheduleExecutor2.OnTimedEvent(Object source) in C:\Users\Administrator\Downloads\settup\Gs_KT2009Tkim_Open\Gs_KT2009Tkim_Open\GameServer\KTGameServer\GameServer\Core\Executor\ScheduleExecutor2.cs:line 131
   at System.Threading.ExecutionContext.RunInternal(ExecutionContext executionContext, ContextCallback callback, Object state, Boolean preserveSyncCtx)
   at System.Threading.ExecutionContext.Run(ExecutionContext executionContext, ContextCallback callback, Object state, Boolean preserveSyncCtx)
   at System.Threading.TimerQueueTimer.CallCallback()
   at System.Threading.TimerQueueTimer.Fire()
   at System.Threading.TimerQueue.FireNextTimers()

2023-11-23 20:00:53: ##exception##
System.Net.Sockets.SocketException (0x80004005): No connection could be made because the target machine actively refused it 127.0.0.1:4000

Server stack trace: 
   at System.Net.Sockets.Socket.DoConnect(EndPoint endPointSnapshot, SocketAddress socketAddress)
   at System.Net.Sockets.Socket.Connect(EndPoint remoteEP)
   at System.Runtime.Remoting.Channels.RemoteConnection.CreateNewSocket(EndPoint ipEndPoint)
   at System.Runtime.Remoting.Channels.SocketCache.GetSocket(String machinePortAndSid, Boolean openNew)
   at System.Runtime.Remoting.Channels.Tcp.TcpClientTransportSink.SendRequestWithRetry(IMessage msg, ITransportHeaders requestHeaders, Stream requestStream)
   at System.Runtime.Remoting.Channels.Tcp.TcpClientTransportSink.ProcessMessage(IMessage msg, ITransportHeaders requestHeaders, Stream requestStream, ITransportHeaders& responseHeaders, Stream& responseStream)
   at System.Runtime.Remoting.Channels.BinaryClientFormatterSink.SyncProcessMessage(IMessage msg)

Exception rethrown at [0]: 
   at System.Runtime.Remoting.Proxies.RealProxy.HandleReturnMessage(IMessage reqMsg, IMessage retMsg)
   at System.Runtime.Remoting.Proxies.RealProxy.PrivateInvoke(MessageData& msgData, Int32 type)
   at KF.Contract.Interface.IKuaFuCopyService.InitializeClient(IKuaFuClient callback, KuaFuClientContext clientInfo)
   at KF.Client.KFCopyRpcClient.GetKuaFuService(Boolean noWait) in C:\Users\Administrator\Downloads\settup\Gs_KT2009Tkim_Open\Gs_KT2009Tkim_Open\GameServer\KTGameServer\GameServer\KiemThe\Core\CrossService\KuaFu\KFCopyRpcClient.cs:line 386   at KF.Client.KFCopyRpcClient.TimerProc(Object sender, EventArgs e) in C:\Users\Administrator\Downloads\settup\Gs_KT2009Tkim_Open\Gs_KT2009Tkim_Open\GameServer\KTGameServer\GameServer\KiemThe\Core\CrossService\KuaFu\KFCopyRpcClient.cs:line 296
   at GameServer.Core.Executor.NormalScheduleTask.run() in C:\Users\Administrator\Downloads\settup\Gs_KT2009Tkim_Open\Gs_KT2009Tkim_Open\GameServer\KTGameServer\GameServer\Core\Executor\ScheduleExecutor2.cs:line 37
   at GameServer.Core.Executor.ScheduleExecutor2.OnTimedEvent(Object source) in C:\Users\Administrator\Downloads\settup\Gs_KT2009Tkim_Open\Gs_KT2009Tkim_Open\GameServer\KTGameServer\GameServer\Core\Executor\ScheduleExecutor2.cs:line 131
   at System.Threading.ExecutionContext.RunInternal(ExecutionContext executionContext, ContextCallback callback, Object state, Boolean preserveSyncCtx)
   at System.Threading.ExecutionContext.Run(ExecutionContext executionContext, ContextCallback callback, Object state, Boolean preserveSyncCtx)
   at System.Threading.TimerQueueTimer.CallCallback()
   at System.Threading.TimerQueueTimer.Fire()
   at System.Threading.TimerQueue.FireNextTimers()

2023-11-23 20:04:15: ##exception##
System.Net.Sockets.SocketException (0x80004005): No connection could be made because the target machine actively refused it 127.0.0.1:4000

Server stack trace: 
   at System.Net.Sockets.Socket.DoConnect(EndPoint endPointSnapshot, SocketAddress socketAddress)
   at System.Net.Sockets.Socket.Connect(EndPoint remoteEP)
   at System.Runtime.Remoting.Channels.RemoteConnection.CreateNewSocket(EndPoint ipEndPoint)
   at System.Runtime.Remoting.Channels.SocketCache.GetSocket(String machinePortAndSid, Boolean openNew)
   at System.Runtime.Remoting.Channels.Tcp.TcpClientTransportSink.SendRequestWithRetry(IMessage msg, ITransportHeaders requestHeaders, Stream requestStream)
   at System.Runtime.Remoting.Channels.Tcp.TcpClientTransportSink.ProcessMessage(IMessage msg, ITransportHeaders requestHeaders, Stream requestStream, ITransportHeaders& responseHeaders, Stream& responseStream)
   at System.Runtime.Remoting.Channels.BinaryClientFormatterSink.SyncProcessMessage(IMessage msg)

Exception rethrown at [0]: 
   at System.Runtime.Remoting.Proxies.RealProxy.HandleReturnMessage(IMessage reqMsg, IMessage retMsg)
   at System.Runtime.Remoting.Proxies.RealProxy.PrivateInvoke(MessageData& msgData, Int32 type)
   at KF.Contract.Interface.IYongZheZhanChangService.InitializeClient(IKuaFuClient callback, KuaFuClientContext clientInfo)
   at KF.Client.YongZheZhanChangClient.GetKuaFuService(Boolean noWait) in C:\Users\Administrator\Downloads\settup\Gs_KT2009Tkim_Open\Gs_KT2009Tkim_Open\GameServer\KTGameServer\GameServer\KiemThe\Core\CrossService\YongZheZhanChang\YongZheZhanChangClient.cs:line 318   at KF.Client.YongZheZhanChangClient.TimerProc(Object sender, EventArgs e) in C:\Users\Administrator\Downloads\settup\Gs_KT2009Tkim_Open\Gs_KT2009Tkim_Open\GameServer\KTGameServer\GameServer\KiemThe\Core\CrossService\YongZheZhanChang\YongZheZhanChangClient.cs:line 228
   at GameServer.Core.Executor.NormalScheduleTask.run() in C:\Users\Administrator\Downloads\settup\Gs_KT2009Tkim_Open\Gs_KT2009Tkim_Open\GameServer\KTGameServer\GameServer\Core\Executor\ScheduleExecutor2.cs:line 37
   at GameServer.Core.Executor.ScheduleExecutor2.OnTimedEvent(Object source) in C:\Users\Administrator\Downloads\settup\Gs_KT2009Tkim_Open\Gs_KT2009Tkim_Open\GameServer\KTGameServer\GameServer\Core\Executor\ScheduleExecutor2.cs:line 131
   at System.Threading.ExecutionContext.RunInternal(ExecutionContext executionContext, ContextCallback callback, Object state, Boolean preserveSyncCtx)
   at System.Threading.ExecutionContext.Run(ExecutionContext executionContext, ContextCallback callback, Object state, Boolean preserveSyncCtx)
   at System.Threading.TimerQueueTimer.CallCallback()
   at System.Threading.TimerQueueTimer.Fire()
   at System.Threading.TimerQueue.FireNextTimers()

2023-11-23 20:04:15: ##exception##
System.Net.Sockets.SocketException (0x80004005): No connection could be made because the target machine actively refused it 127.0.0.1:4000

Server stack trace: 
   at System.Net.Sockets.Socket.DoConnect(EndPoint endPointSnapshot, SocketAddress socketAddress)
   at System.Net.Sockets.Socket.Connect(EndPoint remoteEP)
   at System.Runtime.Remoting.Channels.RemoteConnection.CreateNewSocket(EndPoint ipEndPoint)
   at System.Runtime.Remoting.Channels.SocketCache.GetSocket(String machinePortAndSid, Boolean openNew)
   at System.Runtime.Remoting.Channels.Tcp.TcpClientTransportSink.SendRequestWithRetry(IMessage msg, ITransportHeaders requestHeaders, Stream requestStream)
   at System.Runtime.Remoting.Channels.Tcp.TcpClientTransportSink.ProcessMessage(IMessage msg, ITransportHeaders requestHeaders, Stream requestStream, ITransportHeaders& responseHeaders, Stream& responseStream)
   at System.Runtime.Remoting.Channels.BinaryClientFormatterSink.SyncProcessMessage(IMessage msg)

Exception rethrown at [0]: 
   at System.Runtime.Remoting.Proxies.RealProxy.HandleReturnMessage(IMessage reqMsg, IMessage retMsg)
   at System.Runtime.Remoting.Proxies.RealProxy.PrivateInvoke(MessageData& msgData, Int32 type)
   at KF.Contract.Interface.IKuaFuCopyService.InitializeClient(IKuaFuClient callback, KuaFuClientContext clientInfo)
   at KF.Client.KFCopyRpcClient.GetKuaFuService(Boolean noWait) in C:\Users\Administrator\Downloads\settup\Gs_KT2009Tkim_Open\Gs_KT2009Tkim_Open\GameServer\KTGameServer\GameServer\KiemThe\Core\CrossService\KuaFu\KFCopyRpcClient.cs:line 386   at KF.Client.KFCopyRpcClient.TimerProc(Object sender, EventArgs e) in C:\Users\Administrator\Downloads\settup\Gs_KT2009Tkim_Open\Gs_KT2009Tkim_Open\GameServer\KTGameServer\GameServer\KiemThe\Core\CrossService\KuaFu\KFCopyRpcClient.cs:line 296
   at GameServer.Core.Executor.NormalScheduleTask.run() in C:\Users\Administrator\Downloads\settup\Gs_KT2009Tkim_Open\Gs_KT2009Tkim_Open\GameServer\KTGameServer\GameServer\Core\Executor\ScheduleExecutor2.cs:line 37
   at GameServer.Core.Executor.ScheduleExecutor2.OnTimedEvent(Object source) in C:\Users\Administrator\Downloads\settup\Gs_KT2009Tkim_Open\Gs_KT2009Tkim_Open\GameServer\KTGameServer\GameServer\Core\Executor\ScheduleExecutor2.cs:line 131
   at System.Threading.ExecutionContext.RunInternal(ExecutionContext executionContext, ContextCallback callback, Object state, Boolean preserveSyncCtx)
   at System.Threading.ExecutionContext.Run(ExecutionContext executionContext, ContextCallback callback, Object state, Boolean preserveSyncCtx)
   at System.Threading.TimerQueueTimer.CallCallback()
   at System.Threading.TimerQueueTimer.Fire()
   at System.Threading.TimerQueue.FireNextTimers()

2023-11-23 20:11:07: ##exception##
System.Net.Sockets.SocketException (0x80004005): No connection could be made because the target machine actively refused it 127.0.0.1:4000

Server stack trace: 
   at System.Net.Sockets.Socket.DoConnect(EndPoint endPointSnapshot, SocketAddress socketAddress)
   at System.Net.Sockets.Socket.Connect(EndPoint remoteEP)
   at System.Runtime.Remoting.Channels.RemoteConnection.CreateNewSocket(EndPoint ipEndPoint)
   at System.Runtime.Remoting.Channels.SocketCache.GetSocket(String machinePortAndSid, Boolean openNew)
   at System.Runtime.Remoting.Channels.Tcp.TcpClientTransportSink.SendRequestWithRetry(IMessage msg, ITransportHeaders requestHeaders, Stream requestStream)
   at System.Runtime.Remoting.Channels.Tcp.TcpClientTransportSink.ProcessMessage(IMessage msg, ITransportHeaders requestHeaders, Stream requestStream, ITransportHeaders& responseHeaders, Stream& responseStream)
   at System.Runtime.Remoting.Channels.BinaryClientFormatterSink.SyncProcessMessage(IMessage msg)

Exception rethrown at [0]: 
   at System.Runtime.Remoting.Proxies.RealProxy.HandleReturnMessage(IMessage reqMsg, IMessage retMsg)
   at System.Runtime.Remoting.Proxies.RealProxy.PrivateInvoke(MessageData& msgData, Int32 type)
   at KF.Contract.Interface.IYongZheZhanChangService.InitializeClient(IKuaFuClient callback, KuaFuClientContext clientInfo)
   at KF.Client.YongZheZhanChangClient.GetKuaFuService(Boolean noWait) in C:\Users\Administrator\Downloads\settup\Gs_KT2009Tkim_Open\Gs_KT2009Tkim_Open\GameServer\KTGameServer\GameServer\KiemThe\Core\CrossService\YongZheZhanChang\YongZheZhanChangClient.cs:line 318   at KF.Client.YongZheZhanChangClient.TimerProc(Object sender, EventArgs e) in C:\Users\Administrator\Downloads\settup\Gs_KT2009Tkim_Open\Gs_KT2009Tkim_Open\GameServer\KTGameServer\GameServer\KiemThe\Core\CrossService\YongZheZhanChang\YongZheZhanChangClient.cs:line 228
   at GameServer.Core.Executor.NormalScheduleTask.run() in C:\Users\Administrator\Downloads\settup\Gs_KT2009Tkim_Open\Gs_KT2009Tkim_Open\GameServer\KTGameServer\GameServer\Core\Executor\ScheduleExecutor2.cs:line 37
   at GameServer.Core.Executor.ScheduleExecutor2.OnTimedEvent(Object source) in C:\Users\Administrator\Downloads\settup\Gs_KT2009Tkim_Open\Gs_KT2009Tkim_Open\GameServer\KTGameServer\GameServer\Core\Executor\ScheduleExecutor2.cs:line 131
   at System.Threading.ExecutionContext.RunInternal(ExecutionContext executionContext, ContextCallback callback, Object state, Boolean preserveSyncCtx)
   at System.Threading.ExecutionContext.Run(ExecutionContext executionContext, ContextCallback callback, Object state, Boolean preserveSyncCtx)
   at System.Threading.TimerQueueTimer.CallCallback()
   at System.Threading.TimerQueueTimer.Fire()
   at System.Threading.TimerQueue.FireNextTimers()

2023-11-23 20:11:08: ##exception##
System.Net.Sockets.SocketException (0x80004005): No connection could be made because the target machine actively refused it 127.0.0.1:4000

Server stack trace: 
   at System.Net.Sockets.Socket.DoConnect(EndPoint endPointSnapshot, SocketAddress socketAddress)
   at System.Net.Sockets.Socket.Connect(EndPoint remoteEP)
   at System.Runtime.Remoting.Channels.RemoteConnection.CreateNewSocket(EndPoint ipEndPoint)
   at System.Runtime.Remoting.Channels.SocketCache.GetSocket(String machinePortAndSid, Boolean openNew)
   at System.Runtime.Remoting.Channels.Tcp.TcpClientTransportSink.SendRequestWithRetry(IMessage msg, ITransportHeaders requestHeaders, Stream requestStream)
   at System.Runtime.Remoting.Channels.Tcp.TcpClientTransportSink.ProcessMessage(IMessage msg, ITransportHeaders requestHeaders, Stream requestStream, ITransportHeaders& responseHeaders, Stream& responseStream)
   at System.Runtime.Remoting.Channels.BinaryClientFormatterSink.SyncProcessMessage(IMessage msg)

Exception rethrown at [0]: 
   at System.Runtime.Remoting.Proxies.RealProxy.HandleReturnMessage(IMessage reqMsg, IMessage retMsg)
   at System.Runtime.Remoting.Proxies.RealProxy.PrivateInvoke(MessageData& msgData, Int32 type)
   at KF.Contract.Interface.IKuaFuCopyService.InitializeClient(IKuaFuClient callback, KuaFuClientContext clientInfo)
   at KF.Client.KFCopyRpcClient.GetKuaFuService(Boolean noWait) in C:\Users\Administrator\Downloads\settup\Gs_KT2009Tkim_Open\Gs_KT2009Tkim_Open\GameServer\KTGameServer\GameServer\KiemThe\Core\CrossService\KuaFu\KFCopyRpcClient.cs:line 386   at KF.Client.KFCopyRpcClient.TimerProc(Object sender, EventArgs e) in C:\Users\Administrator\Downloads\settup\Gs_KT2009Tkim_Open\Gs_KT2009Tkim_Open\GameServer\KTGameServer\GameServer\KiemThe\Core\CrossService\KuaFu\KFCopyRpcClient.cs:line 296
   at GameServer.Core.Executor.NormalScheduleTask.run() in C:\Users\Administrator\Downloads\settup\Gs_KT2009Tkim_Open\Gs_KT2009Tkim_Open\GameServer\KTGameServer\GameServer\Core\Executor\ScheduleExecutor2.cs:line 37
   at GameServer.Core.Executor.ScheduleExecutor2.OnTimedEvent(Object source) in C:\Users\Administrator\Downloads\settup\Gs_KT2009Tkim_Open\Gs_KT2009Tkim_Open\GameServer\KTGameServer\GameServer\Core\Executor\ScheduleExecutor2.cs:line 131
   at System.Threading.ExecutionContext.RunInternal(ExecutionContext executionContext, ContextCallback callback, Object state, Boolean preserveSyncCtx)
   at System.Threading.ExecutionContext.Run(ExecutionContext executionContext, ContextCallback callback, Object state, Boolean preserveSyncCtx)
   at System.Threading.TimerQueueTimer.CallCallback()
   at System.Threading.TimerQueueTimer.Fire()
   at System.Threading.TimerQueue.FireNextTimers()

2023-11-23 20:22:51: ##exception##
System.Net.Sockets.SocketException (0x80004005): No connection could be made because the target machine actively refused it 127.0.0.1:4000

Server stack trace: 
   at System.Net.Sockets.Socket.DoConnect(EndPoint endPointSnapshot, SocketAddress socketAddress)
   at System.Net.Sockets.Socket.Connect(EndPoint remoteEP)
   at System.Runtime.Remoting.Channels.RemoteConnection.CreateNewSocket(EndPoint ipEndPoint)
   at System.Runtime.Remoting.Channels.SocketCache.GetSocket(String machinePortAndSid, Boolean openNew)
   at System.Runtime.Remoting.Channels.Tcp.TcpClientTransportSink.SendRequestWithRetry(IMessage msg, ITransportHeaders requestHeaders, Stream requestStream)
   at System.Runtime.Remoting.Channels.Tcp.TcpClientTransportSink.ProcessMessage(IMessage msg, ITransportHeaders requestHeaders, Stream requestStream, ITransportHeaders& responseHeaders, Stream& responseStream)
   at System.Runtime.Remoting.Channels.BinaryClientFormatterSink.SyncProcessMessage(IMessage msg)

Exception rethrown at [0]: 
   at System.Runtime.Remoting.Proxies.RealProxy.HandleReturnMessage(IMessage reqMsg, IMessage retMsg)
   at System.Runtime.Remoting.Proxies.RealProxy.PrivateInvoke(MessageData& msgData, Int32 type)
   at KF.Contract.Interface.IKuaFuCopyService.InitializeClient(IKuaFuClient callback, KuaFuClientContext clientInfo)
   at KF.Client.KFCopyRpcClient.GetKuaFuService(Boolean noWait) in C:\Users\Administrator\Downloads\settup\Gs_KT2009Tkim_Open\Gs_KT2009Tkim_Open\GameServer\KTGameServer\GameServer\KiemThe\Core\CrossService\KuaFu\KFCopyRpcClient.cs:line 386   at KF.Client.KFCopyRpcClient.TimerProc(Object sender, EventArgs e) in C:\Users\Administrator\Downloads\settup\Gs_KT2009Tkim_Open\Gs_KT2009Tkim_Open\GameServer\KTGameServer\GameServer\KiemThe\Core\CrossService\KuaFu\KFCopyRpcClient.cs:line 296
   at GameServer.Core.Executor.NormalScheduleTask.run() in C:\Users\Administrator\Downloads\settup\Gs_KT2009Tkim_Open\Gs_KT2009Tkim_Open\GameServer\KTGameServer\GameServer\Core\Executor\ScheduleExecutor2.cs:line 37
   at GameServer.Core.Executor.ScheduleExecutor2.OnTimedEvent(Object source) in C:\Users\Administrator\Downloads\settup\Gs_KT2009Tkim_Open\Gs_KT2009Tkim_Open\GameServer\KTGameServer\GameServer\Core\Executor\ScheduleExecutor2.cs:line 131
   at System.Threading.ExecutionContext.RunInternal(ExecutionContext executionContext, ContextCallback callback, Object state, Boolean preserveSyncCtx)
   at System.Threading.ExecutionContext.Run(ExecutionContext executionContext, ContextCallback callback, Object state, Boolean preserveSyncCtx)
   at System.Threading.TimerQueueTimer.CallCallback()
   at System.Threading.TimerQueueTimer.Fire()
   at System.Threading.TimerQueue.FireNextTimers()

2023-11-23 20:22:51: ##exception##
System.Net.Sockets.SocketException (0x80004005): No connection could be made because the target machine actively refused it 127.0.0.1:4000

Server stack trace: 
   at System.Net.Sockets.Socket.DoConnect(EndPoint endPointSnapshot, SocketAddress socketAddress)
   at System.Net.Sockets.Socket.Connect(EndPoint remoteEP)
   at System.Runtime.Remoting.Channels.RemoteConnection.CreateNewSocket(EndPoint ipEndPoint)
   at System.Runtime.Remoting.Channels.SocketCache.GetSocket(String machinePortAndSid, Boolean openNew)
   at System.Runtime.Remoting.Channels.Tcp.TcpClientTransportSink.SendRequestWithRetry(IMessage msg, ITransportHeaders requestHeaders, Stream requestStream)
   at System.Runtime.Remoting.Channels.Tcp.TcpClientTransportSink.ProcessMessage(IMessage msg, ITransportHeaders requestHeaders, Stream requestStream, ITransportHeaders& responseHeaders, Stream& responseStream)
   at System.Runtime.Remoting.Channels.BinaryClientFormatterSink.SyncProcessMessage(IMessage msg)

Exception rethrown at [0]: 
   at System.Runtime.Remoting.Proxies.RealProxy.HandleReturnMessage(IMessage reqMsg, IMessage retMsg)
   at System.Runtime.Remoting.Proxies.RealProxy.PrivateInvoke(MessageData& msgData, Int32 type)
   at KF.Contract.Interface.IYongZheZhanChangService.InitializeClient(IKuaFuClient callback, KuaFuClientContext clientInfo)
   at KF.Client.YongZheZhanChangClient.GetKuaFuService(Boolean noWait) in C:\Users\Administrator\Downloads\settup\Gs_KT2009Tkim_Open\Gs_KT2009Tkim_Open\GameServer\KTGameServer\GameServer\KiemThe\Core\CrossService\YongZheZhanChang\YongZheZhanChangClient.cs:line 318   at KF.Client.YongZheZhanChangClient.TimerProc(Object sender, EventArgs e) in C:\Users\Administrator\Downloads\settup\Gs_KT2009Tkim_Open\Gs_KT2009Tkim_Open\GameServer\KTGameServer\GameServer\KiemThe\Core\CrossService\YongZheZhanChang\YongZheZhanChangClient.cs:line 228
   at GameServer.Core.Executor.NormalScheduleTask.run() in C:\Users\Administrator\Downloads\settup\Gs_KT2009Tkim_Open\Gs_KT2009Tkim_Open\GameServer\KTGameServer\GameServer\Core\Executor\ScheduleExecutor2.cs:line 37
   at GameServer.Core.Executor.ScheduleExecutor2.OnTimedEvent(Object source) in C:\Users\Administrator\Downloads\settup\Gs_KT2009Tkim_Open\Gs_KT2009Tkim_Open\GameServer\KTGameServer\GameServer\Core\Executor\ScheduleExecutor2.cs:line 131
   at System.Threading.ExecutionContext.RunInternal(ExecutionContext executionContext, ContextCallback callback, Object state, Boolean preserveSyncCtx)
   at System.Threading.ExecutionContext.Run(ExecutionContext executionContext, ContextCallback callback, Object state, Boolean preserveSyncCtx)
   at System.Threading.TimerQueueTimer.CallCallback()
   at System.Threading.TimerQueueTimer.Fire()
   at System.Threading.TimerQueue.FireNextTimers()

2023-11-23 21:00:04: ##exception##
System.Net.Sockets.SocketException (0x80004005): No connection could be made because the target machine actively refused it 127.0.0.1:4000

Server stack trace: 
   at System.Net.Sockets.Socket.DoConnect(EndPoint endPointSnapshot, SocketAddress socketAddress)
   at System.Net.Sockets.Socket.Connect(EndPoint remoteEP)
   at System.Runtime.Remoting.Channels.RemoteConnection.CreateNewSocket(EndPoint ipEndPoint)
   at System.Runtime.Remoting.Channels.SocketCache.GetSocket(String machinePortAndSid, Boolean openNew)
   at System.Runtime.Remoting.Channels.Tcp.TcpClientTransportSink.SendRequestWithRetry(IMessage msg, ITransportHeaders requestHeaders, Stream requestStream)
   at System.Runtime.Remoting.Channels.Tcp.TcpClientTransportSink.ProcessMessage(IMessage msg, ITransportHeaders requestHeaders, Stream requestStream, ITransportHeaders& responseHeaders, Stream& responseStream)
   at System.Runtime.Remoting.Channels.BinaryClientFormatterSink.SyncProcessMessage(IMessage msg)

Exception rethrown at [0]: 
   at System.Runtime.Remoting.Proxies.RealProxy.HandleReturnMessage(IMessage reqMsg, IMessage retMsg)
   at System.Runtime.Remoting.Proxies.RealProxy.PrivateInvoke(MessageData& msgData, Int32 type)
   at KF.Contract.Interface.IKuaFuCopyService.InitializeClient(IKuaFuClient callback, KuaFuClientContext clientInfo)
   at KF.Client.KFCopyRpcClient.GetKuaFuService(Boolean noWait) in C:\Users\Administrator\Downloads\settup\Gs_KT2009Tkim_Open\Gs_KT2009Tkim_Open\GameServer\KTGameServer\GameServer\KiemThe\Core\CrossService\KuaFu\KFCopyRpcClient.cs:line 386   at KF.Client.KFCopyRpcClient.TimerProc(Object sender, EventArgs e) in C:\Users\Administrator\Downloads\settup\Gs_KT2009Tkim_Open\Gs_KT2009Tkim_Open\GameServer\KTGameServer\GameServer\KiemThe\Core\CrossService\KuaFu\KFCopyRpcClient.cs:line 296
   at GameServer.Core.Executor.NormalScheduleTask.run() in C:\Users\Administrator\Downloads\settup\Gs_KT2009Tkim_Open\Gs_KT2009Tkim_Open\GameServer\KTGameServer\GameServer\Core\Executor\ScheduleExecutor2.cs:line 37
   at GameServer.Core.Executor.ScheduleExecutor2.OnTimedEvent(Object source) in C:\Users\Administrator\Downloads\settup\Gs_KT2009Tkim_Open\Gs_KT2009Tkim_Open\GameServer\KTGameServer\GameServer\Core\Executor\ScheduleExecutor2.cs:line 131
   at System.Threading.ExecutionContext.RunInternal(ExecutionContext executionContext, ContextCallback callback, Object state, Boolean preserveSyncCtx)
   at System.Threading.ExecutionContext.Run(ExecutionContext executionContext, ContextCallback callback, Object state, Boolean preserveSyncCtx)
   at System.Threading.TimerQueueTimer.CallCallback()
   at System.Threading.TimerQueueTimer.Fire()
   at System.Threading.TimerQueue.FireNextTimers()

2023-11-23 21:00:06: ##exception##
System.Net.Sockets.SocketException (0x80004005): No connection could be made because the target machine actively refused it 127.0.0.1:4000

Server stack trace: 
   at System.Net.Sockets.Socket.DoConnect(EndPoint endPointSnapshot, SocketAddress socketAddress)
   at System.Net.Sockets.Socket.Connect(EndPoint remoteEP)
   at System.Runtime.Remoting.Channels.RemoteConnection.CreateNewSocket(EndPoint ipEndPoint)
   at System.Runtime.Remoting.Channels.SocketCache.GetSocket(String machinePortAndSid, Boolean openNew)
   at System.Runtime.Remoting.Channels.Tcp.TcpClientTransportSink.SendRequestWithRetry(IMessage msg, ITransportHeaders requestHeaders, Stream requestStream)
   at System.Runtime.Remoting.Channels.Tcp.TcpClientTransportSink.ProcessMessage(IMessage msg, ITransportHeaders requestHeaders, Stream requestStream, ITransportHeaders& responseHeaders, Stream& responseStream)
   at System.Runtime.Remoting.Channels.BinaryClientFormatterSink.SyncProcessMessage(IMessage msg)

Exception rethrown at [0]: 
   at System.Runtime.Remoting.Proxies.RealProxy.HandleReturnMessage(IMessage reqMsg, IMessage retMsg)
   at System.Runtime.Remoting.Proxies.RealProxy.PrivateInvoke(MessageData& msgData, Int32 type)
   at KF.Contract.Interface.IYongZheZhanChangService.InitializeClient(IKuaFuClient callback, KuaFuClientContext clientInfo)
   at KF.Client.YongZheZhanChangClient.GetKuaFuService(Boolean noWait) in C:\Users\Administrator\Downloads\settup\Gs_KT2009Tkim_Open\Gs_KT2009Tkim_Open\GameServer\KTGameServer\GameServer\KiemThe\Core\CrossService\YongZheZhanChang\YongZheZhanChangClient.cs:line 318   at KF.Client.YongZheZhanChangClient.TimerProc(Object sender, EventArgs e) in C:\Users\Administrator\Downloads\settup\Gs_KT2009Tkim_Open\Gs_KT2009Tkim_Open\GameServer\KTGameServer\GameServer\KiemThe\Core\CrossService\YongZheZhanChang\YongZheZhanChangClient.cs:line 228
   at GameServer.Core.Executor.NormalScheduleTask.run() in C:\Users\Administrator\Downloads\settup\Gs_KT2009Tkim_Open\Gs_KT2009Tkim_Open\GameServer\KTGameServer\GameServer\Core\Executor\ScheduleExecutor2.cs:line 37
   at GameServer.Core.Executor.ScheduleExecutor2.OnTimedEvent(Object source) in C:\Users\Administrator\Downloads\settup\Gs_KT2009Tkim_Open\Gs_KT2009Tkim_Open\GameServer\KTGameServer\GameServer\Core\Executor\ScheduleExecutor2.cs:line 131
   at System.Threading.ExecutionContext.RunInternal(ExecutionContext executionContext, ContextCallback callback, Object state, Boolean preserveSyncCtx)
   at System.Threading.ExecutionContext.Run(ExecutionContext executionContext, ContextCallback callback, Object state, Boolean preserveSyncCtx)
   at System.Threading.TimerQueueTimer.CallCallback()
   at System.Threading.TimerQueueTimer.Fire()
   at System.Threading.TimerQueue.FireNextTimers()

2023-11-23 22:00:03: ##exception##
System.Net.Sockets.SocketException (0x80004005): No connection could be made because the target machine actively refused it 127.0.0.1:4000

Server stack trace: 
   at System.Net.Sockets.Socket.DoConnect(EndPoint endPointSnapshot, SocketAddress socketAddress)
   at System.Net.Sockets.Socket.Connect(EndPoint remoteEP)
   at System.Runtime.Remoting.Channels.RemoteConnection.CreateNewSocket(EndPoint ipEndPoint)
   at System.Runtime.Remoting.Channels.SocketCache.GetSocket(String machinePortAndSid, Boolean openNew)
   at System.Runtime.Remoting.Channels.Tcp.TcpClientTransportSink.SendRequestWithRetry(IMessage msg, ITransportHeaders requestHeaders, Stream requestStream)
   at System.Runtime.Remoting.Channels.Tcp.TcpClientTransportSink.ProcessMessage(IMessage msg, ITransportHeaders requestHeaders, Stream requestStream, ITransportHeaders& responseHeaders, Stream& responseStream)
   at System.Runtime.Remoting.Channels.BinaryClientFormatterSink.SyncProcessMessage(IMessage msg)

Exception rethrown at [0]: 
   at System.Runtime.Remoting.Proxies.RealProxy.HandleReturnMessage(IMessage reqMsg, IMessage retMsg)
   at System.Runtime.Remoting.Proxies.RealProxy.PrivateInvoke(MessageData& msgData, Int32 type)
   at KF.Contract.Interface.IKuaFuCopyService.InitializeClient(IKuaFuClient callback, KuaFuClientContext clientInfo)
   at KF.Client.KFCopyRpcClient.GetKuaFuService(Boolean noWait) in C:\Users\Administrator\Downloads\settup\Gs_KT2009Tkim_Open\Gs_KT2009Tkim_Open\GameServer\KTGameServer\GameServer\KiemThe\Core\CrossService\KuaFu\KFCopyRpcClient.cs:line 386   at KF.Client.KFCopyRpcClient.TimerProc(Object sender, EventArgs e) in C:\Users\Administrator\Downloads\settup\Gs_KT2009Tkim_Open\Gs_KT2009Tkim_Open\GameServer\KTGameServer\GameServer\KiemThe\Core\CrossService\KuaFu\KFCopyRpcClient.cs:line 296
   at GameServer.Core.Executor.NormalScheduleTask.run() in C:\Users\Administrator\Downloads\settup\Gs_KT2009Tkim_Open\Gs_KT2009Tkim_Open\GameServer\KTGameServer\GameServer\Core\Executor\ScheduleExecutor2.cs:line 37
   at GameServer.Core.Executor.ScheduleExecutor2.OnTimedEvent(Object source) in C:\Users\Administrator\Downloads\settup\Gs_KT2009Tkim_Open\Gs_KT2009Tkim_Open\GameServer\KTGameServer\GameServer\Core\Executor\ScheduleExecutor2.cs:line 131
   at System.Threading.ExecutionContext.RunInternal(ExecutionContext executionContext, ContextCallback callback, Object state, Boolean preserveSyncCtx)
   at System.Threading.ExecutionContext.Run(ExecutionContext executionContext, ContextCallback callback, Object state, Boolean preserveSyncCtx)
   at System.Threading.TimerQueueTimer.CallCallback()
   at System.Threading.TimerQueueTimer.Fire()
   at System.Threading.TimerQueue.FireNextTimers()

2023-11-23 22:00:05: ##exception##
System.Net.Sockets.SocketException (0x80004005): No connection could be made because the target machine actively refused it 127.0.0.1:4000

Server stack trace: 
   at System.Net.Sockets.Socket.DoConnect(EndPoint endPointSnapshot, SocketAddress socketAddress)
   at System.Net.Sockets.Socket.Connect(EndPoint remoteEP)
   at System.Runtime.Remoting.Channels.RemoteConnection.CreateNewSocket(EndPoint ipEndPoint)
   at System.Runtime.Remoting.Channels.SocketCache.GetSocket(String machinePortAndSid, Boolean openNew)
   at System.Runtime.Remoting.Channels.Tcp.TcpClientTransportSink.SendRequestWithRetry(IMessage msg, ITransportHeaders requestHeaders, Stream requestStream)
   at System.Runtime.Remoting.Channels.Tcp.TcpClientTransportSink.ProcessMessage(IMessage msg, ITransportHeaders requestHeaders, Stream requestStream, ITransportHeaders& responseHeaders, Stream& responseStream)
   at System.Runtime.Remoting.Channels.BinaryClientFormatterSink.SyncProcessMessage(IMessage msg)

Exception rethrown at [0]: 
   at System.Runtime.Remoting.Proxies.RealProxy.HandleReturnMessage(IMessage reqMsg, IMessage retMsg)
   at System.Runtime.Remoting.Proxies.RealProxy.PrivateInvoke(MessageData& msgData, Int32 type)
   at KF.Contract.Interface.IYongZheZhanChangService.InitializeClient(IKuaFuClient callback, KuaFuClientContext clientInfo)
   at KF.Client.YongZheZhanChangClient.GetKuaFuService(Boolean noWait) in C:\Users\Administrator\Downloads\settup\Gs_KT2009Tkim_Open\Gs_KT2009Tkim_Open\GameServer\KTGameServer\GameServer\KiemThe\Core\CrossService\YongZheZhanChang\YongZheZhanChangClient.cs:line 318   at KF.Client.YongZheZhanChangClient.TimerProc(Object sender, EventArgs e) in C:\Users\Administrator\Downloads\settup\Gs_KT2009Tkim_Open\Gs_KT2009Tkim_Open\GameServer\KTGameServer\GameServer\KiemThe\Core\CrossService\YongZheZhanChang\YongZheZhanChangClient.cs:line 228
   at GameServer.Core.Executor.NormalScheduleTask.run() in C:\Users\Administrator\Downloads\settup\Gs_KT2009Tkim_Open\Gs_KT2009Tkim_Open\GameServer\KTGameServer\GameServer\Core\Executor\ScheduleExecutor2.cs:line 37
   at GameServer.Core.Executor.ScheduleExecutor2.OnTimedEvent(Object source) in C:\Users\Administrator\Downloads\settup\Gs_KT2009Tkim_Open\Gs_KT2009Tkim_Open\GameServer\KTGameServer\GameServer\Core\Executor\ScheduleExecutor2.cs:line 131
   at System.Threading.ExecutionContext.RunInternal(ExecutionContext executionContext, ContextCallback callback, Object state, Boolean preserveSyncCtx)
   at System.Threading.ExecutionContext.Run(ExecutionContext executionContext, ContextCallback callback, Object state, Boolean preserveSyncCtx)
   at System.Threading.TimerQueueTimer.CallCallback()
   at System.Threading.TimerQueueTimer.Fire()
   at System.Threading.QueueUserWorkItemCallback.System.Threading.IThreadPoolWorkItem.ExecuteWorkItem()
   at System.Threading.ThreadPoolWorkQueue.Dispatch()

2023-11-23 23:00:02: ##exception##
System.Net.Sockets.SocketException (0x80004005): No connection could be made because the target machine actively refused it 127.0.0.1:4000

Server stack trace: 
   at System.Net.Sockets.Socket.DoConnect(EndPoint endPointSnapshot, SocketAddress socketAddress)
   at System.Net.Sockets.Socket.Connect(EndPoint remoteEP)
   at System.Runtime.Remoting.Channels.RemoteConnection.CreateNewSocket(EndPoint ipEndPoint)
   at System.Runtime.Remoting.Channels.SocketCache.GetSocket(String machinePortAndSid, Boolean openNew)
   at System.Runtime.Remoting.Channels.Tcp.TcpClientTransportSink.SendRequestWithRetry(IMessage msg, ITransportHeaders requestHeaders, Stream requestStream)
   at System.Runtime.Remoting.Channels.Tcp.TcpClientTransportSink.ProcessMessage(IMessage msg, ITransportHeaders requestHeaders, Stream requestStream, ITransportHeaders& responseHeaders, Stream& responseStream)
   at System.Runtime.Remoting.Channels.BinaryClientFormatterSink.SyncProcessMessage(IMessage msg)

Exception rethrown at [0]: 
   at System.Runtime.Remoting.Proxies.RealProxy.HandleReturnMessage(IMessage reqMsg, IMessage retMsg)
   at System.Runtime.Remoting.Proxies.RealProxy.PrivateInvoke(MessageData& msgData, Int32 type)
   at KF.Contract.Interface.IKuaFuCopyService.InitializeClient(IKuaFuClient callback, KuaFuClientContext clientInfo)
   at KF.Client.KFCopyRpcClient.GetKuaFuService(Boolean noWait) in C:\Users\Administrator\Downloads\settup\Gs_KT2009Tkim_Open\Gs_KT2009Tkim_Open\GameServer\KTGameServer\GameServer\KiemThe\Core\CrossService\KuaFu\KFCopyRpcClient.cs:line 386   at KF.Client.KFCopyRpcClient.TimerProc(Object sender, EventArgs e) in C:\Users\Administrator\Downloads\settup\Gs_KT2009Tkim_Open\Gs_KT2009Tkim_Open\GameServer\KTGameServer\GameServer\KiemThe\Core\CrossService\KuaFu\KFCopyRpcClient.cs:line 296
   at GameServer.Core.Executor.NormalScheduleTask.run() in C:\Users\Administrator\Downloads\settup\Gs_KT2009Tkim_Open\Gs_KT2009Tkim_Open\GameServer\KTGameServer\GameServer\Core\Executor\ScheduleExecutor2.cs:line 37
   at GameServer.Core.Executor.ScheduleExecutor2.OnTimedEvent(Object source) in C:\Users\Administrator\Downloads\settup\Gs_KT2009Tkim_Open\Gs_KT2009Tkim_Open\GameServer\KTGameServer\GameServer\Core\Executor\ScheduleExecutor2.cs:line 131
   at System.Threading.ExecutionContext.RunInternal(ExecutionContext executionContext, ContextCallback callback, Object state, Boolean preserveSyncCtx)
   at System.Threading.ExecutionContext.Run(ExecutionContext executionContext, ContextCallback callback, Object state, Boolean preserveSyncCtx)
   at System.Threading.TimerQueueTimer.CallCallback()
   at System.Threading.TimerQueueTimer.Fire()
   at System.Threading.TimerQueue.FireNextTimers()

2023-11-23 23:00:04: ##exception##
System.Net.Sockets.SocketException (0x80004005): No connection could be made because the target machine actively refused it 127.0.0.1:4000

Server stack trace: 
   at System.Net.Sockets.Socket.DoConnect(EndPoint endPointSnapshot, SocketAddress socketAddress)
   at System.Net.Sockets.Socket.Connect(EndPoint remoteEP)
   at System.Runtime.Remoting.Channels.RemoteConnection.CreateNewSocket(EndPoint ipEndPoint)
   at System.Runtime.Remoting.Channels.SocketCache.GetSocket(String machinePortAndSid, Boolean openNew)
   at System.Runtime.Remoting.Channels.Tcp.TcpClientTransportSink.SendRequestWithRetry(IMessage msg, ITransportHeaders requestHeaders, Stream requestStream)
   at System.Runtime.Remoting.Channels.Tcp.TcpClientTransportSink.ProcessMessage(IMessage msg, ITransportHeaders requestHeaders, Stream requestStream, ITransportHeaders& responseHeaders, Stream& responseStream)
   at System.Runtime.Remoting.Channels.BinaryClientFormatterSink.SyncProcessMessage(IMessage msg)

Exception rethrown at [0]: 
   at System.Runtime.Remoting.Proxies.RealProxy.HandleReturnMessage(IMessage reqMsg, IMessage retMsg)
   at System.Runtime.Remoting.Proxies.RealProxy.PrivateInvoke(MessageData& msgData, Int32 type)
   at KF.Contract.Interface.IYongZheZhanChangService.InitializeClient(IKuaFuClient callback, KuaFuClientContext clientInfo)
   at KF.Client.YongZheZhanChangClient.GetKuaFuService(Boolean noWait) in C:\Users\Administrator\Downloads\settup\Gs_KT2009Tkim_Open\Gs_KT2009Tkim_Open\GameServer\KTGameServer\GameServer\KiemThe\Core\CrossService\YongZheZhanChang\YongZheZhanChangClient.cs:line 318   at KF.Client.YongZheZhanChangClient.TimerProc(Object sender, EventArgs e) in C:\Users\Administrator\Downloads\settup\Gs_KT2009Tkim_Open\Gs_KT2009Tkim_Open\GameServer\KTGameServer\GameServer\KiemThe\Core\CrossService\YongZheZhanChang\YongZheZhanChangClient.cs:line 228
   at GameServer.Core.Executor.NormalScheduleTask.run() in C:\Users\Administrator\Downloads\settup\Gs_KT2009Tkim_Open\Gs_KT2009Tkim_Open\GameServer\KTGameServer\GameServer\Core\Executor\ScheduleExecutor2.cs:line 37
   at GameServer.Core.Executor.ScheduleExecutor2.OnTimedEvent(Object source) in C:\Users\Administrator\Downloads\settup\Gs_KT2009Tkim_Open\Gs_KT2009Tkim_Open\GameServer\KTGameServer\GameServer\Core\Executor\ScheduleExecutor2.cs:line 131
   at System.Threading.ExecutionContext.RunInternal(ExecutionContext executionContext, ContextCallback callback, Object state, Boolean preserveSyncCtx)
   at System.Threading.ExecutionContext.Run(ExecutionContext executionContext, ContextCallback callback, Object state, Boolean preserveSyncCtx)
   at System.Threading.TimerQueueTimer.CallCallback()
   at System.Threading.TimerQueueTimer.Fire()
   at System.Threading.TimerQueue.FireNextTimers()

