2023-11-28 20:00:01: [Cái Bang] Battle Change State ==> SIGN_UP
2023-11-28 20:00:01: [Thiên Vương] Battle Change State ==> SIGN_UP
2023-11-28 20:00:01: [Ngũ Độc] Battle Change State ==> SIGN_UP
2023-11-28 20:00:01: [Đoàn Thị] Battle Change State ==> SIGN_UP
2023-11-28 20:00:01: [Nga My] Battle Change State ==> SIGN_UP
2023-11-28 20:00:01: [Thiên Nhẫn] Battle Change State ==> SIGN_UP
2023-11-28 20:00:01: [Côn Lôn] Battle Change State ==> SIGN_UP
2023-11-28 20:00:01: [Thúy Yên] Battle Change State ==> SIGN_UP
2023-11-28 20:00:01: [Đường Môn] Battle Change State ==> SIGN_UP
2023-11-28 20:00:01: [Minh Giáo] Battle Change State ==> SIGN_UP
2023-11-28 20:00:01: [Võ Đang] Battle Change State ==> SIGN_UP
2023-11-28 20:00:01: [Thiếu Lâm] Battle Change State ==> SIGN_UP
2023-11-28 20:04:23: [Thúy Yên] Battle Change State ==> FREE_MELEE
2023-11-28 20:04:23: [Ngũ Độc] Battle Change State ==> FREE_MELEE
2023-11-28 20:04:23: [Đường Môn] Battle Change State ==> FREE_MELEE
2023-11-28 20:04:23: [Thiên Nhẫn] Battle Change State ==> FREE_MELEE
2023-11-28 20:04:23: [Võ Đang] Battle Change State ==> FREE_MELEE
2023-11-28 20:04:23: [Thiên Vương] Battle Change State ==> FREE_MELEE
2023-11-28 20:04:23: [Côn Lôn] Battle Change State ==> FREE_MELEE
2023-11-28 20:04:23: [Đoàn Thị] Battle Change State ==> FREE_MELEE
2023-11-28 20:04:23: [Nga My] Battle Change State ==> FREE_MELEE
2023-11-28 20:04:23: [Minh Giáo] Battle Change State ==> FREE_MELEE
2023-11-28 20:04:23: [Cái Bang] Battle Change State ==> FREE_MELEE
2023-11-28 20:04:23: [Thiếu Lâm] Battle Change State ==> FREE_MELEE
2023-11-28 20:06:24: [Võ Đang] Battle Change State ==> END
2023-11-28 20:06:24: [Cái Bang] Battle Change State ==> END
2023-11-28 20:06:24: [Nga My] Battle Change State ==> END
2023-11-28 20:06:24: [Minh Giáo] Battle Change State ==> END
2023-11-28 20:06:24: [Ngũ Độc] Battle Change State ==> END
2023-11-28 20:06:24: [Đoàn Thị] Battle Change State ==> END
2023-11-28 20:06:24: [Thúy Yên] Battle Change State ==> END
2023-11-28 20:06:24: [Côn Lôn] Battle Change State ==> END
2023-11-28 20:06:24: [Thiên Nhẫn] Battle Change State ==> END
2023-11-28 20:06:24: [Đường Môn] Battle Change State ==> END
2023-11-28 20:06:24: [Thiếu Lâm] Battle Change State ==> END
2023-11-28 20:06:24: [Thiên Vương] Battle Change State ==> END
