2023-11-24 20:00:00: [Côn Lôn] Battle Change State ==> SIGN_UP
2023-11-24 20:00:00: [Cái Bang] Battle Change State ==> SIGN_UP
2023-11-24 20:00:00: [Đoàn Thị] Battle Change State ==> SIGN_UP
2023-11-24 20:00:00: [Thiên Vương] Battle Change State ==> SIGN_UP
2023-11-24 20:00:00: [Thiên Nhẫn] Battle Change State ==> SIGN_UP
2023-11-24 20:00:00: [Đường Môn] Battle Change State ==> SIGN_UP
2023-11-24 20:00:00: [Minh Giáo] Battle Change State ==> SIGN_UP
2023-11-24 20:00:00: [Thúy Yên] Battle Change State ==> SIGN_UP
2023-11-24 20:00:00: [Võ Đang] Battle Change State ==> SIGN_UP
2023-11-24 20:00:00: [Ngũ Độc] Battle Change State ==> SIGN_UP
2023-11-24 20:00:00: [Nga My] Battle Change State ==> SIGN_UP
2023-11-24 20:00:00: [Thiếu Lâm] Battle Change State ==> SIGN_UP
2023-11-24 20:04:20: [Côn Lôn] Battle Change State ==> FREE_MELEE
2023-11-24 20:04:20: [Cái Bang] Battle Change State ==> FREE_MELEE
2023-11-24 20:04:21: [Đoàn Thị] Battle Change State ==> FREE_MELEE
2023-11-24 20:04:21: [Đường Môn] Battle Change State ==> FREE_MELEE
2023-11-24 20:04:21: [Thiên Nhẫn] Battle Change State ==> FREE_MELEE
2023-11-24 20:04:21: [Thiên Vương] Battle Change State ==> FREE_MELEE
2023-11-24 20:04:21: [Minh Giáo] Battle Change State ==> FREE_MELEE
2023-11-24 20:04:21: [Nga My] Battle Change State ==> FREE_MELEE
2023-11-24 20:04:21: [Ngũ Độc] Battle Change State ==> FREE_MELEE
2023-11-24 20:04:21: [Thúy Yên] Battle Change State ==> FREE_MELEE
2023-11-24 20:04:21: [Võ Đang] Battle Change State ==> FREE_MELEE
2023-11-24 20:04:21: [Thiếu Lâm] Battle Change State ==> FREE_MELEE
2023-11-24 20:06:21: [Côn Lôn] Battle Change State ==> END
2023-11-24 20:06:21: [Cái Bang] Battle Change State ==> END
2023-11-24 20:06:21: [Thiên Nhẫn] Battle Change State ==> END
2023-11-24 20:06:21: [Đoàn Thị] Battle Change State ==> END
2023-11-24 20:06:21: [Đường Môn] Battle Change State ==> END
2023-11-24 20:06:21: [Thiên Vương] Battle Change State ==> END
2023-11-24 20:06:21: [Minh Giáo] Battle Change State ==> END
2023-11-24 20:06:21: [Võ Đang] Battle Change State ==> END
2023-11-24 20:06:21: [Ngũ Độc] Battle Change State ==> END
2023-11-24 20:06:21: [Thiếu Lâm] Battle Change State ==> END
2023-11-24 20:06:21: [Thúy Yên] Battle Change State ==> END
2023-11-24 20:06:21: [Nga My] Battle Change State ==> END
