2023-11-25 00:30:05: [3_master][200027][Tester][15020][0][Rương Hồn Thạch (5000 cái)][LUASCRIPT] Xóa vật phẩm thành công : 11330553
2023-11-25 00:30:05: [3_master][200027][Tester][15020][0][Rương Hồn Thạch (5000 cái)][LUASCRIPT] Xóa vật phẩm thành công : 11330557
2023-11-25 00:30:06: [3_master][200027][Tester][15020][0][Rương Hồn Thạch (5000 cái)][LUASCRIPT] Xóa vật phẩm thành công : 11330555
2023-11-25 00:30:07: [3_master][200027][Tester][15020][0][Rương Hồn Thạch (5000 cái)][LUASCRIPT] Xóa vật phẩm thành công : 11330556
2023-11-25 00:30:08: [3_master][200027][Tester][15020][0][Rương Hồn Thạch (5000 cái)][LUASCRIPT] Xóa vật phẩm thành công : 11330554
2023-11-25 00:30:46: [3_master][200027][Tester][15020][0][Rương Hồn Thạch (5000 cái)][LUASCRIPT] Xóa vật phẩm thành công : 11330566
2023-11-25 00:30:48: [3_master][200027][Tester][15020][0][Rương Hồn Thạch (5000 cái)][LUASCRIPT] Xóa vật phẩm thành công : 11330565
2023-11-25 00:30:48: [3_master][200027][Tester][15020][0][Rương Hồn Thạch (5000 cái)][LUASCRIPT] Xóa vật phẩm thành công : 11330564
2023-11-25 00:30:49: [3_master][200027][Tester][15020][0][Rương Hồn Thạch (5000 cái)][LUASCRIPT] Xóa vật phẩm thành công : 11330563
2023-11-25 00:31:12: [3_master][200027][Tester][15020][0][Rương Hồn Thạch (5000 cái)][LUASCRIPT] Xóa vật phẩm thành công : 11330567
2023-11-25 00:31:13: [3_master][200027][Tester][15020][0][Rương Hồn Thạch (5000 cái)][LUASCRIPT] Xóa vật phẩm thành công : 11330568
2023-11-25 00:31:14: [3_master][200027][Tester][15020][0][Rương Hồn Thạch (5000 cái)][LUASCRIPT] Xóa vật phẩm thành công : 11330569
2023-11-25 00:31:16: [3_master][200027][Tester][Vứt vật phẩm]Xóa vật phẩm thành công :506 | COUNT : 0 |11330601| Ngũ Hành Hồn Thạch| Forge :0
2023-11-25 00:31:17: [3_master][200027][Tester][15020][0][Rương Hồn Thạch (5000 cái)][LUASCRIPT] Xóa vật phẩm thành công : 11330570
2023-11-25 00:32:15: [3_master][200027][Tester][506][Ngũ Hành Hồn Thạch][BUYSHOPITEM] Set số lượng vật phẩm về [4847] thành công : 11330558
2023-11-25 11:45:34: [1_testtest][200025][xtesttestx][296][0][Pháo hoa][LUASCRIPT] Xóa vật phẩm thành công : 11330605
2023-11-25 11:46:07: [1_testtest][200025][xtesttestx][2596][0][Ngân phiếu][Xóa bởi nhiệm vụ :113] Xóa vật phẩm thành công : 11330606
2023-11-25 11:46:39: [1_testtest][200025][xtesttestx][128][Thịt xào măng][USINGITEM] Set số lượng vật phẩm về [1] thành công : 11330610
2023-11-25 12:02:04: [1_testtest][200025][xtesttestx][2915][0][Máu hươu][Xóa bởi nhiệm vụ :117] Xóa vật phẩm thành công : 11330613
2023-11-25 12:07:23: [1_testtest][200025][xtesttestx][2476][0][Hầu Nhi Tửu][Xóa bởi nhiệm vụ :118] Xóa vật phẩm thành công : 11330614
2023-11-25 12:16:40: [1_testtest][200025][xtesttestx][128][Thịt xào măng][USINGITEM] Set số lượng vật phẩm về [4] thành công : 11330610
2023-11-25 12:46:42: [1_testtest][200025][xtesttestx][128][Thịt xào măng][USINGITEM] Set số lượng vật phẩm về [3] thành công : 11330610
2023-11-25 13:16:43: [1_testtest][200025][xtesttestx][128][Thịt xào măng][USINGITEM] Set số lượng vật phẩm về [2] thành công : 11330610
2023-11-25 13:46:45: [1_testtest][200025][xtesttestx][128][Thịt xào măng][USINGITEM] Set số lượng vật phẩm về [1] thành công : 11330610
2023-11-25 14:16:46: [1_testtest][200025][xtesttestx][128][0][Thịt xào măng][USINGITEM] Xóa vật phẩm thành công : 11330610
