2023-11-24 08:48:54: [1249_oanhoanh][200023][susususu][296][0][Pháo hoa][LUASCRIPT] Xóa vật phẩm thành công : 11330427
2023-11-24 08:49:16: [1249_oanhoanh][200023][susususu][2596][0][Ngân phiếu][Xóa bởi nhiệm vụ :113] Xóa vật phẩm thành công : 11330428
2023-11-24 08:49:33: [1249_oanhoanh][200023][susususu][128][Thịt xào măng][USINGITEM] Set số lượng vật phẩm về [1] thành công : 11330432
2023-11-24 09:19:35: [1249_oanhoanh][200023][susususu][128][Thịt xào măng][USINGITEM] Set số lượng vật phẩm về [2] thành công : 11330432
2023-11-24 09:56:30: [1249_oanhoanh][200023][susususu][128][Thịt xào măng][USINGITEM] Set số lượng vật phẩm về [1] thành công : 11330432
2023-11-24 10:20:38: [1249_oanhoanh][200023][susususu][2915][0][Máu hươu][Xóa bởi nhiệm vụ :117] Xóa vật phẩm thành công : 11330435
2023-11-24 10:22:25: [1249_oanhoanh][200023][susususu][2476][0][Hầu Nhi Tửu][Xóa bởi nhiệm vụ :118] Xóa vật phẩm thành công : 11330436
2023-11-24 10:26:32: [1249_oanhoanh][200023][susususu][128][Thịt xào măng][USINGITEM] Set số lượng vật phẩm về [2] thành công : 11330432
2023-11-24 10:26:49: [1249_oanhoanh][200023][susususu][2916][0][Da Hổ Vàng][Xóa bởi nhiệm vụ :119] Xóa vật phẩm thành công : 11330440
2023-11-24 10:33:54: [1249_oanhoanh][200023][susususu][2917][0][Hắc Trân Châu][Xóa bởi nhiệm vụ :120] Xóa vật phẩm thành công : 11330443
2023-11-24 10:34:43: [1249_oanhoanh][200023][susususu][2917][0][Hắc Trân Châu][Xóa bởi nhiệm vụ :121] Xóa vật phẩm thành công : 11330444
2023-11-24 10:38:35: [1249_oanhoanh][200023][susususu][SELL ITEM]Xóa vật phẩm thành công :3594 | COUNT : 0 |11330401| [Thần Thú] Tứ Bất Tượng| Forge :0
2023-11-24 10:38:38: [1249_oanhoanh][200023][susususu][SELL ITEM]Xóa vật phẩm thành công :3612 | COUNT : 0 |11330404| [Thần Thú Cao Thủ] Hắc Mã Huyết Giác| Forge :0
2023-11-24 10:38:41: [1249_oanhoanh][200023][susususu][SELL ITEM]Xóa vật phẩm thành công :3618 | COUNT : 0 |11330405| [Thần Thú Cao Thủ] Hắc Huyết Thần Ngưu| Forge :0
2023-11-24 10:38:54: [1249_oanhoanh][200023][susususu][SELL ITEM]Xóa vật phẩm thành công :3375 | COUNT : 0 |11330430| Đồng Hộ Uyển| Forge :0
2023-11-24 10:38:58: [1249_oanhoanh][200023][susususu][SELL ITEM]Xóa vật phẩm thành công :3304 | COUNT : 0 |11330433| Trường Ngoa| Forge :0
2023-11-24 10:39:03: [1249_oanhoanh][200023][susususu][SELL ITEM]Xóa vật phẩm thành công :3800 | COUNT : 0 |11330437| Lan Hoa Bội| Forge :0
2023-11-24 10:39:09: [1249_oanhoanh][200023][susususu][SELL ITEM]Xóa vật phẩm thành công :3399 | COUNT : 0 |11330441| Thanh Đồng Thúc Phát| Forge :0
2023-11-24 10:39:11: [1249_oanhoanh][200023][susususu][SELL ITEM]Xóa vật phẩm thành công :3508 | COUNT : 0 |11330400| Hỏa Kỳ Lân| Forge :0
2023-11-24 10:39:13: [1249_oanhoanh][200023][susususu][SELL ITEM]Xóa vật phẩm thành công :3606 | COUNT : 0 |11330403| [Thần Thú Cao Thủ] Kị Mã Vô Song| Forge :0
2023-11-24 10:39:15: [1249_oanhoanh][200023][susususu][SELL ITEM]Xóa vật phẩm thành công :3600 | COUNT : 0 |11330402| [Thần Thú Cao Thủ] Mã kị Vương Giả| Forge :0
2023-11-24 11:04:26: [1249_oanhoanh][200022][oanhoanh][296][0][Pháo hoa][LUASCRIPT] Xóa vật phẩm thành công : 11330447
2023-11-24 11:05:00: [1249_oanhoanh][200022][oanhoanh][2596][0][Ngân phiếu][Xóa bởi nhiệm vụ :113] Xóa vật phẩm thành công : 11330448
2023-11-24 11:05:26: [1249_oanhoanh][200022][oanhoanh][128][Thịt xào măng][USINGITEM] Set số lượng vật phẩm về [1] thành công : 11330452
2023-11-24 11:16:13: [1249_oanhoanh][200022][oanhoanh][2915][0][Máu hươu][Xóa bởi nhiệm vụ :117] Xóa vật phẩm thành công : 11330455
2023-11-24 11:20:18: [1249_oanhoanh][200022][oanhoanh][2476][0][Hầu Nhi Tửu][Xóa bởi nhiệm vụ :118] Xóa vật phẩm thành công : 11330456
2023-11-24 11:35:27: [1249_oanhoanh][200022][oanhoanh][128][Thịt xào măng][USINGITEM] Set số lượng vật phẩm về [4] thành công : 11330452
2023-11-24 12:05:29: [1249_oanhoanh][200022][oanhoanh][128][Thịt xào măng][USINGITEM] Set số lượng vật phẩm về [3] thành công : 11330452
2023-11-24 12:35:30: [1249_oanhoanh][200022][oanhoanh][128][Thịt xào măng][USINGITEM] Set số lượng vật phẩm về [2] thành công : 11330452
2023-11-24 13:39:08: [1249_oanhoanh][200022][oanhoanh][128][Thịt xào măng][USINGITEM] Set số lượng vật phẩm về [1] thành công : 11330452
2023-11-24 13:41:29: [1249_oanhoanh][200022][oanhoanh][2916][0][Da Hổ Vàng][Xóa bởi nhiệm vụ :119] Xóa vật phẩm thành công : 11330460
2023-11-24 13:45:20: [1249_oanhoanh][200022][oanhoanh][2917][0][Hắc Trân Châu][Xóa bởi nhiệm vụ :120] Xóa vật phẩm thành công : 11330463
2023-11-24 13:47:12: [1249_oanhoanh][200022][oanhoanh][2917][0][Hắc Trân Châu][Xóa bởi nhiệm vụ :121] Xóa vật phẩm thành công : 11330465
2023-11-24 14:11:39: [1249_oanhoanh][200022][oanhoanh][128][0][Thịt xào măng][USINGITEM] Xóa vật phẩm thành công : 11330452
2023-11-24 15:23:24: [1249_oanhoanh][200022][oanhoanh][128][Thịt xào măng][USINGITEM] Set số lượng vật phẩm về [4] thành công : 11330473
2023-11-24 15:53:26: [1249_oanhoanh][200022][oanhoanh][128][Thịt xào măng][USINGITEM] Set số lượng vật phẩm về [3] thành công : 11330473
2023-11-24 16:25:01: [1249_oanhoanh][200022][oanhoanh][128][Thịt xào măng][USINGITEM] Set số lượng vật phẩm về [4] thành công : 11330473
2023-11-24 16:28:59: [1249_oanhoanh][200022][oanhoanh][SELL ITEM]Xóa vật phẩm thành công :3183 | COUNT : 0 |11330476| Bạch Nhung Giáp| Forge :0
2023-11-24 16:29:02: [1249_oanhoanh][200022][oanhoanh][SELL ITEM]Xóa vật phẩm thành công :3172 | COUNT : 0 |11330475| Thô Bố Trường Bào| Forge :0
2023-11-24 16:29:05: [1249_oanhoanh][200022][oanhoanh][SELL ITEM]Xóa vật phẩm thành công :3800 | COUNT : 0 |11330457| Lan Hoa Bội| Forge :0
2023-11-24 16:29:08: [1249_oanhoanh][200022][oanhoanh][SELL ITEM]Xóa vật phẩm thành công :3399 | COUNT : 0 |11330461| Thanh Đồng Thúc Phát| Forge :0
2023-11-24 16:29:09: [1249_oanhoanh][200022][oanhoanh][SELL ITEM]Xóa vật phẩm thành công :3430 | COUNT : 0 |11330462| Lục Điệp Ngọc Đái| Forge :0
2023-11-24 16:29:11: [1249_oanhoanh][200022][oanhoanh][SELL ITEM]Xóa vật phẩm thành công :3375 | COUNT : 0 |11330464| Đồng Hộ Uyển| Forge :0
2023-11-24 16:29:15: [1249_oanhoanh][200022][oanhoanh][SELL ITEM]Xóa vật phẩm thành công :3375 | COUNT : 0 |11330450| Đồng Hộ Uyển| Forge :0
2023-11-24 16:29:17: [1249_oanhoanh][200022][oanhoanh][SELL ITEM]Xóa vật phẩm thành công :3304 | COUNT : 0 |11330453| Trường Ngoa| Forge :0
2023-11-24 16:37:35: [200022][oanhoanh] FIX hạn sử dụng :Phi Phong Siêu Phàm Hi Ký
2023-11-24 16:37:35: [200022][oanhoanh] FIX hạn sử dụng :Phi Phong Siêu Phàm Hi Ký
2023-11-24 16:37:40: [1249_oanhoanh][200022][oanhoanh][128][Thịt xào măng][USINGITEM] Set số lượng vật phẩm về [3] thành công : 11330473
2023-11-24 16:39:50: [1249_oanhoanh][200022][oanhoanh][SELL ITEM]Xóa vật phẩm thành công :3618 | COUNT : 0 |11330488| [Thần Thú Cao Thủ] Hắc Huyết Thần Ngưu| Forge :0
2023-11-24 16:39:52: [1249_oanhoanh][200022][oanhoanh][SELL ITEM]Xóa vật phẩm thành công :3508 | COUNT : 0 |11330483| Hỏa Kỳ Lân| Forge :0
2023-11-24 16:39:54: [1249_oanhoanh][200022][oanhoanh][SELL ITEM]Xóa vật phẩm thành công :3594 | COUNT : 0 |11330484| [Thần Thú] Tứ Bất Tượng| Forge :0
2023-11-24 16:39:56: [1249_oanhoanh][200022][oanhoanh][SELL ITEM]Xóa vật phẩm thành công :746 | COUNT : 0 |11330482| Vỏ sò vàng| Forge :0
2023-11-24 16:39:58: [1249_oanhoanh][200022][oanhoanh][SELL ITEM]Xóa vật phẩm thành công :1034 | COUNT : 0 |11330489| Đĩnh Vàng Du Long| Forge :0
2023-11-24 16:40:00: [1249_oanhoanh][200022][oanhoanh][SELL ITEM]Xóa vật phẩm thành công :3600 | COUNT : 0 |11330485| [Thần Thú Cao Thủ] Mã kị Vương Giả| Forge :0
2023-11-24 16:40:02: [1249_oanhoanh][200022][oanhoanh][SELL ITEM]Xóa vật phẩm thành công :3606 | COUNT : 0 |11330486| [Thần Thú Cao Thủ] Kị Mã Vô Song| Forge :0
2023-11-24 16:40:04: [1249_oanhoanh][200022][oanhoanh][SELL ITEM]Xóa vật phẩm thành công :3612 | COUNT : 0 |11330487| [Thần Thú Cao Thủ] Hắc Mã Huyết Giác| Forge :0
2023-11-24 16:40:08: [1249_oanhoanh][200022][oanhoanh][SELL ITEM]Xóa vật phẩm thành công :10030 | COUNT : 0 |11330446| Kiếm Long Ngũ Thái Gia| Forge :0
2023-11-24 16:40:11: [1249_oanhoanh][200022][oanhoanh][SELL ITEM]Xóa vật phẩm thành công :1034 | COUNT : 0 |11330478| Đĩnh Vàng Du Long| Forge :0
2023-11-24 16:40:13: [1249_oanhoanh][200022][oanhoanh][SELL ITEM]Xóa vật phẩm thành công :3737 | COUNT : 0 |11330472| Đồng Kiếm| Forge :0
2023-11-24 16:40:23: [1249_oanhoanh][200022][oanhoanh][SELL ITEM]Xóa vật phẩm thành công :2933 | COUNT : 0 |11330477| Chìa khóa cửa trái Thạch Thất| Forge :0
2023-11-24 17:07:42: [1249_oanhoanh][200022][oanhoanh][128][Thịt xào măng][USINGITEM] Set số lượng vật phẩm về [2] thành công : 11330473
