2023-11-28 09:39:45: [1_testtest][200000][testtest][2916][0][Da Hổ Vàng][Xóa bởi nhiệm vụ :119] Xóa vật phẩm thành công : 11330122
2023-11-28 15:31:25: [1_testtest][200000][testtest][2917][0][Hắc Trân Châu][Xóa bởi nhiệm vụ :120] Xóa vật phẩm thành công : 11330125
2023-11-28 16:24:21: [1_testtest][200000][testtest][2917][0][Hắc Trân Châu][Xóa bởi nhiệm vụ :121] Xóa vật phẩm thành công : 11330126
2023-11-28 16:44:22: [1_testtest][200001][sususu][296][0][Pháo hoa][LUASCRIPT] Xóa vật phẩm thành công : 11330135
2023-11-28 16:44:44: [1_testtest][200001][sususu][2596][0][Ngân phiếu][Xóa bởi nhiệm vụ :113] Xóa vật phẩm thành công : 11330136
2023-11-28 16:45:05: [1_testtest][200001][sususu][128][Thịt xào măng][USINGITEM] Set số lượng vật phẩm về [1] thành công : 11330140
2023-11-28 16:52:58: [1_testtest][200001][sususu][2915][0][Máu hươu][Xóa bởi nhiệm vụ :117] Xóa vật phẩm thành công : 11330143
2023-11-28 17:03:17: [1_testtest][200001][sususu][2476][0][Hầu Nhi Tửu][Xóa bởi nhiệm vụ :118] Xóa vật phẩm thành công : 11330144
2023-11-28 17:15:06: [1_testtest][200001][sususu][128][Thịt xào măng][USINGITEM] Set số lượng vật phẩm về [4] thành công : 11330140
2023-11-28 17:45:06: [1_testtest][200001][sususu][128][Thịt xào măng][USINGITEM] Set số lượng vật phẩm về [3] thành công : 11330140
2023-11-28 18:15:08: [1_testtest][200001][sususu][128][Thịt xào măng][USINGITEM] Set số lượng vật phẩm về [2] thành công : 11330140
2023-11-28 18:45:09: [1_testtest][200001][sususu][128][Thịt xào măng][USINGITEM] Set số lượng vật phẩm về [1] thành công : 11330140
2023-11-28 20:38:10: [1_testtest][200001][sususu][128][0][Thịt xào măng][USINGITEM] Xóa vật phẩm thành công : 11330140
2023-11-28 21:32:20: [1_testtest][200001][sususu][2916][0][Da Hổ Vàng][Xóa bởi nhiệm vụ :119] Xóa vật phẩm thành công : 11330148
2023-11-28 21:36:48: [1_testtest][200001][sususu][2917][0][Hắc Trân Châu][Xóa bởi nhiệm vụ :120] Xóa vật phẩm thành công : 11330154
2023-11-28 21:37:38: [1_testtest][200001][sususu][2917][0][Hắc Trân Châu][Xóa bởi nhiệm vụ :121] Xóa vật phẩm thành công : 11330155
2023-11-28 21:43:20: [1_testtest][200001][sususu][128][Thịt xào măng][USINGITEM] Set số lượng vật phẩm về [4] thành công : 11330163
2023-11-28 21:48:35: [1_testtest][200001][sususu][SELL ITEM]Xóa vật phẩm thành công :3375 | COUNT : 0 |11330138| Đồng Hộ Uyển| Forge :0
2023-11-28 21:48:38: [1_testtest][200001][sususu][SELL ITEM]Xóa vật phẩm thành công :3304 | COUNT : 0 |11330141| Trường Ngoa| Forge :0
2023-11-28 21:48:41: [1_testtest][200001][sususu][SELL ITEM]Xóa vật phẩm thành công :3399 | COUNT : 0 |11330152| Thanh Đồng Thúc Phát| Forge :0
2023-11-28 21:48:45: [1_testtest][200001][sususu][SELL ITEM]Xóa vật phẩm thành công :3737 | COUNT : 0 |11330162| Đồng Kiếm| Forge :0
2023-11-28 21:48:48: [1_testtest][200001][sususu][SELL ITEM]Xóa vật phẩm thành công :10030 | COUNT : 0 |11330134| Kiếm Long Ngũ Thái Gia| Forge :0
2023-11-28 21:49:16: [1_testtest][200001][sususu][SELL ITEM]Xóa vật phẩm thành công :3800 | COUNT : 0 |11330145| Lan Hoa Bội| Forge :0
2023-11-28 22:08:44: [1_testtest][200007][questquest][296][0][Pháo hoa][LUASCRIPT] Xóa vật phẩm thành công : 11330172
2023-11-28 22:09:05: [1_testtest][200007][questquest][2596][0][Ngân phiếu][Xóa bởi nhiệm vụ :113] Xóa vật phẩm thành công : 11330173
2023-11-28 22:09:22: [1_testtest][200007][questquest][128][Thịt xào măng][USINGITEM] Set số lượng vật phẩm về [1] thành công : 11330177
2023-11-28 22:16:17: [1_testtest][200007][questquest][2915][0][Máu hươu][Xóa bởi nhiệm vụ :117] Xóa vật phẩm thành công : 11330180
2023-11-28 22:28:10: [1_testtest][200007][questquest][2476][0][Hầu Nhi Tửu][Xóa bởi nhiệm vụ :118] Xóa vật phẩm thành công : 11330181
2023-11-28 22:39:25: [1_testtest][200007][questquest][128][Thịt xào măng][USINGITEM] Set số lượng vật phẩm về [4] thành công : 11330177
2023-11-28 22:42:33: [1_testtest][200007][questquest][2916][0][Da Hổ Vàng][Xóa bởi nhiệm vụ :119] Xóa vật phẩm thành công : 11330185
2023-11-28 22:54:35: [1_testtest][200007][questquest][2917][0][Hắc Trân Châu][Xóa bởi nhiệm vụ :120] Xóa vật phẩm thành công : 11330188
2023-11-28 22:57:06: [1_testtest][200007][questquest][2917][0][Hắc Trân Châu][Xóa bởi nhiệm vụ :121] Xóa vật phẩm thành công : 11330189
2023-11-28 23:09:25: [1_testtest][200007][questquest][128][Thịt xào măng][USINGITEM] Set số lượng vật phẩm về [3] thành công : 11330177
