2023-11-28 04:26:49: [200000][testtest][35|1387|1944]  HOẠT LỰC :0 | TINH LỰC :0| BẠC :10000000| BẠC KHÓA :10002078| ĐỒNG  :10000000| ĐỒNG KHÓA :10000000
2023-11-28 08:28:22: [200003][HoaKim][6|8041|3216]  HOẠT LỰC :0 | TINH LỰC :0| BẠC :10000000| BẠC KHÓA :10000100| ĐỒNG  :10000000| ĐỒNG KHÓA :10000000
2023-11-28 09:21:39: [200000][testtest][35|1305|1802]  HOẠT LỰC :0 | TINH LỰC :0| BẠC :10000000| BẠC KHÓA :10002078| ĐỒNG  :10000000| ĐỒNG KHÓA :10000000
2023-11-28 09:27:10: [200000][testtest][35|1140|2078]  HOẠT LỰC :0 | TINH LỰC :0| BẠC :10000000| BẠC KHÓA :10002078| ĐỒNG  :10000000| ĐỒNG KHÓA :10000000
2023-11-28 09:47:36: [200000][testtest][35|1473|1869]  HOẠT LỰC :0 | TINH LỰC :0| BẠC :10000000| BẠC KHÓA :10002278| ĐỒNG  :10000000| ĐỒNG KHÓA :10000000
2023-11-28 10:44:25: [200000][testtest][35|1140|2078]  HOẠT LỰC :0 | TINH LỰC :0| BẠC :10000000| BẠC KHÓA :10002278| ĐỒNG  :10000000| ĐỒNG KHÓA :10000000
2023-11-28 11:05:32: [200000][testtest][35|2216|3046]  HOẠT LỰC :0 | TINH LỰC :0| BẠC :10000000| BẠC KHÓA :10002278| ĐỒNG  :10000000| ĐỒNG KHÓA :10000000
2023-11-28 12:06:56: [200000][testtest][35|2216|3046]  HOẠT LỰC :0 | TINH LỰC :0| BẠC :10000000| BẠC KHÓA :10002278| ĐỒNG  :10000000| ĐỒNG KHÓA :10000000
2023-11-28 12:09:29: [200000][testtest][35|2216|3046]  HOẠT LỰC :0 | TINH LỰC :0| BẠC :10000000| BẠC KHÓA :10002278| ĐỒNG  :10000000| ĐỒNG KHÓA :10000000
2023-11-28 14:31:28: [200000][testtest][35|1117|1993]  HOẠT LỰC :0 | TINH LỰC :0| BẠC :10000000| BẠC KHÓA :10002278| ĐỒNG  :10000000| ĐỒNG KHÓA :10000000
2023-11-28 15:35:00: [200000][testtest][6|8543|3328]  HOẠT LỰC :0 | TINH LỰC :0| BẠC :10000000| BẠC KHÓA :10002478| ĐỒNG  :10000000| ĐỒNG KHÓA :10000000
2023-11-28 15:36:44: [200000][testtest][6|8550|2962]  HOẠT LỰC :0 | TINH LỰC :0| BẠC :10000000| BẠC KHÓA :10002478| ĐỒNG  :10000000| ĐỒNG KHÓA :10000000
2023-11-28 16:32:12: [200000][testtest][6|5924|1014]  HOẠT LỰC :0 | TINH LỰC :0| BẠC :10000000| BẠC KHÓA :10002478| ĐỒNG  :10000000| ĐỒNG KHÓA :10000000
2023-11-28 19:10:28: [200001][sususu][35|1140|2078]  HOẠT LỰC :0 | TINH LỰC :0| BẠC :0| BẠC KHÓA :2078| ĐỒNG  :10000000| ĐỒNG KHÓA :0
2023-11-28 19:54:12: [200004][<color=#0486dc>[GM]</color> hqngreo][6|7953|3561]  HOẠT LỰC :0 | TINH LỰC :0| BẠC :0| BẠC KHÓA :0| ĐỒNG  :0| ĐỒNG KHÓA :0
2023-11-28 20:38:47: [200001][sususu][35|1140|2078]  HOẠT LỰC :0 | TINH LỰC :0| BẠC :0| BẠC KHÓA :2078| ĐỒNG  :10000000| ĐỒNG KHÓA :0
2023-11-28 20:46:53: [200003][HoaKim][6|9362|3762]  HOẠT LỰC :0 | TINH LỰC :0| BẠC :10000000| BẠC KHÓA :10000100| ĐỒNG  :10000000| ĐỒNG KHÓA :10000000
2023-11-28 20:52:09: [200003][HoaKim][6|9134|3685]  HOẠT LỰC :0 | TINH LỰC :0| BẠC :10000000| BẠC KHÓA :10000100| ĐỒNG  :10000000| ĐỒNG KHÓA :10000000
2023-11-28 20:53:09: [200003][HoaKim][6|8791|3277]  HOẠT LỰC :0 | TINH LỰC :0| BẠC :10000000| BẠC KHÓA :10000100| ĐỒNG  :10000000| ĐỒNG KHÓA :10000000
2023-11-28 20:54:16: [200003][HoaKim][6|8791|3277]  HOẠT LỰC :0 | TINH LỰC :0| BẠC :10000000| BẠC KHÓA :10000100| ĐỒNG  :10000000| ĐỒNG KHÓA :10000000
2023-11-28 20:55:54: [200003][HoaKim][6|8627|3283]  HOẠT LỰC :0 | TINH LỰC :0| BẠC :10000000| BẠC KHÓA :10000100| ĐỒNG  :10000000| ĐỒNG KHÓA :10000000
2023-11-28 20:57:39: [200005][Newgamee][6|7800|3400]  HOẠT LỰC :0 | TINH LỰC :0| BẠC :0| BẠC KHÓA :0| ĐỒNG  :10000000| ĐỒNG KHÓA :0
2023-11-28 20:58:33: [200006][<color=#0486dc>[GM]</color> Xbxjxsjxj][6|7800|3400]  HOẠT LỰC :0 | TINH LỰC :0| BẠC :0| BẠC KHÓA :0| ĐỒNG  :0| ĐỒNG KHÓA :0
2023-11-28 21:31:19: [200000][testtest][6|5924|1014]  HOẠT LỰC :0 | TINH LỰC :0| BẠC :10000000| BẠC KHÓA :10002478| ĐỒNG  :10000000| ĐỒNG KHÓA :10000000
2023-11-28 21:50:59: [200001][sususu][42|7815|5623]  HOẠT LỰC :0 | TINH LỰC :0| BẠC :500| BẠC KHÓA :2508| ĐỒNG  :10000000| ĐỒNG KHÓA :0
2023-11-28 23:13:43: [200007][questquest][10|7475|4741]  HOẠT LỰC :0 | TINH LỰC :0| BẠC :0| BẠC KHÓA :2928| ĐỒNG  :10000000| ĐỒNG KHÓA :0
2023-11-28 23:26:12: [200000][testtest][6|5924|1014]  HOẠT LỰC :0 | TINH LỰC :0| BẠC :10000000| BẠC KHÓA :10002478| ĐỒNG  :10000000| ĐỒNG KHÓA :10000000
2023-11-28 23:49:44: [200003][HoaKim][6|8208|2892]  HOẠT LỰC :0 | TINH LỰC :0| BẠC :10000000| BẠC KHÓA :10000100| ĐỒNG  :10000000| ĐỒNG KHÓA :10000000
