2023-11-23 16:17:37: [Dương Châu (Sơ)] Stating Battle OK!
2023-11-23 16:17:37: [Phượng Tường (Trung)] Stating Battle OK!
2023-11-23 16:17:37: [Tương Dương (Cao)] Stating Battle OK!
2023-11-23 16:31:13: [Dương Châu (Sơ)] Stating Battle OK!
2023-11-23 16:31:13: [Phượng Tường (Trung)] Stating Battle OK!
2023-11-23 16:31:13: [Tương Dương (Cao)] Stating Battle OK!
2023-11-23 16:50:01: [Dương Châu (Sơ)] Battle Change State ==> STATUS_PREPARE
2023-11-23 16:50:01: [Tương Dương (Cao)] Battle Change State ==> STATUS_PREPARE
2023-11-23 16:50:01: [Phượng Tường (Trung)] Battle Change State ==> STATUS_PREPARE
2023-11-23 17:00:02: [Dương Châu (Sơ)] Battle Change State ==> STATUS_NULL
2023-11-23 17:00:03: [Phượng Tường (Trung)] Battle Change State ==> STATUS_NULL
2023-11-23 17:00:03: [Tương Dương (Cao)] Battle Change State ==> STATUS_NULL
2023-11-23 18:12:39: [Dương Châu (Sơ)] Stating Battle OK!
2023-11-23 18:12:39: [Phượng Tường (Trung)] Stating Battle OK!
2023-11-23 18:12:39: [Tương Dương (Cao)] Stating Battle OK!
2023-11-23 18:24:21: [Dương Châu (Sơ)] Stating Battle OK!
2023-11-23 18:24:21: [Phượng Tường (Trung)] Stating Battle OK!
2023-11-23 18:24:21: [Tương Dương (Cao)] Stating Battle OK!
2023-11-23 18:51:53: [Dương Châu (Sơ)] Stating Battle OK!
2023-11-23 18:51:53: [Phượng Tường (Trung)] Stating Battle OK!
2023-11-23 18:51:53: [Tương Dương (Cao)] Stating Battle OK!
2023-11-23 19:56:03: [Dương Châu (Sơ)] Stating Battle OK!
2023-11-23 19:56:03: [Phượng Tường (Trung)] Stating Battle OK!
2023-11-23 19:56:03: [Tương Dương (Cao)] Stating Battle OK!
2023-11-23 20:00:46: [Dương Châu (Sơ)] Stating Battle OK!
2023-11-23 20:00:46: [Phượng Tường (Trung)] Stating Battle OK!
2023-11-23 20:00:46: [Tương Dương (Cao)] Stating Battle OK!
2023-11-23 20:04:08: [Dương Châu (Sơ)] Stating Battle OK!
2023-11-23 20:04:08: [Phượng Tường (Trung)] Stating Battle OK!
2023-11-23 20:04:08: [Tương Dương (Cao)] Stating Battle OK!
2023-11-23 20:11:01: [Dương Châu (Sơ)] Stating Battle OK!
2023-11-23 20:11:01: [Phượng Tường (Trung)] Stating Battle OK!
2023-11-23 20:11:01: [Tương Dương (Cao)] Stating Battle OK!
2023-11-23 20:22:45: [Dương Châu (Sơ)] Stating Battle OK!
2023-11-23 20:22:45: [Phượng Tường (Trung)] Stating Battle OK!
2023-11-23 20:22:45: [Tương Dương (Cao)] Stating Battle OK!
2023-11-23 20:50:01: [Dương Châu (Sơ)] Battle Change State ==> STATUS_PREPARE
2023-11-23 20:50:01: [Phượng Tường (Trung)] Battle Change State ==> STATUS_PREPARE
2023-11-23 20:50:01: [Tương Dương (Cao)] Battle Change State ==> STATUS_PREPARE
2023-11-23 21:00:01: [Tương Dương (Cao)] Battle Change State ==> STATUS_NULL
2023-11-23 21:00:03: [Dương Châu (Sơ)] Battle Change State ==> STATUS_NULL
2023-11-23 21:00:03: [Phượng Tường (Trung)] Battle Change State ==> STATUS_NULL
