2023-11-24 10:50:01: [Dương Châu (Sơ)] Battle Change State ==> STATUS_PREPARE
2023-11-24 10:50:01: [Phượng Tường (Trung)] Battle Change State ==> STATUS_PREPARE
2023-11-24 10:50:01: [Tương Dương (Cao)] Battle Change State ==> STATUS_PREPARE
2023-11-24 11:00:03: [Tương Dương (Cao)] Battle Change State ==> STATUS_NULL
2023-11-24 11:00:03: [Phượng Tường (Trung)] Battle Change State ==> STATUS_NULL
2023-11-24 11:00:03: [Dương Châu (Sơ)] Battle Change State ==> STATUS_NULL
2023-11-24 14:11:02: [Dương Châu (Sơ)] Stating Battle OK!
2023-11-24 14:11:02: [Phượng Tường (Trung)] Stating Battle OK!
2023-11-24 14:11:02: [Tương Dương (Cao)] Stating Battle OK!
2023-11-24 14:18:36: [Dương Châu (Sơ)] Stating Battle OK!
2023-11-24 14:18:36: [Phượng Tường (Trung)] Stating Battle OK!
2023-11-24 14:18:36: [Tương Dương (Cao)] Stating Battle OK!
2023-11-24 16:22:47: [Dương Châu (Sơ)] Stating Battle OK!
2023-11-24 16:22:47: [Phượng Tường (Trung)] Stating Battle OK!
2023-11-24 16:22:47: [Tương Dương (Cao)] Stating Battle OK!
2023-11-24 16:34:15: [Dương Châu (Sơ)] Stating Battle OK!
2023-11-24 16:34:15: [Phượng Tường (Trung)] Stating Battle OK!
2023-11-24 16:34:15: [Tương Dương (Cao)] Stating Battle OK!
2023-11-24 16:45:27: [Dương Châu (Sơ)] Stating Battle OK!
2023-11-24 16:45:27: [Phượng Tường (Trung)] Stating Battle OK!
2023-11-24 16:45:27: [Tương Dương (Cao)] Stating Battle OK!
2023-11-24 16:50:00: [Dương Châu (Sơ)] Battle Change State ==> STATUS_PREPARE
2023-11-24 16:50:01: [Tương Dương (Cao)] Battle Change State ==> STATUS_PREPARE
2023-11-24 16:50:01: [Phượng Tường (Trung)] Battle Change State ==> STATUS_PREPARE
2023-11-24 17:00:02: [Dương Châu (Sơ)] Battle Change State ==> STATUS_NULL
2023-11-24 17:00:03: [Tương Dương (Cao)] Battle Change State ==> STATUS_NULL
2023-11-24 17:00:03: [Phượng Tường (Trung)] Battle Change State ==> STATUS_NULL
2023-11-24 20:50:00: [Phượng Tường (Trung)] Battle Change State ==> STATUS_PREPARE
2023-11-24 20:50:00: [Tương Dương (Cao)] Battle Change State ==> STATUS_PREPARE
2023-11-24 20:50:01: [Dương Châu (Sơ)] Battle Change State ==> STATUS_PREPARE
2023-11-24 21:00:01: [Dương Châu (Sơ)] Battle Change State ==> STATUS_NULL
2023-11-24 21:00:02: [Tương Dương (Cao)] Battle Change State ==> STATUS_NULL
2023-11-24 21:00:02: [Phượng Tường (Trung)] Battle Change State ==> STATUS_NULL
2023-11-24 22:11:07: [Dương Châu (Sơ)] Stating Battle OK!
2023-11-24 22:11:07: [Phượng Tường (Trung)] Stating Battle OK!
2023-11-24 22:11:07: [Tương Dương (Cao)] Stating Battle OK!
2023-11-24 22:38:42: [Dương Châu (Sơ)] Stating Battle OK!
2023-11-24 22:38:42: [Phượng Tường (Trung)] Stating Battle OK!
2023-11-24 22:38:42: [Tương Dương (Cao)] Stating Battle OK!
