2023-11-21 09:17:25	Query role info from DB: 1242_sangsang
2023-11-21 09:17:25	Load role data from DB: 200006
2023-11-21 09:57:11	Load role data from DB: 200010
2023-11-21 10:29:35	Release unused role: 200006
2023-11-21 10:53:16	Query role info from DB: 1242_sangsang
2023-11-21 11:49:23	Query role info from DB: 1242_sangsang
2023-11-21 12:20:30	Release unused role: 200010
2023-11-21 13:45:09	Query role info from DB: 1242_sangsang
2023-11-21 13:45:09	Load role data from DB: 200006
2023-11-21 13:45:09	Load role data from DB: 200010
2023-11-21 14:51:42	Release unused role: 200006
2023-11-21 14:55:29	Query role info from DB: 1242_sangsang
2023-11-21 15:09:26	Load role data from DB: 200006
2023-11-21 15:52:12	Release unused role: 200006
2023-11-21 15:52:12	Release unused role: 200010
2023-11-21 15:56:25	Load role data from DB: 200006
2023-11-21 15:56:25	Load role data from DB: 200010
2023-11-21 16:02:53	Load role data from DB: 200011
2023-11-21 16:34:26	Query role info from DB: 1245_ndhanthien
2023-11-21 16:34:39	Load role data from DB: 200012
2023-11-21 17:02:47	Release unused role: 200006
2023-11-21 17:02:47	Release unused role: 200010
2023-11-21 17:02:47	Release unused role: 200011
2023-11-21 17:22:58	Release unused role: 200012
2023-11-21 17:44:18	Query role info from DB: 1242_sangsang
2023-11-21 17:44:18	Load role data from DB: 200006
2023-11-21 17:44:18	Load role data from DB: 200010
2023-11-21 17:44:18	Load role data from DB: 200011
2023-11-21 18:43:39	Release unused role: 200006
2023-11-21 18:43:39	Release unused role: 200010
2023-11-21 18:43:39	Release unused role: 200011
2023-11-21 19:58:42	Query role info from DB: 1241_testzzaj
2023-11-21 19:58:42	Load role data from DB: 200005
2023-11-21 20:29:27	Release unused role: 200005
2023-11-21 22:27:56	Query role info from DB: 1242_sangsang
2023-11-21 22:27:56	Load role data from DB: 200006
2023-11-21 22:27:56	Load role data from DB: 200010
2023-11-21 22:27:56	Load role data from DB: 200011
2023-11-21 23:00:41	Release unused role: 200006
2023-11-21 23:00:41	Release unused role: 200010
