2023-11-28 04:26:49	Query role info from DB: 1_testtest
2023-11-28 04:43:29	Load role data from DB: 200001
2023-11-28 05:14:10	Release unused role: 200001
2023-11-28 08:27:50	Query role info from DB: 2_motcaiten
2023-11-28 08:27:50	Load role data from DB: 200003
2023-11-28 09:00:53	Release unused role: 200003
2023-11-28 09:21:39	Query role info from DB: 1_testtest
2023-11-28 09:22:04	Load role data from DB: 200001
2023-11-28 10:11:19	Release unused role: 200001
2023-11-28 10:21:21	Release unused role: 200000
2023-11-28 10:42:44	Query role info from DB: 1_testtest
2023-11-28 10:42:44	Load role data from DB: 200000
2023-11-28 10:42:44	Load role data from DB: 200001
2023-11-28 11:16:34	Release unused role: 200001
2023-11-28 11:36:37	Release unused role: 200000
2023-11-28 12:05:51	Query role info from DB: 1_testtest
2023-11-28 12:05:52	Load role data from DB: 200000
2023-11-28 12:05:52	Load role data from DB: 200001
2023-11-28 12:41:48	Release unused role: 200000
2023-11-28 12:41:48	Release unused role: 200001
2023-11-28 14:24:34	Query role info from DB: 1_testtest
2023-11-28 14:24:34	Load role data from DB: 200000
2023-11-28 14:24:34	Load role data from DB: 200001
2023-11-28 14:57:00	Release unused role: 200001
2023-11-28 15:02:01	Release unused role: 200000
2023-11-28 15:25:31	Query role info from DB: 1_testtest
2023-11-28 15:25:31	Load role data from DB: 200000
2023-11-28 15:25:31	Load role data from DB: 200001
2023-11-28 16:07:13	Release unused role: 200000
2023-11-28 16:07:13	Release unused role: 200001
2023-11-28 16:23:46	Query role info from DB: 1_testtest
2023-11-28 16:23:46	Load role data from DB: 200000
2023-11-28 16:23:46	Load role data from DB: 200001
2023-11-28 17:07:38	Release unused role: 200000
2023-11-28 19:10:28	Query role info from DB: 1_testtest
2023-11-28 19:44:06	Release unused role: 200001
2023-11-28 19:52:55	Query role info from DB: 5_quangteo1111
2023-11-28 19:53:21	Load role data from DB: 200004
2023-11-28 20:24:29	Release unused role: 200004
2023-11-28 20:37:58	Query role info from DB: 1_testtest
2023-11-28 20:37:58	Load role data from DB: 200000
2023-11-28 20:37:58	Load role data from DB: 200001
2023-11-28 20:46:24	Query role info from DB: 2_motcaiten
2023-11-28 20:46:24	Load role data from DB: 200003
2023-11-28 20:56:20	Load role data from DB: 200005
2023-11-28 20:58:18	Query role info from DB: 6_Motcaiten1
2023-11-28 20:58:24	Load role data from DB: 200006
2023-11-28 21:09:39	Release unused role: 200000
2023-11-28 21:09:39	Release unused role: 200001
2023-11-28 21:29:41	Release unused role: 200003
2023-11-28 21:29:41	Release unused role: 200005
2023-11-28 21:29:41	Release unused role: 200006
2023-11-28 21:31:04	Query role info from DB: 1_testtest
2023-11-28 21:31:04	Load role data from DB: 200000
2023-11-28 21:31:04	Load role data from DB: 200001
2023-11-28 21:51:47	Load role data from DB: 200007
2023-11-28 22:25:07	Release unused role: 200000
2023-11-28 22:25:07	Release unused role: 200001
2023-11-28 23:02:11	Query role info from DB: 1_testtest
2023-11-28 23:25:05	Load role data from DB: 200000
2023-11-28 23:25:05	Load role data from DB: 200001
2023-11-28 23:45:37	Query role info from DB: 2_motcaiten
2023-11-28 23:45:37	Load role data from DB: 200003
2023-11-28 23:45:37	Load role data from DB: 200005
2023-11-28 23:55:36	Release unused role: 200001
2023-11-28 23:55:36	Release unused role: 200007
