2021-07-14 08:51:41: 
auxiliaryTimer_Tick开始执行经过时间:44025毫秒
2021-07-14 08:55:58: 
auxiliaryTimer_Tick开始执行经过时间:44011毫秒
2021-07-14 08:56:46: 
auxiliaryTimer_Tick开始执行经过时间:12440毫秒
2021-07-14 08:56:48: 
auxiliaryTimer_Tick开始执行经过时间:1965毫秒
2021-07-14 08:56:49: 
auxiliaryTimer_Tick开始执行经过时间:1110毫秒
2021-07-14 08:58:08: 
auxiliaryTimer_Tick开始执行经过时间:45024毫秒
2021-07-14 08:58:24: 
auxiliaryTimer_Tick开始执行经过时间:3045毫秒
2021-07-14 08:59:57: 
auxiliaryTimer_Tick开始执行经过时间:45224毫秒
2021-07-14 09:45:00: 
auxiliaryTimer_Tick开始执行经过时间:48198毫秒
2021-07-14 09:49:06: 
auxiliaryTimer_Tick开始执行经过时间:45781毫秒
2021-07-14 09:50:03: 
auxiliaryTimer_Tick开始执行经过时间:2749毫秒
2021-07-14 09:50:05: 
auxiliaryTimer_Tick开始执行经过时间:1688毫秒
2021-07-14 09:50:06: 
auxiliaryTimer_Tick开始执行经过时间:1076毫秒
2021-07-14 09:50:09: 
auxiliaryTimer_Tick开始执行经过时间:2193毫秒
2021-07-14 09:50:13: 
auxiliaryTimer_Tick开始执行经过时间:1789毫秒
2021-07-14 09:50:16: 
auxiliaryTimer_Tick开始执行经过时间:1014毫秒
2021-07-14 09:50:18: 
auxiliaryTimer_Tick开始执行经过时间:1352毫秒
2021-07-14 09:50:26: 
auxiliaryTimer_Tick开始执行经过时间:8225毫秒
2021-07-14 09:50:28: 
auxiliaryTimer_Tick开始执行经过时间:1997毫秒
2021-07-14 09:50:30: 
auxiliaryTimer_Tick开始执行经过时间:1178毫秒
2021-07-14 09:50:32: 
auxiliaryTimer_Tick开始执行经过时间:1341毫秒
2021-07-14 09:50:35: 
auxiliaryTimer_Tick开始执行经过时间:1293毫秒
2021-07-14 09:50:40: 
auxiliaryTimer_Tick开始执行经过时间:4472毫秒
2021-07-14 09:50:42: 
auxiliaryTimer_Tick开始执行经过时间:1495毫秒
2021-07-14 09:50:47: 
auxiliaryTimer_Tick开始执行经过时间:2803毫秒
2021-07-14 09:50:53: 
auxiliaryTimer_Tick开始执行经过时间:4871毫秒
2021-07-14 09:50:57: 
auxiliaryTimer_Tick开始执行经过时间:1627毫秒
2021-07-14 09:50:58: auxiliaryTimer_Tick 消耗:1090毫秒
2021-07-14 09:50:58: 
auxiliaryTimer_Tick开始执行经过时间:1525毫秒
2021-07-14 09:50:59: 
auxiliaryTimer_Tick开始执行经过时间:1101毫秒
2021-07-14 09:51:01: 
auxiliaryTimer_Tick开始执行经过时间:1289毫秒
2021-07-14 09:51:05: 
auxiliaryTimer_Tick开始执行经过时间:1134毫秒
2021-07-14 09:51:08: 
auxiliaryTimer_Tick开始执行经过时间:1696毫秒
2021-07-14 09:51:09: 
auxiliaryTimer_Tick开始执行经过时间:1376毫秒
2021-07-14 09:51:11: 
auxiliaryTimer_Tick开始执行经过时间:1180毫秒
2021-07-14 09:51:13: 
auxiliaryTimer_Tick开始执行经过时间:2745毫秒
2021-07-14 09:51:15: 
auxiliaryTimer_Tick开始执行经过时间:1723毫秒
2021-07-14 09:51:18: 
auxiliaryTimer_Tick开始执行经过时间:2977毫秒
2021-07-14 09:51:21: 
auxiliaryTimer_Tick开始执行经过时间:2931毫秒
2021-07-14 09:51:23: 
auxiliaryTimer_Tick开始执行经过时间:1485毫秒
2021-07-14 09:51:24: 
auxiliaryTimer_Tick开始执行经过时间:1071毫秒
2021-07-14 09:51:26: 
auxiliaryTimer_Tick开始执行经过时间:1359毫秒
2021-07-14 09:51:27: 
auxiliaryTimer_Tick开始执行经过时间:1451毫秒
2021-07-14 09:51:29: 
auxiliaryTimer_Tick开始执行经过时间:1067毫秒
2021-07-14 09:51:32: 
auxiliaryTimer_Tick开始执行经过时间:1590毫秒
2021-07-14 09:53:36: 新远程连接: 192.168.1.121:21199, 当前总共: 1
2021-07-14 09:53:36: 远程连接关闭: 192.168.1.121:21199, 当前总共: 1, 原因1:[0]Success, 原因2:
2021-07-14 09:53:36: 新远程连接: 192.168.1.121:21201, 当前总共: 1
2021-07-14 10:08:25: 
auxiliaryTimer_Tick开始执行经过时间:44993毫秒
2021-07-14 10:10:02: 
auxiliaryTimer_Tick开始执行经过时间:2648毫秒
2021-07-14 10:10:03: 
auxiliaryTimer_Tick开始执行经过时间:1055毫秒
2021-07-14 10:10:09: 
auxiliaryTimer_Tick开始执行经过时间:3568毫秒
2021-07-14 10:10:12: 
auxiliaryTimer_Tick开始执行经过时间:2314毫秒
2021-07-14 10:10:43: 新远程连接: 192.168.1.121:23025, 当前总共: 1
2021-07-14 10:10:44: 远程连接关闭: 192.168.1.121:23025, 当前总共: 1, 原因1:[0]Success, 原因2:
2021-07-14 10:10:44: 新远程连接: 192.168.1.121:23027, 当前总共: 1
2021-07-14 10:19:29: 远程连接关闭: 192.168.1.121:23027, 当前总共: 1, 原因1:CMD=CMD_LOG_OUT, 原因2:
2021-07-14 10:24:57: 
auxiliaryTimer_Tick开始执行经过时间:16431毫秒
2021-07-14 10:25:28: 新远程连接: 192.168.1.121:2278, 当前总共: 1
2021-07-14 10:25:28: 远程连接关闭: 192.168.1.121:2278, 当前总共: 1, 原因1:[0]Success, 原因2:
2021-07-14 10:25:28: 新远程连接: 192.168.1.121:2281, 当前总共: 1
2021-07-14 10:27:20: 远程连接关闭: 192.168.1.121:2281, 当前总共: 1, 原因1:CMD=CMD_LOG_OUT, 原因2:
2021-07-14 10:27:45: 新远程连接: 192.168.1.121:2576, 当前总共: 1
2021-07-14 10:27:45: 远程连接关闭: 192.168.1.121:2576, 当前总共: 1, 原因1:[0]Success, 原因2:
2021-07-14 10:27:45: 新远程连接: 192.168.1.121:2577, 当前总共: 1
2021-07-14 10:29:27: 
auxiliaryTimer_Tick开始执行经过时间:47330毫秒
2021-07-14 10:31:26: 
auxiliaryTimer_Tick开始执行经过时间:85685毫秒
2021-07-14 10:31:52: 新远程连接: 192.168.1.121:26081, 当前总共: 1
2021-07-14 10:31:52: 远程连接关闭: 192.168.1.121:26081, 当前总共: 1, 原因1:[0]Success, 原因2:
2021-07-14 10:31:52: 新远程连接: 192.168.1.121:26083, 当前总共: 1
2021-07-14 10:35:06: 远程连接关闭: 192.168.1.121:26083, 当前总共: 1, 原因1:CMD=CMD_LOG_OUT, 原因2:
2021-07-14 10:35:31: 
auxiliaryTimer_Tick开始执行经过时间:6136毫秒
2021-07-14 10:38:21: 
auxiliaryTimer_Tick开始执行经过时间:45173毫秒
2021-07-14 10:38:47: 新远程连接: 192.168.1.121:26827, 当前总共: 1
2021-07-14 10:38:47: 远程连接关闭: 192.168.1.121:26827, 当前总共: 1, 原因1:[0]Success, 原因2:
2021-07-14 10:38:47: 新远程连接: 192.168.1.121:26828, 当前总共: 1
2021-07-14 10:40:10: 
auxiliaryTimer_Tick开始执行经过时间:10469毫秒
2021-07-14 10:50:14: 
auxiliaryTimer_Tick开始执行经过时间:44857毫秒
2021-07-14 10:50:46: 新远程连接: 192.168.1.121:10390, 当前总共: 1
2021-07-14 10:50:46: 远程连接关闭: 192.168.1.121:10390, 当前总共: 1, 原因1:[0]Success, 原因2:
2021-07-14 10:50:46: 新远程连接: 192.168.1.121:10392, 当前总共: 1
2021-07-14 10:51:39: 远程连接关闭: 192.168.1.121:10392, 当前总共: 1, 原因1:CMD=CMD_LOG_OUT, 原因2:
2021-07-14 10:55:19: 
auxiliaryTimer_Tick开始执行经过时间:45808毫秒
2021-07-14 10:56:02: 新远程连接: 192.168.1.121:10937, 当前总共: 1
2021-07-14 10:56:02: 远程连接关闭: 192.168.1.121:10937, 当前总共: 1, 原因1:[0]Success, 原因2:
2021-07-14 10:56:02: 新远程连接: 192.168.1.121:10938, 当前总共: 1
2021-07-14 10:57:38: 
auxiliaryTimer_Tick开始执行经过时间:3254毫秒
2021-07-14 10:57:38: spriteDBWorker_DoWork 消耗:1269毫秒
2021-07-14 10:57:44: 
auxiliaryTimer_Tick开始执行经过时间:2629毫秒
2021-07-14 10:57:47: 
auxiliaryTimer_Tick开始执行经过时间:1332毫秒
2021-07-14 10:57:48: spriteDBWorker_DoWork 消耗:1340毫秒
2021-07-14 10:57:50: 
auxiliaryTimer_Tick开始执行经过时间:1251毫秒
2021-07-14 10:57:53: 
auxiliaryTimer_Tick开始执行经过时间:2363毫秒
2021-07-14 10:57:53: spriteDBWorker_DoWork 消耗:2552毫秒
2021-07-14 10:58:40: 
auxiliaryTimer_Tick开始执行经过时间:29862毫秒
2021-07-14 10:58:40: 新远程连接: 192.168.1.121:11224, 当前总共: 2
2021-07-14 10:58:40: TÀI KHOẢN ĐÃ LOGIN NƠI KHÁCCCCCCCC, Client=192.168.1.121:11224 , UserName=thanh07
2021-07-14 10:58:40: 用户登陆时, 判断用户账号已经在线，强迫上次的登录断线..., Client=192.168.1.121:11224 , UserName=thanh07
2021-07-14 10:58:40: TcpInPacket.WriteData 检查到socket为null, 可能是别的线程关闭了该socket后重置TcpInPacket, 当前消息(极有可能不准):CMD_SPR_POSITION[112]
2021-07-14 10:58:40: 未与客户端建立会话: CMD_SPR_POSITION,, 错误码:0, 关闭连接
2021-07-14 10:58:41: 远程连接关闭: 未知, 当前总共: 1, 原因1:CMD=CMD_UNKNOWN, 原因2:RoleID=200065, RoleName=thanh06, 强制关闭:被顶掉了
2021-07-14 10:58:45: 
auxiliaryTimer_Tick开始执行经过时间:4649毫秒
2021-07-14 10:58:47: 新远程连接: 192.168.1.121:11239, 当前总共: 2
2021-07-14 10:58:47: 远程连接关闭: 192.168.1.121:11224, 当前总共: 2, 原因1:CMD=CMD_LOG_OUT, 原因2:
2021-07-14 10:59:48: 
auxiliaryTimer_Tick开始执行经过时间:6786毫秒
2021-07-14 10:59:54: 
auxiliaryTimer_Tick开始执行经过时间:4986毫秒
2021-07-14 10:59:54: spriteDBWorker_DoWork 消耗:4995毫秒
2021-07-14 10:59:55: 
auxiliaryTimer_Tick开始执行经过时间:1053毫秒
2021-07-14 10:59:57: 
auxiliaryTimer_Tick开始执行经过时间:1345毫秒
2021-07-14 10:59:57: spriteDBWorker_DoWork 消耗:2041毫秒
2021-07-14 11:00:01: 
auxiliaryTimer_Tick开始执行经过时间:3559毫秒
2021-07-14 11:00:05: spriteDBWorker_DoWork 消耗:3914毫秒
2021-07-14 11:00:05: 
auxiliaryTimer_Tick开始执行经过时间:3249毫秒
2021-07-14 11:00:11: 
auxiliaryTimer_Tick开始执行经过时间:1798毫秒
2021-07-14 11:00:11: spriteDBWorker_DoWork 消耗:2530毫秒
2021-07-14 11:00:32: 
auxiliaryTimer_Tick开始执行经过时间:21617毫秒
2021-07-14 11:00:33: spriteDBWorker_DoWork 消耗:21613毫秒
2021-07-14 11:00:33: DoSpritesMapGridMove, 序号:2 消耗:21206毫秒
2021-07-14 11:00:40: 
auxiliaryTimer_Tick开始执行经过时间:3179毫秒
2021-07-14 11:00:42: 
auxiliaryTimer_Tick开始执行经过时间:2035毫秒
2021-07-14 11:00:44: 
auxiliaryTimer_Tick开始执行经过时间:1645毫秒
2021-07-14 11:00:45: spriteDBWorker_DoWork 消耗:2083毫秒
2021-07-14 11:01:07: 
auxiliaryTimer_Tick开始执行经过时间:4442毫秒
2021-07-14 11:01:50: 
auxiliaryTimer_Tick开始执行经过时间:9077毫秒
2021-07-14 11:01:53: 
auxiliaryTimer_Tick开始执行经过时间:2059毫秒
2021-07-14 11:01:56: 
auxiliaryTimer_Tick开始执行经过时间:2662毫秒
2021-07-14 11:01:59: 
auxiliaryTimer_Tick开始执行经过时间:1229毫秒
2021-07-14 11:02:02: 
auxiliaryTimer_Tick开始执行经过时间:2777毫秒
2021-07-14 11:02:02: spriteDBWorker_DoWork 消耗:2790毫秒
2021-07-14 11:04:26: 
auxiliaryTimer_Tick开始执行经过时间:16425毫秒
2021-07-14 11:04:59: 新远程连接: 192.168.1.121:11937, 当前总共: 1
2021-07-14 11:05:00: 远程连接关闭: 192.168.1.121:11937, 当前总共: 1, 原因1:[0]Success, 原因2:
2021-07-14 11:05:00: 新远程连接: 192.168.1.121:11938, 当前总共: 1
2021-07-14 11:05:21: 
auxiliaryTimer_Tick开始执行经过时间:5114毫秒
2021-07-14 11:05:34: 远程连接关闭: 192.168.1.121:11938, 当前总共: 1, 原因1:CMD=CMD_LOG_OUT, 原因2:
2021-07-14 11:06:22: 
auxiliaryTimer_Tick开始执行经过时间:17211毫秒
2021-07-14 11:06:58: 新远程连接: 192.168.1.121:12190, 当前总共: 1
2021-07-14 11:06:58: 远程连接关闭: 192.168.1.121:12190, 当前总共: 1, 原因1:[0]Success, 原因2:
2021-07-14 11:06:58: 新远程连接: 192.168.1.121:12194, 当前总共: 1
2021-07-14 11:07:29: 
auxiliaryTimer_Tick开始执行经过时间:5439毫秒
2021-07-14 11:13:30: 
auxiliaryTimer_Tick开始执行经过时间:16920毫秒
2021-07-14 11:14:51: 新远程连接: 192.168.1.121:12981, 当前总共: 1
2021-07-14 11:14:51: 远程连接关闭: 192.168.1.121:12981, 当前总共: 1, 原因1:[0]Success, 原因2:
2021-07-14 11:14:51: 新远程连接: 192.168.1.121:12983, 当前总共: 1
2021-07-14 11:15:39: 
auxiliaryTimer_Tick开始执行经过时间:4532毫秒
2021-07-14 11:16:08: 
auxiliaryTimer_Tick开始执行经过时间:7173毫秒
2021-07-14 11:16:13: 
auxiliaryTimer_Tick开始执行经过时间:1446毫秒
2021-07-14 11:16:39: 
auxiliaryTimer_Tick开始执行经过时间:6199毫秒
2021-07-14 11:17:06: 
auxiliaryTimer_Tick开始执行经过时间:2140毫秒
2021-07-14 11:17:08: 
auxiliaryTimer_Tick开始执行经过时间:1582毫秒
2021-07-14 11:17:08: spriteDBWorker_DoWork 消耗:1593毫秒
2021-07-14 11:17:11: 
auxiliaryTimer_Tick开始执行经过时间:2295毫秒
2021-07-14 11:17:22: 远程连接关闭: 192.168.1.121:12983, 当前总共: 1, 原因1:CMD=CMD_LOG_OUT, 原因2:
2021-07-14 11:21:13: 新远程连接: 192.168.1.121:1780, 当前总共: 1
2021-07-14 11:21:13: 远程连接关闭: 192.168.1.121:1780, 当前总共: 1, 原因1:[0]Success, 原因2:
2021-07-14 11:21:13: 新远程连接: 192.168.1.121:1781, 当前总共: 1
2021-07-14 11:21:23: 
auxiliaryTimer_Tick开始执行经过时间:4275毫秒
2021-07-14 11:21:34: 
auxiliaryTimer_Tick开始执行经过时间:5743毫秒
2021-07-14 11:21:34: spriteDBWorker_DoWork 消耗:5770毫秒
2021-07-14 11:21:36: 
auxiliaryTimer_Tick开始执行经过时间:1514毫秒
2021-07-14 11:21:42: 
auxiliaryTimer_Tick开始执行经过时间:6104毫秒
2021-07-14 11:21:42: spriteDBWorker_DoWork 消耗:6109毫秒
2021-07-14 11:22:00: 
auxiliaryTimer_Tick开始执行经过时间:16548毫秒
2021-07-14 11:22:01: 
auxiliaryTimer_Tick开始执行经过时间:1008毫秒
2021-07-14 11:22:02: spriteDBWorker_DoWork 消耗:18400毫秒
2021-07-14 11:22:10: 
auxiliaryTimer_Tick开始执行经过时间:6547毫秒
2021-07-14 11:22:12: 
auxiliaryTimer_Tick开始执行经过时间:2132毫秒
2021-07-14 11:22:12: spriteDBWorker_DoWork 消耗:8684毫秒
2021-07-14 11:22:15: 
auxiliaryTimer_Tick开始执行经过时间:3391毫秒
2021-07-14 11:22:17: 
auxiliaryTimer_Tick开始执行经过时间:1181毫秒
2021-07-14 11:22:17: spriteDBWorker_DoWork 消耗:1657毫秒
2021-07-14 11:22:20: 
auxiliaryTimer_Tick开始执行经过时间:1339毫秒
2021-07-14 11:22:27: 
auxiliaryTimer_Tick开始执行经过时间:7241毫秒
2021-07-14 11:22:28: spriteDBWorker_DoWork 消耗:10390毫秒
2021-07-14 11:22:30: 
auxiliaryTimer_Tick开始执行经过时间:1647毫秒
2021-07-14 11:22:32: 
auxiliaryTimer_Tick开始执行经过时间:1304毫秒
2021-07-14 11:22:35: spriteDBWorker_DoWork 消耗:2310毫秒
2021-07-14 11:22:37: spriteDBWorker_DoWork 消耗:1723毫秒
2021-07-14 11:22:43: 
auxiliaryTimer_Tick开始执行经过时间:2021毫秒
2021-07-14 11:22:47: 
auxiliaryTimer_Tick开始执行经过时间:3575毫秒
2021-07-14 11:22:49: spriteDBWorker_DoWork 消耗:5925毫秒
2021-07-14 11:22:49: 
auxiliaryTimer_Tick开始执行经过时间:2356毫秒
2021-07-14 11:22:58: 远程连接关闭: 192.168.1.121:1781, 当前总共: 1, 原因1:CMD=CMD_LOG_OUT, 原因2:
2021-07-14 11:24:41: 
auxiliaryTimer_Tick开始执行经过时间:19748毫秒
2021-07-14 11:39:26: 
auxiliaryTimer_Tick开始执行经过时间:18738毫秒
2021-07-14 11:39:35: 新远程连接: 192.168.1.121:3871, 当前总共: 1
2021-07-14 11:39:35: 远程连接关闭: 192.168.1.121:3871, 当前总共: 1, 原因1:[0]Success, 原因2:
2021-07-14 11:39:36: 新远程连接: 192.168.1.121:3873, 当前总共: 1
2021-07-14 11:44:47: 
auxiliaryTimer_Tick开始执行经过时间:18088毫秒
2021-07-14 11:44:50: 新远程连接: 192.168.1.121:4502, 当前总共: 1
2021-07-14 11:48:49: 
auxiliaryTimer_Tick开始执行经过时间:17193毫秒
2021-07-14 11:51:39: 新远程连接: 192.168.1.121:5252, 当前总共: 1
2021-07-14 11:51:39: 远程连接关闭: 192.168.1.121:5252, 当前总共: 1, 原因1:[0]Success, 原因2:
2021-07-14 11:51:40: 新远程连接: 192.168.1.121:5255, 当前总共: 1
2021-07-14 11:52:27: 
auxiliaryTimer_Tick开始执行经过时间:4800毫秒
2021-07-14 11:53:59: 
auxiliaryTimer_Tick开始执行经过时间:4630毫秒
2021-07-14 11:54:02: spriteDBWorker_DoWork 消耗:1415毫秒
2021-07-14 11:54:02: 
auxiliaryTimer_Tick开始执行经过时间:1913毫秒
2021-07-14 11:54:25: 
auxiliaryTimer_Tick开始执行经过时间:7872毫秒
2021-07-14 11:54:32: 
auxiliaryTimer_Tick开始执行经过时间:4295毫秒
2021-07-14 11:54:49: 
auxiliaryTimer_Tick开始执行经过时间:7570毫秒
2021-07-14 11:55:27: 
auxiliaryTimer_Tick开始执行经过时间:18477毫秒
2021-07-14 11:55:30: 新远程连接: 192.168.1.121:1045, 当前总共: 1
2021-07-14 11:56:09: 
auxiliaryTimer_Tick开始执行经过时间:3048毫秒
2021-07-14 11:56:55: DoSpritesMapGridMove, 序号:1 消耗:2159毫秒
2021-07-14 11:56:55: DoSpritesMapGridMove, 序号:0 消耗:2159毫秒
2021-07-14 11:56:55: 
auxiliaryTimer_Tick开始执行经过时间:2432毫秒
2021-07-14 11:57:18: 
auxiliaryTimer_Tick开始执行经过时间:21556毫秒
2021-07-14 11:57:20: 
auxiliaryTimer_Tick开始执行经过时间:1373毫秒
2021-07-14 11:57:20: spriteDBWorker_DoWork 消耗:1375毫秒
2021-07-14 11:57:23: 
auxiliaryTimer_Tick开始执行经过时间:1199毫秒
2021-07-14 11:57:23: spriteDBWorker_DoWork 消耗:2568毫秒
2021-07-14 11:57:26: 
auxiliaryTimer_Tick开始执行经过时间:2286毫秒
2021-07-14 12:01:18: 
auxiliaryTimer_Tick开始执行经过时间:16390毫秒
2021-07-14 12:01:58: 新远程连接: 192.168.1.121:1691, 当前总共: 1
2021-07-14 12:01:58: 远程连接关闭: 192.168.1.121:1691, 当前总共: 1, 原因1:[0]Success, 原因2:
2021-07-14 12:01:58: 新远程连接: 192.168.1.121:1692, 当前总共: 1
2021-07-14 12:02:29: 
auxiliaryTimer_Tick开始执行经过时间:4042毫秒
2021-07-14 12:04:22: 
auxiliaryTimer_Tick开始执行经过时间:16474毫秒
2021-07-14 12:04:58: 
auxiliaryTimer_Tick开始执行经过时间:16542毫秒
2021-07-14 12:05:29: 新远程连接: 192.168.1.121:2066, 当前总共: 1
2021-07-14 12:05:29: 远程连接关闭: 192.168.1.121:2066, 当前总共: 1, 原因1:[0]Success, 原因2:
2021-07-14 12:05:29: 新远程连接: 192.168.1.121:2067, 当前总共: 1
2021-07-14 12:05:47: 
auxiliaryTimer_Tick开始执行经过时间:2492毫秒
2021-07-14 12:05:51: 
auxiliaryTimer_Tick开始执行经过时间:2384毫秒
2021-07-14 12:06:27: 
auxiliaryTimer_Tick开始执行经过时间:3566毫秒
2021-07-14 12:06:42: 
auxiliaryTimer_Tick开始执行经过时间:3983毫秒
2021-07-14 12:06:42: spriteDBWorker_DoWork 消耗:3998毫秒
2021-07-14 12:07:05: 
auxiliaryTimer_Tick开始执行经过时间:12286毫秒
2021-07-14 12:07:19: 
auxiliaryTimer_Tick开始执行经过时间:1239毫秒
2021-07-14 12:07:22: 
auxiliaryTimer_Tick开始执行经过时间:1596毫秒
2021-07-14 12:55:10: 
auxiliaryTimer_Tick开始执行经过时间:17462毫秒
2021-07-14 12:57:33: 新远程连接: 192.168.1.121:1250, 当前总共: 1
2021-07-14 12:57:33: 远程连接关闭: 192.168.1.121:1250, 当前总共: 1, 原因1:[0]Success, 原因2:
2021-07-14 12:57:34: 新远程连接: 192.168.1.121:1252, 当前总共: 1
2021-07-14 12:58:51: 
auxiliaryTimer_Tick开始执行经过时间:19316毫秒
2021-07-14 12:58:54: 新远程连接: 192.168.1.121:1394, 当前总共: 1
2021-07-14 12:59:09: 
auxiliaryTimer_Tick开始执行经过时间:3943毫秒
2021-07-14 13:02:09: 
auxiliaryTimer_Tick开始执行经过时间:9083毫秒
2021-07-14 13:02:12: 
auxiliaryTimer_Tick开始执行经过时间:1395毫秒
2021-07-14 13:02:14: 
auxiliaryTimer_Tick开始执行经过时间:1113毫秒
2021-07-14 13:02:14: spriteDBWorker_DoWork 消耗:1128毫秒
2021-07-14 13:02:21: 
auxiliaryTimer_Tick开始执行经过时间:2558毫秒
2021-07-14 13:02:41: 
auxiliaryTimer_Tick开始执行经过时间:18904毫秒
2021-07-14 13:02:41: spriteDBWorker_DoWork 消耗:18911毫秒
2021-07-14 13:02:45: 
auxiliaryTimer_Tick开始执行经过时间:2857毫秒
2021-07-14 13:02:45: spriteDBWorker_DoWork 消耗:2870毫秒
2021-07-14 13:03:20: 
auxiliaryTimer_Tick开始执行经过时间:23798毫秒
2021-07-14 13:03:21: 新远程连接: 192.168.1.121:1890, 当前总共: 2
2021-07-14 13:03:21: TÀI KHOẢN ĐÃ LOGIN NƠI KHÁCCCCCCCC, Client=192.168.1.121:1890 , UserName=thanh07
2021-07-14 13:03:21: 远程连接关闭: 192.168.1.121:1394, 当前总共: 2, 原因1:CMD=CMD_LOG_OUT, 原因2:
2021-07-14 13:03:21: ClientManager::RemoveClient nid=-1 out range
2021-07-14 13:03:21: 用户登陆时, 判断用户账号已经在线，强迫上次的登录断线..., Client=192.168.1.121:1890 , UserName=thanh07
2021-07-14 13:03:22: 远程连接关闭: 192.168.1.121:1890, 当前总共: 1, 原因1:CMD=CMD_LOG_OUT, 原因2:
2021-07-14 13:03:22: 新远程连接: 192.168.1.121:1891, 当前总共: 1
2021-07-14 13:03:35: 远程连接关闭: 192.168.1.121:1891, 当前总共: 1, 原因1:CMD=CMD_LOG_OUT, 原因2:
2021-07-14 13:11:00: 
auxiliaryTimer_Tick开始执行经过时间:17343毫秒
2021-07-14 13:11:32: 新远程连接: 192.168.1.121:1207, 当前总共: 1
2021-07-14 13:11:32: 远程连接关闭: 192.168.1.121:1207, 当前总共: 1, 原因1:[0]Success, 原因2:
2021-07-14 13:11:32: 新远程连接: 192.168.1.121:1208, 当前总共: 1
2021-07-14 13:11:33: 远程连接关闭: 192.168.1.121:1208, 当前总共: 1, 原因1:CMD=CMD_LOG_OUT, 原因2:
2021-07-14 13:11:40: 新远程连接: 192.168.1.121:1224, 当前总共: 1
2021-07-14 13:11:40: 远程连接关闭: 192.168.1.121:1224, 当前总共: 1, 原因1:[0]Success, 原因2:
2021-07-14 13:11:40: 新远程连接: 192.168.1.121:1225, 当前总共: 1
2021-07-14 13:13:38: 
auxiliaryTimer_Tick开始执行经过时间:19427毫秒
2021-07-14 13:17:51: 
auxiliaryTimer_Tick开始执行经过时间:25927毫秒
2021-07-14 13:17:54: 新远程连接: 192.168.1.121:10555, 当前总共: 1
2021-07-14 13:18:04: 远程连接关闭: 192.168.1.121:10555, 当前总共: 1, 原因1:CMD=CMD_LOG_OUT, 原因2:
2021-07-14 13:18:41: 新远程连接: 192.168.1.121:10671, 当前总共: 1
2021-07-14 13:18:42: 远程连接关闭: 192.168.1.121:10671, 当前总共: 1, 原因1:[0]Success, 原因2:
2021-07-14 13:18:42: 新远程连接: 192.168.1.121:10672, 当前总共: 1
2021-07-14 13:19:31: 
auxiliaryTimer_Tick开始执行经过时间:9346毫秒
2021-07-14 13:19:43: 
auxiliaryTimer_Tick开始执行经过时间:10747毫秒
2021-07-14 13:19:46: 
auxiliaryTimer_Tick开始执行经过时间:2120毫秒
2021-07-14 13:19:46: spriteDBWorker_DoWork 消耗:1646毫秒
2021-07-14 13:19:48: 
auxiliaryTimer_Tick开始执行经过时间:1159毫秒
2021-07-14 13:19:48: spriteDBWorker_DoWork 消耗:1159毫秒
2021-07-14 13:19:52: 
auxiliaryTimer_Tick开始执行经过时间:2841毫秒
2021-07-14 13:20:22: 
auxiliaryTimer_Tick开始执行经过时间:3983毫秒
2021-07-14 13:20:27: 
auxiliaryTimer_Tick开始执行经过时间:3168毫秒
2021-07-14 13:20:27: spriteDBWorker_DoWork 消耗:3153毫秒
2021-07-14 13:20:54: 
auxiliaryTimer_Tick开始执行经过时间:4267毫秒
2021-07-14 13:21:12: 
auxiliaryTimer_Tick开始执行经过时间:4686毫秒
2021-07-14 13:21:52: 
auxiliaryTimer_Tick开始执行经过时间:4009毫秒
2021-07-14 13:21:58: 
auxiliaryTimer_Tick开始执行经过时间:2221毫秒
2021-07-14 13:23:03: 
auxiliaryTimer_Tick开始执行经过时间:11159毫秒
2021-07-14 13:23:14: 
auxiliaryTimer_Tick开始执行经过时间:8522毫秒
2021-07-14 13:23:15: spriteDBWorker_DoWork 消耗:8888毫秒
2021-07-14 13:23:20: 
auxiliaryTimer_Tick开始执行经过时间:2400毫秒
2021-07-14 13:23:34: 
auxiliaryTimer_Tick开始执行经过时间:2263毫秒
2021-07-14 13:23:35: spriteDBWorker_DoWork 消耗:1170毫秒
2021-07-14 13:23:38: 
auxiliaryTimer_Tick开始执行经过时间:1474毫秒
2021-07-14 13:23:39: 
auxiliaryTimer_Tick开始执行经过时间:1103毫秒
2021-07-14 13:23:54: 
auxiliaryTimer_Tick开始执行经过时间:13063毫秒
2021-07-14 13:23:58: 
auxiliaryTimer_Tick开始执行经过时间:2804毫秒
2021-07-14 13:24:01: 
auxiliaryTimer_Tick开始执行经过时间:2840毫秒
2021-07-14 13:24:25: 
auxiliaryTimer_Tick开始执行经过时间:4785毫秒
2021-07-14 13:24:27: 
auxiliaryTimer_Tick开始执行经过时间:2046毫秒
2021-07-14 13:25:07: 
auxiliaryTimer_Tick开始执行经过时间:7844毫秒
2021-07-14 13:25:11: 
auxiliaryTimer_Tick开始执行经过时间:3232毫秒
2021-07-14 13:25:11: spriteDBWorker_DoWork 消耗:4678毫秒
2021-07-14 13:25:51: 
auxiliaryTimer_Tick开始执行经过时间:2410毫秒
2021-07-14 13:25:55: 
auxiliaryTimer_Tick开始执行经过时间:3392毫秒
2021-07-14 13:26:58: 
auxiliaryTimer_Tick开始执行经过时间:17420毫秒
2021-07-14 13:28:03: 新远程连接: 192.168.1.121:1515, 当前总共: 1
2021-07-14 13:28:03: 远程连接关闭: 192.168.1.121:1515, 当前总共: 1, 原因1:[0]Success, 原因2:
2021-07-14 13:28:04: 新远程连接: 192.168.1.121:1519, 当前总共: 1
2021-07-14 13:57:07: 
auxiliaryTimer_Tick开始执行经过时间:16809毫秒
2021-07-14 13:58:10: 新远程连接: 192.168.1.121:1277, 当前总共: 1
2021-07-14 13:58:10: 远程连接关闭: 192.168.1.121:1277, 当前总共: 1, 原因1:[0]Success, 原因2:
2021-07-14 13:58:10: 新远程连接: 192.168.1.121:1280, 当前总共: 1
2021-07-14 14:08:48: 远程连接关闭: 192.168.1.121:1280, 当前总共: 1, 原因1:CMD=CMD_LOG_OUT, 原因2:
2021-07-14 14:17:14: 
auxiliaryTimer_Tick开始执行经过时间:14279毫秒
2021-07-14 14:18:01: 
auxiliaryTimer_Tick开始执行经过时间:13102毫秒
2021-07-14 14:22:53: 
auxiliaryTimer_Tick开始执行经过时间:13483毫秒
2021-07-14 14:24:05: 
auxiliaryTimer_Tick开始执行经过时间:15300毫秒
2021-07-14 14:24:19: DoSpritesMapGridMove, 序号:4 消耗:1980毫秒
2021-07-14 14:24:19: 
auxiliaryTimer_Tick开始执行经过时间:2232毫秒
2021-07-14 14:24:20: DoSpritesMapGridMove, 序号:2 消耗:3131毫秒
2021-07-14 14:24:20: DoSpritesMapGridMove, 序号:0 消耗:1152毫秒
2021-07-14 14:24:20: DoSpritesMapGridMove, 序号:1 消耗:1152毫秒
2021-07-14 14:24:20: 
auxiliaryTimer_Tick开始执行经过时间:1342毫秒
2021-07-14 14:24:20: DoSpritesMapGridMove, 序号:4 消耗:1342毫秒
2021-07-14 14:24:21: DoSpritesMapGridMove, 序号:3 消耗:1058毫秒
2021-07-14 14:24:23: 
auxiliaryTimer_Tick开始执行经过时间:1872毫秒
2021-07-14 14:24:23: DoSpritesMapGridMove, 序号:3 消耗:2337毫秒
2021-07-14 14:24:23: DoSpritesMapGridMove, 序号:4 消耗:2338毫秒
2021-07-14 14:24:23: DoSpritesMapGridMove, 序号:2 消耗:1898毫秒
2021-07-14 14:24:45: 
auxiliaryTimer_Tick开始执行经过时间:7149毫秒
2021-07-14 14:24:47: 
auxiliaryTimer_Tick开始执行经过时间:2045毫秒
2021-07-14 14:24:51: 
auxiliaryTimer_Tick开始执行经过时间:4337毫秒
2021-07-14 14:24:54: 
auxiliaryTimer_Tick开始执行经过时间:3172毫秒
