2021-07-14 08:51:40: [Dương Châu] Stating Battle OK!
2021-07-14 08:51:40: [Phượng Tường] Stating Battle OK!
2021-07-14 08:51:40: [Tương Dương] Stating Battle OK!
2021-07-14 08:55:57: [Dương Châu] Stating Battle OK!
2021-07-14 08:55:57: [Phượng Tường] Stating Battle OK!
2021-07-14 08:55:57: [Tương Dương] Stating Battle OK!
2021-07-14 08:58:07: [Dương Châu] Stating Battle OK!
2021-07-14 08:58:07: [Phượng Tường] Stating Battle OK!
2021-07-14 08:58:07: [Tương Dương] Stating Battle OK!
2021-07-14 08:59:56: [Dương Châu] Stating Battle OK!
2021-07-14 08:59:56: [Phượng Tường] Stating Battle OK!
2021-07-14 08:59:56: [Tương Dương] Stating Battle OK!
2021-07-14 09:45:00: [Dương Châu] Stating Battle OK!
2021-07-14 09:45:00: [Phượng Tường] Stating Battle OK!
2021-07-14 09:45:00: [Tương Dương] Stating Battle OK!
2021-07-14 09:48:06: [Dương Châu] Stating Battle OK!
2021-07-14 09:48:06: [Phượng Tường] Stating Battle OK!
2021-07-14 09:48:06: [Tương Dương] Stating Battle OK!
2021-07-14 09:49:06: [Dương Châu] Stating Battle OK!
2021-07-14 09:49:06: [Phượng Tường] Stating Battle OK!
2021-07-14 09:49:06: [Tương Dương] Stating Battle OK!
2021-07-14 10:08:25: [Dương Châu] Stating Battle OK!
2021-07-14 10:08:25: [Phượng Tường] Stating Battle OK!
2021-07-14 10:08:25: [Tương Dương] Stating Battle OK!
2021-07-14 10:24:57: [Dương Châu] Stating Battle OK!
2021-07-14 10:24:57: [Phượng Tường] Stating Battle OK!
2021-07-14 10:24:57: [Tương Dương] Stating Battle OK!
2021-07-14 10:29:27: [Dương Châu] Stating Battle OK!
2021-07-14 10:29:27: [Phượng Tường] Stating Battle OK!
2021-07-14 10:29:27: [Tương Dương] Stating Battle OK!
2021-07-14 10:38:21: [Dương Châu] Stating Battle OK!
2021-07-14 10:38:21: [Phượng Tường] Stating Battle OK!
2021-07-14 10:38:21: [Tương Dương] Stating Battle OK!
2021-07-14 10:50:13: [Dương Châu] Stating Battle OK!
2021-07-14 10:50:13: [Phượng Tường] Stating Battle OK!
2021-07-14 10:50:13: [Tương Dương] Stating Battle OK!
2021-07-14 10:55:19: [Dương Châu] Stating Battle OK!
2021-07-14 10:55:19: [Phượng Tường] Stating Battle OK!
2021-07-14 10:55:19: [Tương Dương] Stating Battle OK!
2021-07-14 10:58:01: [Phượng Tường] Battle Change State ==> STATUS_PREPARE
2021-07-14 10:58:01: [Tương Dương] Battle Change State ==> STATUS_PREPARE
2021-07-14 10:58:01: [Dương Châu] Battle Change State ==> STATUS_PREPARE
2021-07-14 11:00:05: [Tương Dương] Battle Change State ==> STATUS_NULL
2021-07-14 11:00:05: [Phượng Tường] Battle Change State ==> STATUS_NULL
2021-07-14 11:00:05: [Dương Châu] Battle Change State ==> STATUS_NULL
2021-07-14 11:04:26: [Dương Châu] Stating Battle OK!
2021-07-14 11:04:26: [Phượng Tường] Stating Battle OK!
2021-07-14 11:04:26: [Tương Dương] Stating Battle OK!
2021-07-14 11:06:22: [Dương Châu] Stating Battle OK!
2021-07-14 11:06:22: [Phượng Tường] Stating Battle OK!
2021-07-14 11:06:22: [Tương Dương] Stating Battle OK!
2021-07-14 11:13:29: [Dương Châu] Stating Battle OK!
2021-07-14 11:13:29: [Phượng Tường] Stating Battle OK!
2021-07-14 11:13:29: [Tương Dương] Stating Battle OK!
2021-07-14 11:24:41: [Dương Châu] Stating Battle OK!
2021-07-14 11:24:41: [Phượng Tường] Stating Battle OK!
2021-07-14 11:24:41: [Tương Dương] Stating Battle OK!
2021-07-14 11:39:26: [Dương Châu] Stating Battle OK!
2021-07-14 11:39:26: [Phượng Tường] Stating Battle OK!
2021-07-14 11:39:26: [Tương Dương] Stating Battle OK!
2021-07-14 11:44:47: [Dương Châu] Stating Battle OK!
2021-07-14 11:44:47: [Phượng Tường] Stating Battle OK!
2021-07-14 11:44:47: [Tương Dương] Stating Battle OK!
2021-07-14 11:48:48: [Dương Châu] Stating Battle OK!
2021-07-14 11:48:48: [Phượng Tường] Stating Battle OK!
2021-07-14 11:48:48: [Tương Dương] Stating Battle OK!
2021-07-14 11:55:27: [Dương Châu] Stating Battle OK!
2021-07-14 11:55:27: [Phượng Tường] Stating Battle OK!
2021-07-14 11:55:27: [Tương Dương] Stating Battle OK!
2021-07-14 12:01:18: [Dương Châu] Stating Battle OK!
2021-07-14 12:01:18: [Phượng Tường] Stating Battle OK!
2021-07-14 12:01:18: [Tương Dương] Stating Battle OK!
2021-07-14 12:04:21: [Dương Châu] Stating Battle OK!
2021-07-14 12:04:21: [Phượng Tường] Stating Battle OK!
2021-07-14 12:04:21: [Tương Dương] Stating Battle OK!
2021-07-14 12:04:58: [Dương Châu] Stating Battle OK!
2021-07-14 12:04:58: [Phượng Tường] Stating Battle OK!
2021-07-14 12:04:58: [Tương Dương] Stating Battle OK!
2021-07-14 12:55:09: [Dương Châu] Stating Battle OK!
2021-07-14 12:55:09: [Phượng Tường] Stating Battle OK!
2021-07-14 12:55:09: [Tương Dương] Stating Battle OK!
2021-07-14 12:58:51: [Dương Châu] Stating Battle OK!
2021-07-14 12:58:51: [Phượng Tường] Stating Battle OK!
2021-07-14 12:58:51: [Tương Dương] Stating Battle OK!
2021-07-14 12:58:54: [Phượng Tường] Battle Change State ==> STATUS_PREPARE
2021-07-14 12:58:56: [Dương Châu] Battle Change State ==> STATUS_PREPARE
2021-07-14 12:58:57: [Tương Dương] Battle Change State ==> STATUS_PREPARE
2021-07-14 13:00:56: [Phượng Tường] Battle Change State ==> STATUS_NULL
2021-07-14 13:00:58: [Dương Châu] Battle Change State ==> STATUS_NULL
2021-07-14 13:00:58: [Tương Dương] Battle Change State ==> STATUS_NULL
2021-07-14 13:11:00: [Dương Châu] Stating Battle OK!
2021-07-14 13:11:00: [Phượng Tường] Stating Battle OK!
2021-07-14 13:11:00: [Tương Dương] Stating Battle OK!
2021-07-14 13:17:51: [Dương Châu] Stating Battle OK!
2021-07-14 13:17:51: [Phượng Tường] Stating Battle OK!
2021-07-14 13:17:51: [Tương Dương] Stating Battle OK!
2021-07-14 13:26:57: [Dương Châu] Stating Battle OK!
2021-07-14 13:26:57: [Phượng Tường] Stating Battle OK!
2021-07-14 13:26:57: [Tương Dương] Stating Battle OK!
2021-07-14 13:57:06: [Dương Châu] Stating Battle OK!
2021-07-14 13:57:06: [Phượng Tường] Stating Battle OK!
2021-07-14 13:57:06: [Tương Dương] Stating Battle OK!
2021-07-14 14:17:13: [Dương Châu] Stating Battle OK!
2021-07-14 14:17:13: [Phượng Tường] Stating Battle OK!
2021-07-14 14:17:13: [Tương Dương] Stating Battle OK!
2021-07-14 14:18:00: [Dương Châu] Stating Battle OK!
2021-07-14 14:18:00: [Phượng Tường] Stating Battle OK!
2021-07-14 14:18:00: [Tương Dương] Stating Battle OK!
2021-07-14 14:22:52: [Dương Châu] Stating Battle OK!
2021-07-14 14:22:52: [Phượng Tường] Stating Battle OK!
2021-07-14 14:22:52: [Tương Dương] Stating Battle OK!
2021-07-14 14:24:05: [Dương Châu] Stating Battle OK!
2021-07-14 14:24:05: [Phượng Tường] Stating Battle OK!
2021-07-14 14:24:05: [Tương Dương] Stating Battle OK!
